






































































































































































































































































































































































































































































































































































































































































































































































































































































































































































































































































































































































































































































































































































































































































































































































































































































































































































































































































































































































































































































































































































































































































































































































































































































































































































































































































































































































































































































































































































































































































































































































































































































































































































































































































































































































































































































































































































































































































































































































































































































































































































































































































































































































































































































































































































































































































































































































































































































































































































































































































































































































































































































































































































































































































































































































































































































































































































































































































































































































































































































































































































































































































































































































































































































































































































































































































































































































































































































































































































































































































































































































































































































































































































































































































































































































































































































































































































































































































































































































































































































































































































































































































































































































































































































































































































































































































































































































`{!
V{!
W{!
X{!
Y{!
Z{!
[{!
\{!
]{!
^{!
_{!











t{!
l{!
m{!
n{!
o{!
p{!
q{!
r{!
s{!







)|!
|{!
}{!
!|!
"|!
#|!
$|!
%|!
&|!
'|!
(|!











?|!
5|!
6|!
7|!
8|!
9|!
:|!
;|!
<|!
=|!
>|!











U|!
K|!
L|!
M|!
N|!
O|!
P|!
Q|!
R|!
S|!
T|!











k|!
a|!
b|!
c|!
d|!
e|!
f|!
g|!
h|!
i|!
j|!





































>}!
4}!
5}!
6}!
7}!
8}!
9}!
:}!
;}!
<}!
=}!











R}!
J}!
K}!
L}!
M}!
N}!
O}!
P}!
Q}!







d}!
Z}!
[}!
\}!
]}!
^}!
_}!
`}!
a}!
b}!
c}!











z}!
p}!
q}!
r}!
s}!
t}!
u}!
v}!
w}!
x}!
y}!











3!"
)!"
*!"
+!"
,!"
-!"
.!"
/!"
0!"
1!"
2!"











I!"
?!"
@!"
A!"
B!"
C!"
D!"
E!"
F!"
G!"
H!"



































u!"
m!"
n!"
o!"
p!"
q!"
r!"
s!"
t!"







*""
}!"
!""
"""
#""
$""
%""
&""
'""
(""
)""

































V""
L""
M""
N""
O""
P""
Q""
R""
S""
T""
U""











l""
b""
c""
d""
e""
f""
g""
h""
i""
j""
k""






































































































w#"
v#"
y#"
z#"
{#"
|#"
x#"


#$"
$$"
%$"
"$"

































































































































































































































































































































X'"
P'"
Q'"
R'"
S'"
T'"
U'"
V'"
W'"



















































9("
/("
0("
1("
2("
3("
4("
5("
6("
7("
8("











O("
E("
F("
G("
H("
I("
J("
K("
L("
M("
N("




















































































Q)"
G)"
H)"
I)"
J)"
K)"
L)"
M)"
N)"
O)"
P)"



























w)"
m)"
n)"
o)"
p)"
q)"
r)"
s)"
t)"
u)"
v)"

































F*"
<*"
=*"
>*"
?*"
@*"
A*"
B*"
C*"
D*"
E*"











\*"
R*"
S*"
T*"
U*"
V*"
W*"
X*"
Y*"
Z*"
[*"















v*"
l*"
m*"
n*"
o*"
p*"
q*"
r*"
s*"
t*"
u*"











-+"
%+"
&+"
'+"
(+"
)+"
*+"
++"
,+"







?+"
5+"
6+"
7+"
8+"
9+"
:+"
;+"
<+"
=+"
>+"











U+"
K+"
L+"
M+"
N+"
O+"
P+"
Q+"
R+"
S+"
T+"











k+"
a+"
b+"
c+"
d+"
e+"
f+"
g+"
h+"
i+"
j+"











$,"
w+"
x+"
y+"
z+"
{+"
|+"
}+"
!,"
","
#,"





































T,"
J,"
K,"
L,"
M,"
N,"
O,"
P,"
Q,"
R,"
S,"











h,"
`,"
a,"
b,"
c,"
d,"
e,"
f,"
g,"







z,"
p,"
q,"
r,"
s,"
t,"
u,"
v,"
w,"
x,"
y,"











3-"
)-"
*-"
+-"
,-"
--"
.-"
/-"
0-"
1-"
2-"











I-"
?-"
@-"
A-"
B-"
C-"
D-"
E-"
F-"
G-"
H-"











_-"
U-"
V-"
W-"
X-"
Y-"
Z-"
[-"
\-"
]-"
^-"



































.."
&."
'."
(."
)."
*."
+."
,."
-."







@."
6."
7."
8."
9."
:."
;."
<."
=."
>."
?."

































l."
b."
c."
d."
e."
f."
g."
h."
i."
j."
k."











%/"
x."
y."
z."
{."
|."
}."
!/"
"/"
#/"
$/"






































































































00"
/0"
20"
30"
40"
50"
10"


90"
:0"
;0"
80"

































































































































































































































































































































n3"
f3"
g3"
h3"
i3"
j3"
k3"
l3"
m3"



















































O4"
E4"
F4"
G4"
H4"
I4"
J4"
K4"
L4"
M4"
N4"











e4"
[4"
\4"
]4"
^4"
_4"
`4"
a4"
b4"
c4"
d4"




















































































g5"
]5"
^5"
_5"
`5"
a5"
b5"
c5"
d5"
e5"
f5"



























06"
&6"
'6"
(6"
)6"
*6"
+6"
,6"
-6"
.6"
/6"

































\6"
R6"
S6"
T6"
U6"
V6"
W6"
X6"
Y6"
Z6"
[6"











r6"
h6"
i6"
j6"
k6"
l6"
m6"
n6"
o6"
p6"
q6"















/7"
%7"
&7"
'7"
(7"
)7"
*7"
+7"
,7"
-7"
.7"











C7"
;7"
<7"
=7"
>7"
?7"
@7"
A7"
B7"







U7"
K7"
L7"
M7"
N7"
O7"
P7"
Q7"
R7"
S7"
T7"











k7"
a7"
b7"
c7"
d7"
e7"
f7"
g7"
h7"
i7"
j7"











$8"
w7"
x7"
y7"
z7"
{7"
|7"
}7"
!8"
"8"
#8"











:8"
08"
18"
28"
38"
48"
58"
68"
78"
88"
98"





































j8"
`8"
a8"
b8"
c8"
d8"
e8"
f8"
g8"
h8"
i8"











!9"
v8"
w8"
x8"
y8"
z8"
{8"
|8"
}8"







39"
)9"
*9"
+9"
,9"
-9"
.9"
/9"
09"
19"
29"











I9"
?9"
@9"
A9"
B9"
C9"
D9"
E9"
F9"
G9"
H9"











_9"
U9"
V9"
W9"
X9"
Y9"
Z9"
[9"
\9"
]9"
^9"











u9"
k9"
l9"
m9"
n9"
o9"
p9"
q9"
r9"
s9"
t9"



































D:"
<:"
=:"
>:"
?:"
@:"
A:"
B:"
C:"







V:"
L:"
M:"
N:"
O:"
P:"
Q:"
R:"
S:"
T:"
U:"

































%;"
x:"
y:"
z:"
{:"
|:"
}:"
!;"
";"
#;"
$;"











;;"
1;"
2;"
3;"
4;"
5;"
6;"
7;"
8;"
9;"
:;"






































































































F<"
E<"
H<"
I<"
J<"
K<"
G<"


O<"
P<"
Q<"
N<"

































































































































































































































































































































'@"
|?"
}?"
!@"
"@"
#@"
$@"
%@"
&@"



















































e@"
[@"
\@"
]@"
^@"
_@"
`@"
a@"
b@"
c@"
d@"











{@"
q@"
r@"
s@"
t@"
u@"
v@"
w@"
x@"
y@"
z@"




















































































}A"
sA"
tA"
uA"
vA"
wA"
xA"
yA"
zA"
{A"
|A"



























FB"
<B"
=B"
>B"
?B"
@B"
AB"
BB"
CB"
DB"
EB"

































rB"
hB"
iB"
jB"
kB"
lB"
mB"
nB"
oB"
pB"
qB"











+C"
!C"
"C"
#C"
$C"
%C"
&C"
'C"
(C"
)C"
*C"















EC"
;C"
<C"
=C"
>C"
?C"
@C"
AC"
BC"
CC"
DC"











YC"
QC"
RC"
SC"
TC"
UC"
VC"
WC"
XC"







kC"
aC"
bC"
cC"
dC"
eC"
fC"
gC"
hC"
iC"
jC"











$D"
wC"
xC"
yC"
zC"
{C"
|C"
}C"
!D"
"D"
#D"











:D"
0D"
1D"
2D"
3D"
4D"
5D"
6D"
7D"
8D"
9D"











PD"
FD"
GD"
HD"
ID"
JD"
KD"
LD"
MD"
ND"
OD"





































#E"
vD"
wD"
xD"
yD"
zD"
{D"
|D"
}D"
!E"
"E"











7E"
/E"
0E"
1E"
2E"
3E"
4E"
5E"
6E"







IE"
?E"
@E"
AE"
BE"
CE"
DE"
EE"
FE"
GE"
HE"











_E"
UE"
VE"
WE"
XE"
YE"
ZE"
[E"
\E"
]E"
^E"











uE"
kE"
lE"
mE"
nE"
oE"
pE"
qE"
rE"
sE"
tE"











.F"
$F"
%F"
&F"
'F"
(F"
)F"
*F"
+F"
,F"
-F"



































ZF"
RF"
SF"
TF"
UF"
VF"
WF"
XF"
YF"







lF"
bF"
cF"
dF"
eF"
fF"
gF"
hF"
iF"
jF"
kF"

































;G"
1G"
2G"
3G"
4G"
5G"
6G"
7G"
8G"
9G"
:G"











QG"
GG"
HG"
IG"
JG"
KG"
LG"
MG"
NG"
OG"
PG"






































































































\H"
[H"
^H"
_H"
`H"
aH"
]H"


eH"
fH"
gH"
dH"

































































































































































































































































































































=L"
5L"
6L"
7L"
8L"
9L"
:L"
;L"
<L"



















































{L"
qL"
rL"
sL"
tL"
uL"
vL"
wL"
xL"
yL"
zL"











4M"
*M"
+M"
,M"
-M"
.M"
/M"
0M"
1M"
2M"
3M"




















































































6N"
,N"
-N"
.N"
/N"
0N"
1N"
2N"
3N"
4N"
5N"



























\N"
RN"
SN"
TN"
UN"
VN"
WN"
XN"
YN"
ZN"
[N"

































+O"
!O"
"O"
#O"
$O"
%O"
&O"
'O"
(O"
)O"
*O"











AO"
7O"
8O"
9O"
:O"
;O"
<O"
=O"
>O"
?O"
@O"



























































;P"
}O"
!P"
jP"
"P"
#P"
$P"
%P"
&P"
'P"
(P"
)P"
*P"
+P"
,P"
-P"
.P"
/P"
0P"
1P"
2P"
3P"
4P"
5P"
6P"
7P"
8P"
9P"
:P"
<P"
=P"
>P"
?P"
@P"
AP"
BP"
CP"
DP"
EP"
FP"
GP"
HP"
IP"
JP"
KP"
LP"
MP"
NP"
OP"
PP"
QP"
RP"
SP"
TP"
UP"
VP"
WP"
XP"
YP"
ZP"
[P"
\P"
]P"
^P"
_P"
`P"
aP"
bP"
cP"
dP"
eP"
fP"
gP"
hP"
iP"













































































































































































































































































































































































































































































































































































































































































nW"
oW"
mW"



tW"
uW"
vW"
sW"








































































































































































































































































































































































































































































































































































































































































































































































































































































































































































































































































































































































































































































































































































































































































































































































































































































































_i"
Ui"
Vi"
Wi"
Xi"
Yi"
Zi"
[i"
\i"
]i"
^i"











si"
ki"
li"
mi"
ni"
oi"
pi"
qi"
ri"







(j"
{i"
|i"
}i"
!j"
"j"
#j"
$j"
%j"
&j"
'j"











>j"
4j"
5j"
6j"
7j"
8j"
9j"
:j"
;j"
<j"
=j"











Tj"
Jj"
Kj"
Lj"
Mj"
Nj"
Oj"
Pj"
Qj"
Rj"
Sj"











jj"
`j"
aj"
bj"
cj"
dj"
ej"
fj"
gj"
hj"
ij"










































Bk"
8k"
9k"
:k"
;k"
<k"
=k"
>k"
?k"
@k"
Ak"



























hk"
^k"
_k"
`k"
ak"
bk"
ck"
dk"
ek"
fk"
gk"

































7l"
-l"
.l"
/l"
0l"
1l"
2l"
3l"
4l"
5l"
6l"











Ml"
Cl"
Dl"
El"
Fl"
Gl"
Hl"
Il"
Jl"
Kl"
Ll"





























































































































































































































































































































































































































































































































































































































































































































































































































































































































































































































































































































































































































































































































































































































































































































































































































































































































































































































































n"#
d"#
e"#
f"#
g"#
h"#
i"#
j"#
k"#
l"#
m"#
































































































































































































































































































































































































































































































































































































































































































































































































































































































































































































































































































































































































































































































































































































































































































































































































































































































































































































































































































































































































































































































































































































































































































































































































































































































































































































































































































































































































































































































































































































































































































































































































































































































































































































































































































































































































































































































































































































































































































































































































































































































































































































































































































































































































































































































































































































































































































































































































































































































































































































































































































































































































































































































































































































































































































































































































































































































































































































































































































































































































































































































































































































































































































































































































































































































































































































































































































































