


*!!
+!!
,!!
&!!
'!!
(!!
)!!
-!!
.!!
/!!
0!!
1!!
2!!
$!!
%!!

:!!
;!!
<!!
6!!
7!!
8!!
9!!
=!!
>!!
?!!
@!!
A!!
B!!
4!!
5!!

J!!
D!!
E!!
F!!
G!!
H!!
I!!









Z!!
[!!
\!!
V!!
W!!
X!!
Y!!
]!!
^!!
_!!
`!!
a!!
b!!
T!!
U!!

j!!
k!!
l!!
f!!
g!!
h!!
i!!
m!!
n!!
o!!
p!!
q!!
r!!
d!!
e!!

z!!
{!!
|!!
v!!
w!!
x!!
y!!
}!!
!"!
""!
#"!
$"!
%"!
t!!
u!!

-"!
."!
/"!
)"!
*"!
+"!
,"!
0"!
1"!
2"!
3"!
4"!
5"!
'"!
("!

="!
>"!
?"!
7"!
<"!
8"!
9"!
:"!
;"!







M"!
N"!
O"!
I"!
J"!
K"!
L"!
P"!
Q"!
R"!
S"!
T"!
U"!
G"!
H"!

]"!
^"!
_"!
Y"!
Z"!
["!
\"!
`"!
a"!
b"!
c"!
d"!
e"!
W"!
X"!

m"!
n"!
o"!
i"!
j"!
k"!
l"!
p"!
q"!
r"!
s"!
t"!
u"!
g"!
h"!

}"!
!#!
"#!
y"!
z"!
{"!
|"!
##!
$#!
%#!
&#!
'#!
(#!
w"!
x"!

0#!
1#!
2#!
,#!
-#!
.#!
/#!
3#!
4#!
5#!
6#!
7#!
8#!
*#!
+#!

@#!
A#!
B#!
<#!
=#!
>#!
?#!
C#!
D#!
E#!
F#!
G#!
H#!
:#!
;#!

P#!
Q#!
R#!
L#!
M#!
N#!
O#!
S#!
T#!
U#!
V#!
W#!
X#!
J#!
K#!

`#!
a#!
b#!
\#!
]#!
^#!
_#!
c#!
d#!
e#!
f#!
g#!
h#!
Z#!
[#!

p#!
q#!
r#!
l#!
m#!
n#!
o#!
s#!
t#!
u#!
v#!
w#!
x#!
j#!
k#!

#$!
$$!
%$!
|#!
}#!
!$!
"$!
&$!
'$!
($!
)$!
*$!
+$!
z#!
{#!

3$!
4$!
5$!
/$!
0$!
1$!
2$!
6$!
7$!
8$!
9$!
:$!
;$!
-$!
.$!

C$!
D$!
E$!
?$!
B$!
@$!
A$!
F$!
G$!
H$!
I$!
J$!
K$!
=$!
>$!

S$!
T$!
U$!
O$!
P$!
Q$!
R$!
V$!
W$!
X$!
Y$!
Z$!
[$!
M$!
N$!

c$!
d$!
e$!
_$!
`$!
a$!
b$!
f$!
g$!
h$!
i$!
j$!
k$!
]$!
^$!

s$!
t$!
u$!
o$!
p$!
q$!
r$!
v$!
w$!
x$!
y$!
z$!
{$!
m$!
n$!

&%!
}$!
!%!
"%!
#%!
$%!
%%!









6%!
7%!
8%!
2%!
3%!
4%!
5%!
9%!
:%!
;%!
<%!
=%!
>%!
0%!
1%!

F%!
G%!
H%!
B%!
C%!
D%!
E%!
I%!
J%!
K%!
L%!
M%!
N%!
@%!
A%!

V%!
W%!
X%!
P%!
Q%!
R%!
S%!
T%!
U%!







f%!
g%!
h%!
b%!
c%!
d%!
e%!
i%!
j%!
k%!
l%!
m%!
n%!
`%!
a%!

v%!
w%!
x%!
r%!
s%!
t%!
u%!
y%!
z%!
{%!
|%!
}%!
!&!
p%!
q%!

)&!
*&!
+&!
%&!
&&!
'&!
(&!
,&!
-&!
.&!
/&!
0&!
1&!
#&!
$&!

9&!
:&!
;&!
5&!
6&!
7&!
8&!
<&!
=&!
>&!
?&!
@&!
A&!
3&!
4&!

I&!
J&!
K&!
E&!
F&!
G&!
H&!
L&!
M&!
N&!
O&!
P&!
Q&!
C&!
D&!

Y&!
Z&!
[&!
U&!
V&!
W&!
X&!
\&!
]&!
^&!
_&!
`&!
a&!
S&!
T&!

i&!
j&!
k&!
e&!
f&!
g&!
h&!
l&!
m&!
n&!
o&!
p&!
q&!
c&!
d&!

y&!
z&!
{&!
u&!
v&!
w&!
x&!
|&!
}&!
!'!
"'!
#'!
$'!
s&!
t&!

,'!
-'!
.'!
('!
)'!
*'!
+'!
/'!
0'!
1'!
2'!
3'!
4'!
&'!
''!

<'!
='!
>'!
8'!
9'!
:'!
;'!
?'!
@'!
A'!
B'!
C'!
D'!
6'!
7'!

L'!
M'!
N'!
H'!
I'!
J'!
K'!
O'!
P'!
Q'!
R'!
S'!
T'!
F'!
G'!

\'!
]'!
^'!
X'!
Y'!
Z'!
['!
_'!
`'!
a'!
b'!
c'!
d'!
V'!
W'!

l'!
m'!
n'!
h'!
i'!
j'!
k'!
o'!
p'!
q'!
r'!
s'!
t'!
f'!
g'!

|'!
}'!
!(!
x'!
y'!
z'!
{'!
"(!
#(!
$(!
%(!
&(!
'(!
v'!
w'!

/(!
0(!
1(!
+(!
,(!
-(!
.(!
2(!
3(!
4(!
5(!
6(!
7(!
)(!
*(!

?(!
@(!
A(!
;(!
<(!
=(!
>(!
B(!
C(!
D(!
E(!
F(!
G(!
9(!
:(!

O(!
P(!
Q(!
K(!
L(!
M(!
N(!
R(!
S(!
T(!
U(!
V(!
W(!
I(!
J(!

^(!
\(!
](!
_(!
`(!
a(!
b(!
c(!
d(!
e(!
f(!
g(!
Y(!
Z(!
[(!

o(!
p(!
q(!
k(!
l(!
m(!
n(!
r(!
s(!
t(!
u(!
v(!
w(!
i(!
j(!

")!
#)!
$)!
{(!
|(!
}(!
!)!
%)!
&)!
')!
()!
))!
*)!
y(!
z(!

2)!
3)!
4)!
.)!
/)!
0)!
1)!
5)!
6)!
7)!
8)!
9)!
:)!
,)!
-)!

B)!
C)!
D)!
>)!
?)!
@)!
A)!
E)!
F)!
G)!
H)!
I)!
J)!
<)!
=)!

R)!
S)!
T)!
N)!
O)!
P)!
Q)!
U)!
V)!
W)!
X)!
Y)!
Z)!
L)!
M)!

b)!
c)!
d)!
\)!
])!
^)!
_)!
`)!
a)!







r)!
s)!
t)!
n)!
o)!
p)!
q)!
u)!
v)!
w)!
x)!
y)!
z)!
l)!
m)!

%*!
&*!
'*!
!*!
"*!
#*!
$*!
(*!
)*!
**!
+*!
,*!
-*!
|)!
})!

5*!
6*!
7*!
1*!
2*!
3*!
4*!
8*!
9*!
:*!
;*!
<*!
=*!
/*!
0*!

E*!
F*!
G*!
A*!
B*!
C*!
D*!
H*!
I*!
J*!
K*!
L*!
M*!
?*!
@*!

U*!
V*!
W*!
Q*!
R*!
S*!
T*!
X*!
Y*!
Z*!
[*!
\*!
]*!
O*!
P*!

e*!
f*!
g*!
a*!
b*!
c*!
d*!
h*!
i*!
j*!
k*!
l*!
m*!
_*!
`*!

u*!




v*!
t*!
w*!
x*!
y*!
z*!
{*!
|*!
}*!
o*!

(+!
)+!
*+!
$+!
%+!
&+!
'+!
++!
,+!
-+!
.+!
/+!
0+!
"+!
#+!

8+!
9+!
:+!
4+!
5+!
6+!
7+!
;+!
<+!
=+!
>+!
?+!
@+!
2+!
3+!

H+!
I+!
J+!
D+!
E+!
F+!
G+!
K+!
L+!
M+!
N+!
O+!
P+!
B+!
C+!

X+!
Y+!
Z+!
T+!
U+!
V+!
W+!
[+!
\+!
]+!
^+!
_+!
`+!
R+!
S+!

h+!
i+!
j+!
d+!
e+!
f+!
g+!
k+!
l+!
m+!
n+!
o+!
p+!
b+!
c+!

x+!
y+!
z+!
t+!
u+!
v+!
w+!
{+!
|+!
}+!
!,!
",!
#,!
r+!
s+!

+,!
,,!
-,!
',!
(,!
),!
*,!
.,!
/,!
0,!
1,!
2,!
3,!
%,!
&,!

;,!
<,!
=,!
7,!
8,!
9,!
:,!
>,!
?,!
@,!
A,!
B,!
C,!
5,!
6,!

K,!
L,!
M,!
G,!
H,!
I,!
J,!
N,!
O,!
P,!
Q,!
R,!
S,!
E,!
F,!

[,!
\,!
],!
W,!
X,!
Y,!
Z,!
^,!
_,!
`,!
a,!
b,!
c,!
U,!
V,!

k,!
l,!
m,!
g,!
h,!
i,!
j,!
n,!
o,!
p,!
q,!
r,!
s,!
e,!
f,!

{,!
|,!
},!


!-!
z,!
"-!
#-!
$-!
%-!
&-!
u,!
v,!
w,!

.-!
/-!
0-!
*-!
+-!
,-!
--!
1-!
2-!
3-!
4-!
5-!
6-!
(-!
)-!

>-!
?-!
@-!
:-!
;-!
<-!
=-!
A-!
B-!
C-!
D-!
E-!
F-!
8-!
9-!

N-!
O-!
P-!
J-!
K-!
L-!
M-!
Q-!
R-!
S-!
T-!
U-!
V-!
H-!
I-!

^-!
_-!
`-!
Z-!
[-!
\-!
]-!
a-!
b-!
c-!
d-!
e-!
f-!
X-!
Y-!

n-!
o-!
p-!
j-!
k-!
l-!
m-!
q-!
r-!
s-!
t-!
u-!
v-!
h-!
i-!

!.!
".!
#.!
z-!
{-!
|-!
}-!
$.!
%.!
&.!
'.!
(.!
).!
x-!
y-!

1.!
2.!
3.!
-.!
..!
/.!
0.!
4.!
5.!
6.!
7.!
8.!
9.!
+.!
,.!

A.!
B.!
C.!
=.!
>.!
?.!
@.!
D.!
E.!
F.!
G.!
H.!
I.!
;.!
<.!

Q.!
R.!
S.!
K.!
P.!
L.!
M.!
N.!
O.!







a.!
b.!
c.!
].!
^.!
_.!
`.!
d.!
e.!
f.!
g.!
h.!
i.!
[.!
\.!

q.!
r.!
s.!
m.!
n.!
o.!
p.!
t.!
u.!
v.!
w.!
x.!
y.!
k.!
l.!

$/!
%/!
&/!
|.!
}.!
!/!
"/!
'/!
(/!
)/!
#/!
*/!
+/!
,/!
{.!

4/!
5/!
6/!
0/!
1/!
2/!
3/!
7/!
8/!
9/!
:/!
;/!
</!
./!
//!

D/!
E/!
F/!
@/!
A/!
B/!
C/!
G/!
H/!
I/!
J/!
K/!
L/!
>/!
?/!

T/!
U/!
V/!
P/!
Q/!
R/!
S/!
W/!
X/!
Y/!
Z/!
[/!
\/!
N/!
O/!

d/!
e/!
f/!
`/!
a/!
b/!
c/!
g/!
h/!
i/!
j/!
k/!
l/!
^/!
_/!

t/!
u/!
v/!
p/!
q/!
r/!
s/!
w/!
x/!
y/!
z/!
{/!
|/!
n/!
o/!

'0!
(0!
)0!
#0!
$0!
%0!
&0!
*0!
+0!
,0!
-0!
.0!
/0!
!0!
"0!

70!
80!
90!
30!
40!
50!
60!
:0!
;0!
<0!
=0!
>0!
?0!
10!
20!

G0!
H0!
I0!
C0!
D0!
E0!
F0!
J0!
K0!
L0!
M0!
N0!
O0!
A0!
B0!

W0!
X0!
Y0!
S0!
T0!
U0!
V0!
Z0!
[0!
\0!
]0!
^0!
_0!
Q0!
R0!

g0!
h0!
i0!
c0!
d0!
e0!
f0!
j0!
k0!
l0!
m0!
n0!
o0!
a0!
b0!

w0!
x0!
y0!
s0!
t0!
u0!
v0!
z0!
{0!
|0!
}0!
!1!
"1!
q0!
r0!

*1!
+1!
,1!


-1!
.1!
/1!
01!
11!
)1!
21!
$1!
%1!
&1!

:1!
;1!
<1!
61!
71!
81!
91!
=1!
>1!
?1!
@1!
A1!
B1!
41!
51!

J1!
K1!
L1!
F1!
G1!
H1!
I1!
M1!
N1!
O1!
P1!
Q1!
R1!
D1!
E1!

Z1!
[1!
\1!
V1!
W1!
X1!
Y1!
]1!
^1!
_1!
`1!
a1!
b1!
T1!
U1!

j1!
k1!
l1!
f1!
g1!
h1!
i1!
m1!
n1!
o1!
p1!
q1!
r1!
d1!
e1!

z1!
{1!
|1!
v1!
w1!
x1!
y1!
}1!
!2!
"2!
#2!
$2!
%2!
t1!
u1!

-2!
'2!
(2!
)2!
*2!
+2!
,2!









=2!
>2!
?2!
92!
:2!
;2!
<2!
@2!
A2!
B2!
C2!
D2!
E2!
72!
82!

M2!
N2!
O2!
I2!
J2!
K2!
L2!
P2!
Q2!
R2!
S2!
T2!
U2!
G2!
H2!

]2!
^2!
_2!
Y2!
Z2!
[2!
\2!
`2!
a2!
b2!
c2!
d2!
e2!
W2!
X2!

m2!
n2!
o2!
i2!
j2!
k2!
l2!
p2!
q2!
r2!
s2!
t2!
u2!
g2!
h2!

}2!
!3!
"3!
y2!
z2!
{2!
|2!
#3!
$3!
%3!
&3!
'3!
(3!
w2!
x2!

03!
13!
23!
*3!
/3!
+3!
,3!
-3!
.3!







@3!
A3!
B3!
<3!
=3!
>3!
?3!
C3!
D3!
E3!
F3!
G3!
H3!
:3!
;3!

P3!
Q3!
R3!
L3!
M3!
N3!
O3!
S3!
T3!
U3!
V3!
W3!
X3!
J3!
K3!

`3!
a3!
b3!
\3!
]3!
^3!
_3!
c3!
d3!
e3!
f3!
g3!
h3!
Z3!
[3!

p3!
q3!
r3!
l3!
m3!
n3!
o3!
s3!
t3!
u3!
v3!
w3!
x3!
j3!
k3!

#4!
$4!
%4!
|3!
}3!
!4!
"4!
&4!
'4!
(4!
)4!
*4!
+4!
z3!
{3!

34!
44!
54!
/4!
04!
14!
24!
64!
74!
84!
94!
:4!
;4!
-4!
.4!

C4!
D4!
E4!
?4!
@4!
A4!
B4!
F4!
G4!
H4!
I4!
J4!
K4!
=4!
>4!

S4!
T4!
U4!
O4!
P4!
Q4!
R4!
V4!
W4!
X4!
Y4!
Z4!
[4!
M4!
N4!

c4!
d4!
e4!
_4!
`4!
a4!
b4!
f4!
g4!
h4!
i4!
j4!
k4!
]4!
^4!

s4!
t4!
u4!
o4!
p4!
q4!
r4!
v4!
w4!
x4!
y4!
z4!
{4!
m4!
n4!

&5!
'5!
(5!
"5!
#5!
$5!
%5!
)5!
*5!
+5!
,5!
-5!
.5!
}4!
!5!

65!
75!
85!
25!
35!
45!
55!
95!
:5!
;5!
<5!
=5!
>5!
05!
15!

F5!
G5!
H5!
B5!
E5!
C5!
D5!
I5!
J5!
K5!
L5!
M5!
N5!
@5!
A5!

V5!
W5!
X5!
R5!
S5!
T5!
U5!
Y5!
Z5!
[5!
\5!
]5!
^5!
P5!
Q5!

f5!
g5!
h5!
b5!
c5!
d5!
e5!
i5!
j5!
k5!
l5!
m5!
n5!
`5!
a5!

v5!
w5!
x5!
r5!
s5!
t5!
u5!
y5!
z5!
{5!
|5!
}5!
!6!
p5!
q5!

)6!
*6!
+6!
%6!
&6!
'6!
(6!
,6!
-6!
.6!
/6!
06!
16!
#6!
$6!

96!
:6!
;6!
56!
66!
76!
86!
<6!
=6!
>6!
?6!
@6!
A6!
36!
46!

I6!
J6!
K6!
E6!
F6!
G6!
H6!
L6!
M6!
N6!
O6!
P6!
Q6!
C6!
D6!

Y6!
Z6!
[6!
S6!
T6!
U6!
V6!
W6!
X6!







i6!
j6!
k6!
e6!
f6!
g6!
h6!
l6!
m6!
n6!
o6!
p6!
q6!
c6!
d6!

y6!
z6!
{6!
u6!
v6!
w6!
x6!
|6!
}6!
!7!
"7!
#7!
$7!
s6!
t6!

,7!
-7!
.7!
(7!
)7!
*7!
+7!
/7!
07!
17!
27!
37!
47!
&7!
'7!

<7!
=7!
>7!
87!
97!
:7!
;7!
?7!
@7!
A7!
B7!
C7!
D7!
67!
77!

L7!
M7!
N7!
H7!
I7!
J7!
K7!
O7!
P7!
Q7!
R7!
S7!
T7!
F7!
G7!

\7!
]7!
^7!
X7!
Y7!
Z7!
[7!
_7!
`7!
a7!
b7!
c7!
d7!
V7!
W7!

l7!
m7!
n7!
h7!
i7!
j7!
k7!
o7!
p7!
q7!
r7!
s7!
t7!
f7!
g7!

|7!
}7!
!8!
x7!
y7!
z7!
{7!
"8!
#8!
$8!
%8!
&8!
'8!
v7!
w7!

/8!
08!
18!
+8!
,8!
-8!
.8!
28!
38!
48!
58!
68!
78!
)8!
*8!

?8!
@8!
A8!
;8!
<8!
=8!
>8!
B8!
C8!
D8!
E8!
F8!
G8!
98!
:8!

O8!
P8!
Q8!
K8!
L8!
M8!
N8!
R8!
S8!
T8!
U8!
V8!
W8!
I8!
J8!

_8!
`8!
a8!
[8!
\8!
]8!
^8!
b8!
c8!
d8!
e8!
f8!
g8!
Y8!
Z8!

o8!
p8!
q8!
k8!
l8!
m8!
n8!
r8!
s8!
t8!
u8!
v8!
w8!
i8!
j8!

"9!
#9!
$9!
{8!
|8!
}8!
!9!
%9!
&9!
'9!
(9!
)9!
*9!
y8!
z8!

29!
39!
49!
.9!
/9!
09!
19!
59!
69!
79!
89!
99!
:9!
,9!
-9!

B9!
C9!
D9!
>9!
?9!
@9!
A9!
E9!
F9!
G9!
H9!
I9!
J9!
<9!
=9!

R9!
S9!
T9!
N9!
O9!
P9!
Q9!
U9!
V9!
W9!
X9!
Y9!
Z9!
L9!
M9!

a9!
_9!
`9!
b9!
c9!
d9!
e9!
f9!
g9!
h9!
i9!
j9!
\9!
]9!
^9!

r9!
s9!
t9!
n9!
o9!
p9!
q9!
u9!
v9!
w9!
x9!
y9!
z9!
l9!
m9!

%:!
&:!
':!
!:!
":!
#:!
$:!
(:!
):!
*:!
+:!
,:!
-:!
|9!
}9!

5:!
6:!
7:!
1:!
2:!
3:!
4:!
8:!
9:!
::!
;:!
<:!
=:!
/:!
0:!

E:!
F:!
G:!
A:!
B:!
C:!
D:!
H:!
I:!
J:!
K:!
L:!
M:!
?:!
@:!

U:!
V:!
W:!
Q:!
R:!
S:!
T:!
X:!
Y:!
Z:!
[:!
\:!
]:!
O:!
P:!

e:!
f:!
g:!
_:!
`:!
a:!
b:!
c:!
d:!







u:!
v:!
w:!
q:!
r:!
s:!
t:!
x:!
y:!
z:!
{:!
|:!
}:!
o:!
p:!

(;!
);!
*;!
$;!
%;!
&;!
';!
+;!
,;!
-;!
.;!
/;!
0;!
";!
#;!

8;!
9;!
:;!
4;!
5;!
6;!
7;!
;;!
<;!
=;!
>;!
?;!
@;!
2;!
3;!

H;!
I;!
J;!
D;!
E;!
F;!
G;!
K;!
L;!
M;!
N;!
O;!
P;!
B;!
C;!

X;!
Y;!
Z;!
T;!
U;!
V;!
W;!
[;!
\;!
];!
^;!
_;!
`;!
R;!
S;!

h;!




i;!
g;!
j;!
k;!
l;!
m;!
n;!
o;!
p;!
b;!

x;!
y;!
z;!
t;!
u;!
v;!
w;!
{;!
|;!
};!
!<!
"<!
#<!
r;!
s;!

+<!
,<!
-<!
'<!
(<!
)<!
*<!
.<!
/<!
0<!
1<!
2<!
3<!
%<!
&<!

;<!
<<!
=<!
7<!
8<!
9<!
:<!
><!
?<!
@<!
A<!
B<!
C<!
5<!
6<!

K<!
L<!
M<!
G<!
H<!
I<!
J<!
N<!
O<!
P<!
Q<!
R<!
S<!
E<!
F<!

[<!
\<!
]<!
W<!
X<!
Y<!
Z<!
^<!
_<!
`<!
a<!
b<!
c<!
U<!
V<!

k<!
l<!
m<!
g<!
h<!
i<!
j<!
n<!
o<!
p<!
q<!
r<!
s<!
e<!
f<!

{<!
|<!
}<!
w<!
x<!
y<!
z<!
!=!
"=!
#=!
$=!
%=!
&=!
u<!
v<!

.=!
/=!
0=!
*=!
+=!
,=!
-=!
1=!
2=!
3=!
4=!
5=!
6=!
(=!
)=!

>=!
?=!
@=!
:=!
;=!
<=!
==!
A=!
B=!
C=!
D=!
E=!
F=!
8=!
9=!

N=!
O=!
P=!
J=!
K=!
L=!
M=!
Q=!
R=!
S=!
T=!
U=!
V=!
H=!
I=!

^=!
_=!
`=!
Z=!
[=!
\=!
]=!
a=!
b=!
c=!
d=!
e=!
f=!
X=!
Y=!

n=!
o=!
p=!
j=!
k=!
l=!
m=!
q=!
r=!
s=!
t=!
u=!
v=!
h=!
i=!

!>!
">!
#>!


$>!
}=!
%>!
&>!
'>!
(>!
)>!
x=!
y=!
z=!

1>!
2>!
3>!
->!
.>!
/>!
0>!
4>!
5>!
6>!
7>!
8>!
9>!
+>!
,>!

A>!
B>!
C>!
=>!
>>!
?>!
@>!
D>!
E>!
F>!
G>!
H>!
I>!
;>!
<>!

Q>!
R>!
S>!
M>!
N>!
O>!
P>!
T>!
U>!
V>!
W>!
X>!
Y>!
K>!
L>!

a>!
b>!
c>!
]>!
^>!
_>!
`>!
d>!
e>!
f>!
g>!
h>!
i>!
[>!
\>!

q>!
r>!
s>!
m>!
n>!
o>!
p>!
t>!
u>!
v>!
w>!
x>!
y>!
k>!
l>!

$?!
%?!
&?!
}>!
!?!
"?!
#?!
'?!
(?!
)?!
*?!
+?!
,?!
{>!
|>!

4?!
5?!
6?!
0?!
1?!
2?!
3?!
7?!
8?!
9?!
:?!
;?!
<?!
.?!
/?!

D?!
E?!
F?!
@?!
A?!
B?!
C?!
G?!
H?!
I?!
J?!
K?!
L?!
>?!
??!

T?!
U?!
V?!
P?!
Q?!
R?!
S?!
W?!
X?!
Y?!
Z?!
[?!
\?!
N?!
O?!

d?!
e?!
f?!
`?!
a?!
b?!
c?!
g?!
h?!
i?!
j?!
k?!
l?!
^?!
_?!

t?!
u?!
v?!
p?!
q?!
r?!
s?!
w?!
x?!
y?!
z?!
{?!
|?!
n?!
o?!

'@!
(@!
)@!
"@!
#@!
$@!
%@!
*@!
+@!
,@!
&@!
-@!
.@!
/@!
!@!

7@!
8@!
9@!
3@!
4@!
5@!
6@!
:@!
;@!
<@!
=@!
>@!
?@!
1@!
2@!

G@!
H@!
I@!
C@!
D@!
E@!
F@!
J@!
K@!
L@!
M@!
N@!
O@!
A@!
B@!

W@!
X@!
Y@!
S@!
T@!
U@!
V@!
Z@!
[@!
\@!
]@!
^@!
_@!
Q@!
R@!

g@!
h@!
i@!
c@!
d@!
e@!
f@!
j@!
k@!
l@!
m@!
n@!
o@!
a@!
b@!

w@!
x@!
y@!
s@!
t@!
u@!
v@!
z@!
{@!
|@!
}@!
!A!
"A!
q@!
r@!

*A!
+A!
,A!
&A!
'A!
(A!
)A!
-A!
.A!
/A!
0A!
1A!
2A!
$A!
%A!

:A!
;A!
<A!
6A!
7A!
8A!
9A!
=A!
>A!
?A!
@A!
AA!
BA!
4A!
5A!

JA!
KA!
LA!
FA!
GA!
HA!
IA!
MA!
NA!
OA!
PA!
QA!
RA!
DA!
EA!

ZA!
[A!
\A!
VA!
WA!
XA!
YA!
]A!
^A!
_A!
`A!
aA!
bA!
TA!
UA!

jA!
kA!
lA!
fA!
gA!
hA!
iA!
mA!
nA!
oA!
pA!
qA!
rA!
dA!
eA!

zA!
{A!
|A!
vA!
wA!
xA!
yA!
}A!
!B!
"B!
#B!
$B!
%B!
tA!
uA!

-B!
.B!
/B!


0B!
1B!
2B!
3B!
4B!
,B!
5B!
'B!
(B!
)B!

=B!
>B!
?B!
9B!
:B!
;B!
<B!
@B!
AB!
BB!
CB!
DB!
EB!
7B!
8B!

MB!
NB!
OB!
IB!
JB!
KB!
LB!
PB!
QB!
RB!
SB!
TB!
UB!
GB!
HB!

]B!
^B!
_B!
YB!
ZB!
[B!
\B!
`B!
aB!
bB!
cB!
dB!
eB!
WB!
XB!

mB!
nB!
oB!
iB!
jB!
kB!
lB!
pB!
qB!
rB!
sB!
tB!
uB!
gB!
hB!

}B!
!C!
"C!
yB!
zB!
{B!
|B!
#C!
$C!
%C!
&C!
'C!
(C!
wB!
xB!

0C!
*C!
+C!
,C!
-C!
.C!
/C!









@C!
AC!
BC!
<C!
=C!
>C!
?C!
CC!
DC!
EC!
FC!
GC!
HC!
:C!
;C!

PC!
QC!
RC!
LC!
OC!
MC!
NC!
SC!
TC!
UC!
VC!
WC!
XC!
JC!
KC!

`C!
aC!
bC!
\C!
]C!
^C!
_C!
cC!
dC!
eC!
fC!
gC!
hC!
ZC!
[C!

pC!
qC!
rC!
lC!
mC!
nC!
oC!
sC!
tC!
uC!
vC!
wC!
xC!
jC!
kC!

#D!
$D!
%D!
|C!
}C!
!D!
"D!
&D!
'D!
(D!
)D!
*D!
+D!
zC!
{C!

3D!
4D!
5D!
-D!
2D!
.D!
/D!
0D!
1D!







CD!
DD!
ED!
?D!
@D!
AD!
BD!
FD!
GD!
HD!
ID!
JD!
KD!
=D!
>D!

SD!
TD!
UD!
OD!
PD!
QD!
RD!
VD!
WD!
XD!
YD!
ZD!
[D!
MD!
ND!

cD!
dD!
eD!
_D!
`D!
aD!
bD!
fD!
gD!
hD!
iD!
jD!
kD!
]D!
^D!

sD!
tD!
uD!
oD!
pD!
qD!
rD!
vD!
wD!
xD!
yD!
zD!
{D!
mD!
nD!

&E!
'E!
(E!
"E!
#E!
$E!
%E!
)E!
*E!
+E!
,E!
-E!
.E!
}D!
!E!

6E!
7E!
8E!
2E!
3E!
4E!
5E!
9E!
:E!
;E!
<E!
=E!
>E!
0E!
1E!

FE!
GE!
HE!
BE!
CE!
DE!
EE!
IE!
JE!
KE!
LE!
ME!
NE!
@E!
AE!

VE!
WE!
XE!
RE!
SE!
TE!
UE!
YE!
ZE!
[E!
\E!
]E!
^E!
PE!
QE!

fE!
gE!
hE!
bE!
cE!
dE!
eE!
iE!
jE!
kE!
lE!
mE!
nE!
`E!
aE!

vE!
wE!
xE!
rE!
sE!
tE!
uE!
yE!
zE!
{E!
|E!
}E!
!F!
pE!
qE!

)F!
*F!
+F!
%F!
&F!
'F!
(F!
,F!
-F!
.F!
/F!
0F!
1F!
#F!
$F!

9F!
:F!
;F!
5F!
8F!
6F!
7F!
<F!
=F!
>F!
?F!
@F!
AF!
3F!
4F!

IF!
JF!
KF!
EF!
FF!
GF!
HF!
LF!
MF!
NF!
OF!
PF!
QF!
CF!
DF!

YF!
ZF!
[F!
UF!
VF!
WF!
XF!
\F!
]F!
^F!
_F!
`F!
aF!
SF!
TF!

iF!
jF!
kF!
eF!
fF!
gF!
hF!
lF!
mF!
nF!
oF!
pF!
qF!
cF!
dF!

yF!
zF!
{F!
uF!
vF!
wF!
xF!
|F!
}F!
!G!
"G!
#G!
$G!
sF!
tF!

,G!
-G!
.G!
(G!
)G!
*G!
+G!
/G!
0G!
1G!
2G!
3G!
4G!
&G!
'G!

<G!
=G!
>G!
8G!
9G!
:G!
;G!
?G!
@G!
AG!
BG!
CG!
DG!
6G!
7G!

LG!
MG!
NG!
HG!
IG!
JG!
KG!
OG!
PG!
QG!
RG!
SG!
TG!
FG!
GG!

\G!
]G!
^G!
VG!
WG!
XG!
YG!
ZG!
[G!







lG!
mG!
nG!
hG!
iG!
jG!
kG!
oG!
pG!
qG!
rG!
sG!
tG!
fG!
gG!

|G!
}G!
!H!
xG!
yG!
zG!
{G!
"H!
#H!
$H!
%H!
&H!
'H!
vG!
wG!

/H!
0H!
1H!
+H!
,H!
-H!
.H!
2H!
3H!
4H!
5H!
6H!
7H!
)H!
*H!

?H!
@H!
AH!
;H!
<H!
=H!
>H!
BH!
CH!
DH!
EH!
FH!
GH!
9H!
:H!

OH!
PH!
QH!
KH!
LH!
MH!
NH!
RH!
SH!
TH!
UH!
VH!
WH!
IH!
JH!

_H!
`H!
aH!
[H!
\H!
]H!
^H!
bH!
cH!
dH!
eH!
fH!
gH!
YH!
ZH!

oH!
pH!
qH!
kH!
lH!
mH!
nH!
rH!
sH!
tH!
uH!
vH!
wH!
iH!
jH!

"I!
#I!
$I!
{H!
|H!
}H!
!I!
%I!
&I!
'I!
(I!
)I!
*I!
yH!
zH!

2I!
3I!
4I!
.I!
/I!
0I!
1I!
5I!
6I!
7I!
8I!
9I!
:I!
,I!
-I!

BI!
CI!
DI!
>I!
?I!
@I!
AI!
EI!
FI!
GI!
HI!
II!
JI!
<I!
=I!

RI!
SI!
TI!
NI!
OI!
PI!
QI!
UI!
VI!
WI!
XI!
YI!
ZI!
LI!
MI!

bI!
cI!
dI!
^I!
_I!
`I!
aI!
eI!
fI!
gI!
hI!
iI!
jI!
\I!
]I!

rI!
sI!
tI!
nI!
oI!
pI!
qI!
uI!
vI!
wI!
xI!
yI!
zI!
lI!
mI!

%J!
&J!
'J!
!J!
"J!
#J!
$J!
(J!
)J!
*J!
+J!
,J!
-J!
|I!
}I!

5J!
6J!
7J!
1J!
2J!
3J!
4J!
8J!
9J!
:J!
;J!
<J!
=J!
/J!
0J!

EJ!
FJ!
GJ!
AJ!
BJ!
CJ!
DJ!
HJ!
IJ!
JJ!
KJ!
LJ!
MJ!
?J!
@J!

UJ!
VJ!
WJ!
QJ!
RJ!
SJ!
TJ!
XJ!
YJ!
ZJ!
[J!
\J!
]J!
OJ!
PJ!

dJ!
bJ!
cJ!
eJ!
fJ!
gJ!
hJ!
iJ!
jJ!
kJ!
lJ!
mJ!
_J!
`J!
aJ!

uJ!
vJ!
wJ!
qJ!
rJ!
sJ!
tJ!
xJ!
yJ!
zJ!
{J!
|J!
}J!
oJ!
pJ!

(K!
)K!
*K!
$K!
%K!
&K!
'K!
+K!
,K!
-K!
.K!
/K!
0K!
"K!
#K!

8K!
9K!
:K!
4K!
5K!
6K!
7K!
;K!
<K!
=K!
>K!
?K!
@K!
2K!
3K!

HK!
IK!
JK!
DK!
EK!
FK!
GK!
KK!
LK!
MK!
NK!
OK!
PK!
BK!
CK!

XK!
YK!
ZK!
TK!
UK!
VK!
WK!
[K!
\K!
]K!
^K!
_K!
`K!
RK!
SK!

hK!
iK!
jK!
bK!
cK!
dK!
eK!
fK!
gK!







xK!
yK!
zK!
tK!
uK!
vK!
wK!
{K!
|K!
}K!
!L!
"L!
#L!
rK!
sK!

+L!
,L!
-L!
'L!
(L!
)L!
*L!
.L!
/L!
0L!
1L!
2L!
3L!
%L!
&L!

;L!
<L!
=L!
7L!
8L!
9L!
:L!
>L!
?L!
@L!
AL!
BL!
CL!
5L!
6L!

KL!
LL!
ML!
GL!
HL!
IL!
JL!
NL!
OL!
PL!
QL!
RL!
SL!
EL!
FL!

[L!
\L!
]L!
WL!
XL!
YL!
ZL!
^L!
_L!
`L!
aL!
bL!
cL!
UL!
VL!

kL!




lL!
jL!
mL!
nL!
oL!
pL!
qL!
rL!
sL!
eL!

{L!
|L!
}L!
wL!
xL!
yL!
zL!
!M!
"M!
#M!
$M!
%M!
&M!
uL!
vL!

.M!
/M!
0M!
*M!
+M!
,M!
-M!
1M!
2M!
3M!
4M!
5M!
6M!
(M!
)M!

>M!
?M!
@M!
:M!
;M!
<M!
=M!
AM!
BM!
CM!
DM!
EM!
FM!
8M!
9M!

NM!
OM!
PM!
JM!
KM!
LM!
MM!
QM!
RM!
SM!
TM!
UM!
VM!
HM!
IM!

^M!
_M!
`M!
ZM!
[M!
\M!
]M!
aM!
bM!
cM!
dM!
eM!
fM!
XM!
YM!

nM!
oM!
pM!
jM!
kM!
lM!
mM!
qM!
rM!
sM!
tM!
uM!
vM!
hM!
iM!

!N!
"N!
#N!
zM!
{M!
|M!
}M!
$N!
%N!
&N!
'N!
(N!
)N!
xM!
yM!

1N!
2N!
3N!
-N!
.N!
/N!
0N!
4N!
5N!
6N!
7N!
8N!
9N!
+N!
,N!

AN!
BN!
CN!
=N!
>N!
?N!
@N!
DN!
EN!
FN!
GN!
HN!
IN!
;N!
<N!

QN!
RN!
SN!
MN!
NN!
ON!
PN!
TN!
UN!
VN!
WN!
XN!
YN!
KN!
LN!

aN!
bN!
cN!
]N!
^N!
_N!
`N!
dN!
eN!
fN!
gN!
hN!
iN!
[N!
\N!

qN!
rN!
sN!


tN!
pN!
uN!
vN!
wN!
xN!
yN!
kN!
lN!
mN!

$O!
%O!
&O!
{N!
|N!
}N!
!O!
"O!
#O!







4O!
5O!
6O!
0O!
1O!
2O!
3O!
7O!
8O!
9O!
:O!
;O!
<O!
.O!
/O!

DO!
EO!
FO!
@O!
AO!
BO!
CO!
GO!
HO!
IO!
JO!
KO!
LO!
>O!
?O!

TO!
UO!
VO!
PO!
QO!
RO!
SO!
WO!
XO!
YO!
ZO!
[O!
\O!
NO!
OO!

dO!
eO!
fO!
`O!
aO!
bO!
cO!
gO!
hO!
iO!
jO!
kO!
lO!
^O!
_O!

tO!
uO!
vO!
pO!
qO!
rO!
sO!
wO!
xO!
yO!
zO!
{O!
|O!
nO!
oO!

'P!
(P!
)P!
#P!
$P!
%P!
&P!
*P!
+P!
,P!
-P!
.P!
/P!
!P!
"P!

7P!
8P!
9P!
3P!
4P!
5P!
6P!
:P!
;P!
<P!
=P!
>P!
?P!
1P!
2P!

GP!
HP!
IP!
CP!
DP!
EP!
FP!
JP!
KP!
LP!
MP!
NP!
OP!
AP!
BP!

WP!
XP!
YP!
SP!
TP!
UP!
VP!
ZP!
[P!
\P!
]P!
^P!
_P!
QP!
RP!

gP!
hP!
iP!
cP!
dP!
eP!
fP!
jP!
kP!
lP!
mP!
nP!
oP!
aP!
bP!

wP!
xP!
yP!
sP!
tP!
uP!
vP!
zP!
{P!
|P!
}P!
!Q!
"Q!
qP!
rP!

*Q!
+Q!
,Q!
%Q!
&Q!
'Q!
(Q!
-Q!
.Q!
/Q!
)Q!
0Q!
1Q!
2Q!
$Q!

:Q!
;Q!
<Q!
6Q!
7Q!
8Q!
9Q!
=Q!
>Q!
?Q!
@Q!
AQ!
BQ!
4Q!
5Q!

JQ!
KQ!
LQ!
FQ!
GQ!
HQ!
IQ!
MQ!
NQ!
OQ!
PQ!
QQ!
RQ!
DQ!
EQ!

ZQ!
[Q!
\Q!
VQ!
WQ!
XQ!
YQ!
]Q!
^Q!
_Q!
`Q!
aQ!
bQ!
TQ!
UQ!

jQ!
kQ!
lQ!
fQ!
gQ!
hQ!
iQ!
mQ!
nQ!
oQ!
pQ!
qQ!
rQ!
dQ!
eQ!

zQ!
{Q!
|Q!
vQ!
wQ!
xQ!
yQ!
}Q!
!R!
"R!
#R!
$R!
%R!
tQ!
uQ!

-R!
.R!
/R!
)R!
*R!
+R!
,R!
0R!
1R!
2R!
3R!
4R!
5R!
'R!
(R!

=R!
>R!
?R!
9R!
:R!
;R!
<R!
@R!
AR!
BR!
CR!
DR!
ER!
7R!
8R!

MR!
NR!
OR!
IR!
JR!
KR!
LR!
PR!
QR!
RR!
SR!
TR!
UR!
GR!
HR!

]R!
^R!
_R!
YR!
ZR!
[R!
\R!
`R!
aR!
bR!
cR!
dR!
eR!
WR!
XR!

mR!
nR!
oR!
iR!
jR!
kR!
lR!
pR!
qR!
rR!
sR!
tR!
uR!
gR!
hR!

}R!
!S!
"S!
yR!
zR!
{R!
|R!
#S!
$S!
%S!
&S!
'S!
(S!
wR!
xR!

0S!
1S!
2S!


3S!
4S!
5S!
6S!
7S!
/S!
8S!
*S!
+S!
,S!

@S!
AS!
BS!
<S!
=S!
>S!
?S!
CS!
DS!
ES!
FS!
GS!
HS!
:S!
;S!

PS!
QS!
RS!
LS!
MS!
NS!
OS!
SS!
TS!
US!
VS!
WS!
XS!
JS!
KS!

`S!
aS!
bS!
\S!
]S!
^S!
_S!
cS!
dS!
eS!
fS!
gS!
hS!
ZS!
[S!

pS!
qS!
rS!
lS!
mS!
nS!
oS!
sS!
tS!
uS!
vS!
wS!
xS!
jS!
kS!

#T!
$T!
%T!
|S!
}S!
!T!
"T!
&T!
'T!
(T!
)T!
*T!
+T!
zS!
{S!

3T!
-T!
.T!
/T!
0T!
1T!
2T!









CT!
DT!
ET!
?T!
@T!
AT!
BT!
FT!
GT!
HT!
IT!
JT!
KT!
=T!
>T!

ST!
TT!
UT!
OT!
PT!
QT!
RT!
VT!
WT!
XT!
YT!
ZT!
[T!
MT!
NT!

cT!
dT!
eT!
_T!
`T!
aT!
bT!
fT!
gT!
hT!
iT!
jT!
kT!
]T!
^T!

sT!
tT!
uT!
oT!
pT!
qT!
rT!
vT!
wT!
xT!
yT!
zT!
{T!
mT!
nT!

&U!
'U!
(U!
"U!
#U!
$U!
%U!
)U!
*U!
+U!
,U!
-U!
.U!
}T!
!U!

6U!
7U!
8U!
0U!
5U!
1U!
2U!
3U!
4U!







FU!
GU!
HU!
BU!
CU!
DU!
EU!
IU!
JU!
KU!
LU!
MU!
NU!
@U!
AU!

VU!
WU!
XU!
RU!
SU!
TU!
UU!
YU!
ZU!
[U!
\U!
]U!
^U!
PU!
QU!

fU!
gU!
hU!
bU!
cU!
dU!
eU!
iU!
jU!
kU!
lU!
mU!
nU!
`U!
aU!

vU!
wU!
xU!
rU!
sU!
tU!
uU!
yU!
zU!
{U!
|U!
}U!
!V!
pU!
qU!

)V!
*V!
+V!
%V!
&V!
'V!
(V!
,V!
-V!
.V!
/V!
0V!
1V!
#V!
$V!

9V!
:V!
;V!
5V!
6V!
7V!
8V!
<V!
=V!
>V!
?V!
@V!
AV!
3V!
4V!

IV!
JV!
KV!
EV!
FV!
GV!
HV!
LV!
MV!
NV!
OV!
PV!
QV!
CV!
DV!

YV!
ZV!
[V!
UV!
VV!
WV!
XV!
\V!
]V!
^V!
_V!
`V!
aV!
SV!
TV!

iV!
jV!
kV!
eV!
fV!
gV!
hV!
lV!
mV!
nV!
oV!
pV!
qV!
cV!
dV!

yV!
zV!
{V!
uV!
vV!
wV!
xV!
|V!
}V!
!W!
"W!
#W!
$W!
sV!
tV!

,W!
-W!
.W!
(W!
)W!
*W!
+W!
/W!
0W!
1W!
2W!
3W!
4W!
&W!
'W!

<W!
=W!
>W!
8W!
;W!
9W!
:W!
?W!
@W!
AW!
BW!
CW!
DW!
6W!
7W!

LW!
MW!
NW!
HW!
IW!
JW!
KW!
OW!
PW!
QW!
RW!
SW!
TW!
FW!
GW!

\W!
]W!
^W!
XW!
YW!
ZW!
[W!
_W!
`W!
aW!
bW!
cW!
dW!
VW!
WW!

lW!
mW!
nW!
hW!
iW!
jW!
kW!
oW!
pW!
qW!
rW!
sW!
tW!
fW!
gW!

|W!
}W!
!X!
xW!
yW!
zW!
{W!
"X!
#X!
$X!
%X!
&X!
'X!
vW!
wW!

/X!
0X!
1X!
+X!
,X!
-X!
.X!
2X!
3X!
4X!
5X!
6X!
7X!
)X!
*X!

?X!
@X!
AX!
9X!
:X!
;X!
<X!
=X!
>X!







OX!
PX!
QX!
KX!
LX!
MX!
NX!
RX!
SX!
TX!
UX!
VX!
WX!
IX!
JX!

_X!
`X!
aX!
[X!
\X!
]X!
^X!
bX!
cX!
dX!
eX!
fX!
gX!
YX!
ZX!

oX!
pX!
qX!
kX!
lX!
mX!
nX!
rX!
sX!
tX!
uX!
vX!
wX!
iX!
jX!

"Y!
#Y!
$Y!
{X!
|X!
}X!
!Y!
%Y!
&Y!
'Y!
(Y!
)Y!
*Y!
yX!
zX!

2Y!
3Y!
4Y!
.Y!
/Y!
0Y!
1Y!
5Y!
6Y!
7Y!
8Y!
9Y!
:Y!
,Y!
-Y!

BY!
CY!
DY!
>Y!
?Y!
@Y!
AY!
EY!
FY!
GY!
HY!
IY!
JY!
<Y!
=Y!

RY!
SY!
TY!
NY!
OY!
PY!
QY!
UY!
VY!
WY!
XY!
YY!
ZY!
LY!
MY!

bY!
cY!
dY!
^Y!
_Y!
`Y!
aY!
eY!
fY!
gY!
hY!
iY!
jY!
\Y!
]Y!

rY!
sY!
tY!
nY!
oY!
pY!
qY!
uY!
vY!
wY!
xY!
yY!
zY!
lY!
mY!

%Z!
&Z!
'Z!
!Z!
"Z!
#Z!
$Z!
(Z!
)Z!
*Z!
+Z!
,Z!
-Z!
|Y!
}Y!

5Z!
6Z!
7Z!
1Z!
2Z!
3Z!
4Z!
8Z!
9Z!
:Z!
;Z!
<Z!
=Z!
/Z!
0Z!

EZ!
FZ!
GZ!
AZ!
BZ!
CZ!
DZ!
HZ!
IZ!
JZ!
KZ!
LZ!
MZ!
?Z!
@Z!

UZ!
VZ!
WZ!
QZ!
RZ!
SZ!
TZ!
XZ!
YZ!
ZZ!
[Z!
\Z!
]Z!
OZ!
PZ!

eZ!
fZ!
gZ!
aZ!
bZ!
cZ!
dZ!
hZ!
iZ!
jZ!
kZ!
lZ!
mZ!
_Z!
`Z!

uZ!
vZ!
wZ!
qZ!
rZ!
sZ!
tZ!
xZ!
yZ!
zZ!
{Z!
|Z!
}Z!
oZ!
pZ!

([!
)[!
*[!
$[!
%[!
&[!
'[!
+[!
,[!
-[!
.[!
/[!
0[!
"[!
#[!

8[!
9[!
:[!
4[!
5[!
6[!
7[!
;[!
<[!
=[!
>[!
?[!
@[!
2[!
3[!

H[!
I[!
J[!
D[!
E[!
F[!
G[!
K[!
L[!
M[!
N[!
O[!
P[!
B[!
C[!

X[!
Y[!
Z[!
T[!
U[!
V[!
W[!
[[!
\[!
][!
^[!
_[!
`[!
R[!
S[!

g[!
e[!
f[!
h[!
i[!
j[!
k[!
l[!
m[!
n[!
o[!
p[!
b[!
c[!
d[!

x[!
y[!
z[!
t[!
u[!
v[!
w[!
{[!
|[!
}[!
!\!
"\!
#\!
r[!
s[!

+\!
,\!
-\!
'\!
(\!
)\!
*\!
.\!
/\!
0\!
1\!
2\!
3\!
%\!
&\!

;\!
<\!
=\!
7\!
8\!
9\!
:\!
>\!
?\!
@\!
A\!
B\!
C\!
5\!
6\!

K\!
L\!
M\!
G\!
H\!
I\!
J\!
N\!
O\!
P\!
Q\!
R\!
S\!
E\!
F\!

[\!
\\!
]\!
W\!
X\!
Y\!
Z\!
^\!
_\!
`\!
a\!
b\!
c\!
U\!
V\!

k\!
l\!
m\!
e\!
f\!
g\!
h\!
i\!
j\!







{\!
|\!
}\!
w\!
x\!
y\!
z\!
!]!
"]!
#]!
$]!
%]!
&]!
u\!
v\!

.]!
/]!
0]!
*]!
+]!
,]!
-]!
1]!
2]!
3]!
4]!
5]!
6]!
(]!
)]!

>]!
?]!
@]!
:]!
;]!
<]!
=]!
A]!
B]!
C]!
D]!
E]!
F]!
8]!
9]!

N]!
O]!
P]!
J]!
K]!
L]!
M]!
Q]!
R]!
S]!
T]!
U]!
V]!
H]!
I]!

^]!
_]!
`]!
Z]!
[]!
\]!
]]!
a]!
b]!
c]!
d]!
e]!
f]!
X]!
Y]!

n]!




o]!
m]!
p]!
q]!
r]!
s]!
t]!
u]!
v]!
h]!

!^!
"^!
#^!
z]!
{]!
|]!
}]!
$^!
%^!
&^!
'^!
(^!
)^!
x]!
y]!

1^!
2^!
3^!
-^!
.^!
/^!
0^!
4^!
5^!
6^!
7^!
8^!
9^!
+^!
,^!

A^!
B^!
C^!
=^!
>^!
?^!
@^!
D^!
E^!
F^!
G^!
H^!
I^!
;^!
<^!

Q^!
R^!
S^!
M^!
N^!
O^!
P^!
T^!
U^!
V^!
W^!
X^!
Y^!
K^!
L^!

a^!
b^!
c^!
]^!
^^!
_^!
`^!
d^!
e^!
f^!
g^!
h^!
i^!
[^!
\^!

q^!
r^!
s^!
m^!
n^!
o^!
p^!
t^!
u^!
v^!
w^!
x^!
y^!
k^!
l^!

$_!
%_!
&_!
}^!
!_!
"_!
#_!
'_!
(_!
)_!
*_!
+_!
,_!
{^!
|^!

4_!
5_!
6_!
0_!
1_!
2_!
3_!
7_!
8_!
9_!
:_!
;_!
<_!
._!
/_!

D_!
E_!
F_!
@_!
A_!
B_!
C_!
G_!
H_!
I_!
J_!
K_!
L_!
>_!
?_!

T_!
U_!
V_!
P_!
Q_!
R_!
S_!
W_!
X_!
Y_!
Z_!
[_!
\_!
N_!
O_!

d_!
e_!
f_!
`_!
a_!
b_!
c_!
g_!
h_!
i_!
j_!
k_!
l_!
^_!
__!

t_!
u_!
v_!


w_!
s_!
x_!
y_!
z_!
{_!
|_!
n_!
o_!
p_!

'`!
(`!
)`!
#`!
$`!
%`!
&`!
*`!
+`!
,`!
-`!
.`!
/`!
!`!
"`!

7`!
8`!
9`!
3`!
4`!
5`!
6`!
:`!
;`!
<`!
=`!
>`!
?`!
1`!
2`!

G`!
H`!
I`!
C`!
D`!
E`!
F`!
J`!
K`!
L`!
M`!
N`!
O`!
A`!
B`!

W`!
X`!
Y`!
S`!
T`!
U`!
V`!
Z`!
[`!
\`!
]`!
^`!
_`!
Q`!
R`!

g`!
h`!
i`!
c`!
d`!
e`!
f`!
j`!
k`!
l`!
m`!
n`!
o`!
a`!
b`!

w`!
x`!
y`!
s`!
t`!
u`!
v`!
z`!
{`!
|`!
}`!
!a!
"a!
q`!
r`!

*a!
+a!
,a!
&a!
'a!
(a!
)a!
-a!
.a!
/a!
0a!
1a!
2a!
$a!
%a!

:a!
;a!
<a!
6a!
7a!
8a!
9a!
=a!
>a!
?a!
@a!
Aa!
Ba!
4a!
5a!

Ja!
Ka!
La!
Fa!
Ga!
Ha!
Ia!
Ma!
Na!
Oa!
Pa!
Qa!
Ra!
Da!
Ea!

Za!
[a!
\a!
Va!
Wa!
Xa!
Ya!
]a!
^a!
_a!
`a!
aa!
ba!
Ta!
Ua!

ja!
ka!
la!
fa!
ga!
ha!
ia!
ma!
na!
oa!
pa!
qa!
ra!
da!
ea!

za!
{a!
|a!
ua!
va!
wa!
xa!
}a!
!b!
"b!
ya!
#b!
$b!
%b!
ta!

-b!
.b!
/b!
)b!
*b!
+b!
,b!
0b!
1b!
2b!
3b!
4b!
5b!
'b!
(b!

=b!
>b!
?b!
9b!
:b!
;b!
<b!
@b!
Ab!
Bb!
Cb!
Db!
Eb!
7b!
8b!

Mb!
Nb!
Ob!
Ib!
Jb!
Kb!
Lb!
Pb!
Qb!
Rb!
Sb!
Tb!
Ub!
Gb!
Hb!

]b!
^b!
_b!
Yb!
Zb!
[b!
\b!
`b!
ab!
bb!
cb!
db!
eb!
Wb!
Xb!

mb!
nb!
ob!
ib!
jb!
kb!
lb!
pb!
qb!
rb!
sb!
tb!
ub!
gb!
hb!

}b!
!c!
"c!
yb!
zb!
{b!
|b!
#c!
$c!
%c!
&c!
'c!
(c!
wb!
xb!

0c!
1c!
2c!
,c!
-c!
.c!
/c!
3c!
4c!
5c!
6c!
7c!
8c!
*c!
+c!

@c!
Ac!
Bc!
<c!
=c!
>c!
?c!
Cc!
Dc!
Ec!
Fc!
Gc!
Hc!
:c!
;c!

Pc!
Qc!
Rc!
Lc!
Mc!
Nc!
Oc!
Sc!
Tc!
Uc!
Vc!
Wc!
Xc!
Jc!
Kc!

`c!
ac!
bc!
\c!
]c!
^c!
_c!
cc!
dc!
ec!
fc!
gc!
hc!
Zc!
[c!

pc!
qc!
rc!
lc!
mc!
nc!
oc!
sc!
tc!
uc!
vc!
wc!
xc!
jc!
kc!

#d!
$d!
%d!
|c!
}c!
!d!
"d!
&d!
'd!
(d!
)d!
*d!
+d!
zc!
{c!

3d!
4d!
5d!


6d!
7d!
8d!
9d!
:d!
2d!
;d!
-d!
.d!
/d!

Cd!
Dd!
Ed!
?d!
@d!
Ad!
Bd!
Fd!
Gd!
Hd!
Id!
Jd!
Kd!
=d!
>d!

Sd!
Td!
Ud!
Od!
Pd!
Qd!
Rd!
Vd!
Wd!
Xd!
Yd!
Zd!
[d!
Md!
Nd!

cd!
dd!
ed!
_d!
`d!
ad!
bd!
fd!
gd!
hd!
id!
jd!
kd!
]d!
^d!

sd!
td!
ud!
od!
pd!
qd!
rd!
vd!
wd!
xd!
yd!
zd!
{d!
md!
nd!

&e!
'e!
(e!
"e!
#e!
$e!
%e!
)e!
*e!
+e!
,e!
-e!
.e!
}d!
!e!

6e!
0e!
1e!
2e!
3e!
4e!
5e!









Fe!
Ge!
He!
Be!
Ce!
De!
Ee!
Ie!
Je!
Ke!
Le!
Me!
Ne!
@e!
Ae!

Ve!
We!
Xe!
Re!
Se!
Te!
Ue!
Ye!
Ze!
[e!
\e!
]e!
^e!
Pe!
Qe!

fe!
ge!
he!
be!
ce!
de!
ee!
ie!
je!
ke!
le!
me!
ne!
`e!
ae!

ve!
we!
xe!
re!
se!
te!
ue!
ye!
ze!
{e!
|e!
}e!
!f!
pe!
qe!

)f!
*f!
+f!
%f!
&f!
'f!
(f!
,f!
-f!
.f!
/f!
0f!
1f!
#f!
$f!

9f!
:f!
;f!
3f!
8f!
4f!
5f!
6f!
7f!







If!
Jf!
Kf!
Ef!
Ff!
Gf!
Hf!
Lf!
Mf!
Nf!
Of!
Pf!
Qf!
Cf!
Df!

Yf!
Zf!
[f!
Uf!
Vf!
Wf!
Xf!
\f!
]f!
^f!
_f!
`f!
af!
Sf!
Tf!

if!
jf!
kf!
ef!
ff!
gf!
hf!
lf!
mf!
nf!
of!
pf!
qf!
cf!
df!

yf!
zf!
{f!
uf!
vf!
wf!
xf!
|f!
}f!
!g!
"g!
#g!
$g!
sf!
tf!

,g!
-g!
.g!
(g!
)g!
*g!
+g!
/g!
0g!
1g!
2g!
3g!
4g!
&g!
'g!

<g!
=g!
>g!
8g!
9g!
:g!
;g!
?g!
@g!
Ag!
Bg!
Cg!
Dg!
6g!
7g!

Lg!
Mg!
Ng!
Hg!
Ig!
Jg!
Kg!
Og!
Pg!
Qg!
Rg!
Sg!
Tg!
Fg!
Gg!

\g!
]g!
^g!
Xg!
Yg!
Zg!
[g!
_g!
`g!
ag!
bg!
cg!
dg!
Vg!
Wg!

lg!
mg!
ng!
hg!
ig!
jg!
kg!
og!
pg!
qg!
rg!
sg!
tg!
fg!
gg!

|g!
}g!
!h!
xg!
yg!
zg!
{g!
"h!
#h!
$h!
%h!
&h!
'h!
vg!
wg!

/h!
0h!
1h!
+h!
,h!
-h!
.h!
2h!
3h!
4h!
5h!
6h!
7h!
)h!
*h!

?h!
@h!
Ah!
;h!
>h!
<h!
=h!
Bh!
Ch!
Dh!
Eh!
Fh!
Gh!
9h!
:h!

Oh!
Ph!
Qh!
Kh!
Lh!
Mh!
Nh!
Rh!
Sh!
Th!
Uh!
Vh!
Wh!
Ih!
Jh!

_h!
`h!
ah!
[h!
\h!
]h!
^h!
bh!
ch!
dh!
eh!
fh!
gh!
Yh!
Zh!

oh!
ph!
qh!
kh!
lh!
mh!
nh!
rh!
sh!
th!
uh!
vh!
wh!
ih!
jh!

"i!
#i!
$i!
{h!
|h!
}h!
!i!
%i!
&i!
'i!
(i!
)i!
*i!
yh!
zh!

2i!
3i!
4i!
.i!
/i!
0i!
1i!
5i!
6i!
7i!
8i!
9i!
:i!
,i!
-i!

Bi!
Ci!
Di!
<i!
=i!
>i!
?i!
@i!
Ai!







Ri!
Si!
Ti!
Ni!
Oi!
Pi!
Qi!
Ui!
Vi!
Wi!
Xi!
Yi!
Zi!
Li!
Mi!

bi!
ci!
di!
^i!
_i!
`i!
ai!
ei!
fi!
gi!
hi!
ii!
ji!
\i!
]i!

ri!
si!
ti!
ni!
oi!
pi!
qi!
ui!
vi!
wi!
xi!
yi!
zi!
li!
mi!

%j!
&j!
'j!
!j!
"j!
#j!
$j!
(j!
)j!
*j!
+j!
,j!
-j!
|i!
}i!

5j!
6j!
7j!
1j!
2j!
3j!
4j!
8j!
9j!
:j!
;j!
<j!
=j!
/j!
0j!

Ej!
Fj!
Gj!
Aj!
Bj!
Cj!
Dj!
Hj!
Ij!
Jj!
Kj!
Lj!
Mj!
?j!
@j!

Uj!
Vj!
Wj!
Qj!
Rj!
Sj!
Tj!
Xj!
Yj!
Zj!
[j!
\j!
]j!
Oj!
Pj!

ej!
fj!
gj!
aj!
bj!
cj!
dj!
hj!
ij!
jj!
kj!
lj!
mj!
_j!
`j!

uj!
vj!
wj!
qj!
rj!
sj!
tj!
xj!
yj!
zj!
{j!
|j!
}j!
oj!
pj!

(k!
)k!
*k!
$k!
%k!
&k!
'k!
+k!
,k!
-k!
.k!
/k!
0k!
"k!
#k!

8k!
9k!
:k!
4k!
5k!
6k!
7k!
;k!
<k!
=k!
>k!
?k!
@k!
2k!
3k!

Hk!
Ik!
Jk!
Dk!
Ek!
Fk!
Gk!
Kk!
Lk!
Mk!
Nk!
Ok!
Pk!
Bk!
Ck!

Xk!
Yk!
Zk!
Tk!
Uk!
Vk!
Wk!
[k!
\k!
]k!
^k!
_k!
`k!
Rk!
Sk!

hk!
ik!
jk!
dk!
ek!
fk!
gk!
kk!
lk!
mk!
nk!
ok!
pk!
bk!
ck!

xk!
yk!
zk!
tk!
uk!
vk!
wk!
{k!
|k!
}k!
!l!
"l!
#l!
rk!
sk!

+l!
,l!
-l!
'l!
(l!
)l!
*l!
.l!
/l!
0l!
1l!
2l!
3l!
%l!
&l!

;l!
<l!
=l!
7l!
8l!
9l!
:l!
>l!
?l!
@l!
Al!
Bl!
Cl!
5l!
6l!

Kl!
Ll!
Ml!
Gl!
Hl!
Il!
Jl!
Nl!
Ol!
Pl!
Ql!
Rl!
Sl!
El!
Fl!

Zl!
Xl!
Yl!
[l!
\l!
]l!
^l!
_l!
`l!
al!
bl!
cl!
Ul!
Vl!
Wl!

kl!
ll!
ml!
gl!
hl!
il!
jl!
nl!
ol!
pl!
ql!
rl!
sl!
el!
fl!

{l!
|l!
}l!
wl!
xl!
yl!
zl!
!m!
"m!
#m!
$m!
%m!
&m!
ul!
vl!

.m!
/m!
0m!
*m!
+m!
,m!
-m!
1m!
2m!
3m!
4m!
5m!
6m!
(m!
)m!

>m!
?m!
@m!
:m!
;m!
<m!
=m!
Am!
Bm!
Cm!
Dm!
Em!
Fm!
8m!
9m!

Nm!
Om!
Pm!
Jm!
Km!
Lm!
Mm!
Qm!
Rm!
Sm!
Tm!
Um!
Vm!
Hm!
Im!

^m!
_m!
`m!
Zm!
[m!
\m!
]m!
am!
bm!
cm!
dm!
em!
fm!
Xm!
Ym!

nm!
om!
pm!
hm!
im!
jm!
km!
lm!
mm!







!n!
"n!
#n!
zm!
{m!
|m!
}m!
$n!
%n!
&n!
'n!
(n!
)n!
xm!
ym!

1n!
2n!
3n!
-n!
.n!
/n!
0n!
4n!
5n!
6n!
7n!
8n!
9n!
+n!
,n!

An!
Bn!
Cn!
=n!
>n!
?n!
@n!
Dn!
En!
Fn!
Gn!
Hn!
In!
;n!
<n!

Qn!
Rn!
Sn!
Mn!
Nn!
On!
Pn!
Tn!
Un!
Vn!
Wn!
Xn!
Yn!
Kn!
Ln!

an!
bn!
cn!
]n!
^n!
_n!
`n!
dn!
en!
fn!
gn!
hn!
in!
[n!
\n!

qn!




rn!
pn!
sn!
tn!
un!
vn!
wn!
xn!
yn!
kn!

$o!
%o!
&o!
}n!
!o!
"o!
#o!
'o!
(o!
)o!
*o!
+o!
,o!
{n!
|n!

4o!
5o!
6o!
0o!
1o!
2o!
3o!
7o!
8o!
9o!
:o!
;o!
<o!
.o!
/o!

Do!
Eo!
Fo!
@o!
Ao!
Bo!
Co!
Go!
Ho!
Io!
Jo!
Ko!
Lo!
>o!
?o!

So!
Qo!
Ro!
To!
Uo!
Vo!
Wo!
Xo!
Yo!
Zo!
[o!
\o!
No!
Oo!
Po!

do!
eo!
fo!
`o!
ao!
bo!
co!
go!
ho!
io!
jo!
ko!
lo!
^o!
_o!

to!
uo!
vo!
po!
qo!
ro!
so!
wo!
xo!
yo!
zo!
{o!
|o!
no!
oo!

'p!
(p!
)p!
#p!
$p!
%p!
&p!
*p!
+p!
,p!
-p!
.p!
/p!
!p!
"p!

7p!
8p!
9p!
3p!
4p!
5p!
6p!
:p!
;p!
<p!
=p!
>p!
?p!
1p!
2p!

Gp!
Hp!
Ip!
Cp!
Dp!
Ep!
Fp!
Jp!
Kp!
Lp!
Mp!
Np!
Op!
Ap!
Bp!

Wp!
Xp!
Yp!
Sp!
Tp!
Up!
Vp!
Zp!
[p!
\p!
]p!
^p!
_p!
Qp!
Rp!

gp!
hp!
ip!
ap!
bp!
cp!
dp!
ep!
fp!







wp!
xp!
yp!
sp!
tp!
up!
vp!
zp!
{p!
|p!
}p!
!q!
"q!
qp!
rp!

*q!
+q!
,q!
&q!
'q!
(q!
)q!
-q!
.q!
/q!
0q!
1q!
2q!
$q!
%q!

:q!
;q!
<q!
6q!
7q!
8q!
9q!
=q!
>q!
?q!
@q!
Aq!
Bq!
4q!
5q!

Jq!
Kq!
Lq!
Fq!
Gq!
Hq!
Iq!
Mq!
Nq!
Oq!
Pq!
Qq!
Rq!
Dq!
Eq!

Zq!
[q!
\q!


]q!
^q!
_q!
`q!
aq!
Yq!
bq!
Tq!
Uq!
Vq!

jq!
kq!
lq!
fq!
gq!
hq!
iq!
mq!
nq!
oq!
pq!
qq!
rq!
dq!
eq!

zq!




{q!
yq!
|q!
}q!
!r!
"r!
#r!
$r!
%r!
tq!

-r!
.r!
/r!
)r!
*r!
+r!
,r!
0r!
1r!
2r!
3r!
4r!
5r!
'r!
(r!

=r!
>r!
?r!
9r!
:r!
;r!
<r!
@r!
Ar!
Br!
Cr!
Dr!
Er!
7r!
8r!

Mr!
Nr!
Or!
Ir!
Jr!
Kr!
Lr!
Pr!
Qr!
Rr!
Sr!
Tr!
Ur!
Gr!
Hr!

]r!
^r!
_r!
Yr!
Zr!
[r!
\r!
`r!
ar!
br!
cr!
dr!
er!
Wr!
Xr!

mr!
nr!
or!
ir!
jr!
kr!
lr!
pr!
qr!
rr!
sr!
tr!
ur!
gr!
hr!

}r!
!s!
"s!
yr!
zr!
{r!
|r!
#s!
$s!
%s!
&s!
's!
(s!
wr!
xr!

0s!
1s!
2s!
,s!
-s!
.s!
/s!
3s!
4s!
5s!
6s!
7s!
8s!
*s!
+s!

@s!
As!
Bs!
<s!
=s!
>s!
?s!
Cs!
Ds!
Es!
Fs!
Gs!
Hs!
:s!
;s!

Ps!
Qs!
Rs!
Ls!
Ms!
Ns!
Os!
Ss!
Ts!
Us!
Vs!
Ws!
Xs!
Js!
Ks!

`s!
as!
bs!
\s!
]s!
^s!
_s!
cs!
ds!
es!
fs!
gs!
hs!
Zs!
[s!

ps!
qs!
rs!
ls!
ms!
ns!
os!
ss!
ts!
us!
vs!
ws!
xs!
js!
ks!

#t!
$t!
%t!


&t!
"t!
't!
(t!
)t!
*t!
+t!
zs!
{s!
|s!

3t!
4t!
5t!
/t!
0t!
1t!
2t!
6t!
7t!
8t!
9t!
:t!
;t!
-t!
.t!

Ct!
Dt!
Et!
?t!
@t!
At!
Bt!
Ft!
Gt!
Ht!
It!
Jt!
Kt!
=t!
>t!

St!
Tt!
Ut!
Ot!
Pt!
Qt!
Rt!
Vt!
Wt!
Xt!
Yt!
Zt!
[t!
Mt!
Nt!

ct!
dt!
et!
_t!
`t!
at!
bt!
ft!
gt!
ht!
it!
jt!
kt!
]t!
^t!

st!
tt!
ut!
ot!
pt!
qt!
rt!
vt!
wt!
xt!
yt!
zt!
{t!
mt!
nt!

&u!
'u!
(u!
"u!
#u!
$u!
%u!
)u!
*u!
+u!
,u!
-u!
.u!
}t!
!u!

6u!
7u!
8u!
2u!
3u!
4u!
5u!
9u!
:u!
;u!
<u!
=u!
>u!
0u!
1u!

Fu!
Gu!
Hu!
Bu!
Cu!
Du!
Eu!
Iu!
Ju!
Ku!
Lu!
Mu!
Nu!
@u!
Au!

Vu!
Wu!
Xu!
Ru!
Su!
Tu!
Uu!
Yu!
Zu!
[u!
\u!
]u!
^u!
Pu!
Qu!

fu!
gu!
hu!
bu!
cu!
du!
eu!
iu!
ju!
ku!
lu!
mu!
nu!
`u!
au!

vu!
wu!
xu!
ru!
su!
tu!
uu!
yu!
zu!
{u!
|u!
}u!
!v!
pu!
qu!

)v!
*v!
+v!
$v!
%v!
&v!
'v!
,v!
-v!
.v!
(v!
/v!
0v!
1v!
#v!

9v!
:v!
;v!
5v!
6v!
7v!
8v!
<v!
=v!
>v!
?v!
@v!
Av!
3v!
4v!

Iv!
Jv!
Kv!
Ev!
Fv!
Gv!
Hv!
Lv!
Mv!
Nv!
Ov!
Pv!
Qv!
Cv!
Dv!

Yv!
Zv!
[v!
Uv!
Vv!
Wv!
Xv!
\v!
]v!
^v!
_v!
`v!
av!
Sv!
Tv!

iv!
jv!
kv!
ev!
fv!
gv!
hv!
lv!
mv!
nv!
ov!
pv!
qv!
cv!
dv!

yv!
zv!
{v!
uv!
vv!
wv!
xv!
|v!
}v!
!w!
"w!
#w!
$w!
sv!
tv!

,w!
-w!
.w!
(w!
)w!
*w!
+w!
/w!
0w!
1w!
2w!
3w!
4w!
&w!
'w!

<w!
=w!
>w!
8w!
9w!
:w!
;w!
?w!
@w!
Aw!
Bw!
Cw!
Dw!
6w!
7w!

Lw!
Mw!
Nw!
Hw!
Iw!
Jw!
Kw!
Ow!
Pw!
Qw!
Rw!
Sw!
Tw!
Fw!
Gw!

\w!
]w!
^w!
Xw!
Yw!
Zw!
[w!
_w!
`w!
aw!
bw!
cw!
dw!
Vw!
Ww!

lw!
mw!
nw!
hw!
iw!
jw!
kw!
ow!
pw!
qw!
rw!
sw!
tw!
fw!
gw!

|w!
}w!
!x!
xw!
yw!
zw!
{w!
"x!
#x!
$x!
%x!
&x!
'x!
vw!
ww!

/x!
0x!
1x!


2x!
3x!
4x!
5x!
6x!
.x!
7x!
)x!
*x!
+x!

?x!
@x!
Ax!
;x!
<x!
=x!
>x!
Bx!
Cx!
Dx!
Ex!
Fx!
Gx!
9x!
:x!

Ox!
Px!
Qx!
Kx!
Lx!
Mx!
Nx!
Rx!
Sx!
Tx!
Ux!
Vx!
Wx!
Ix!
Jx!

_x!
`x!
ax!
[x!
\x!
]x!
^x!
bx!
cx!
dx!
ex!
fx!
gx!
Yx!
Zx!

ox!
px!
qx!
kx!
lx!
mx!
nx!
rx!
sx!
tx!
ux!
vx!
wx!
ix!
jx!

"y!
#y!
$y!
{x!
|x!
}x!
!y!
%y!
&y!
'y!
(y!
)y!
*y!
yx!
zx!

2y!
3y!
4y!
.y!
/y!
0y!
1y!
5y!
6y!
7y!
8y!
9y!
:y!
,y!
-y!


















Sy!
Ty!
Uy!
Oy!
Py!
Qy!
Ry!
Vy!
Wy!
Xy!
Yy!
Zy!
[y!
My!
Ny!

cy!
dy!
ey!
_y!
`y!
ay!
by!
fy!
gy!
hy!
iy!
jy!
ky!
]y!
^y!
my!
ny!
qy!
sy!
vy!
ty!
uy!
wy!
xy!
yy!
zy!
{y!
}y!
#z!
!z!
"z!
$z!
%z!
&z!
'z!
(z!
)z!
*z!
+z!
,z!
-z!
.z!
/z!
0z!
py!
1z!
5z!
6z!
7z!
8z!
9z!
2z!
3z!
4z!
>z!
?z!
@z!
Az!
Bz!
Cz!
Dz!
Ez!
Fz!
Gz!
Iz!
bz!
Kz!
`z!
Lz!
Yz!
Nz!
D|!
<{!
G|!
Qz!
Rz!
Sz!
Tz!
Uz!
Vz!
Wz!
Xz!
\z!
Jz!
[z!
Oz!
]z!
^z!
cz!
jz!
kz!
lz!
fz!
gz!
hz!
iz!
mz!
nz!
oz!
pz!
qz!
rz!
dz!
ez!
sz!
tz!
uz!
vz!
wz!
xz!
yz!
'{!
2{!
5{!
|z!
}z!
!{!
"{!
#{!
${!
%{!
&{!
({!
){!
*{!
+{!
,{!
-{!
.{!
/{!
0{!
1{!
3{!
4{!
6{!
7{!
8{!
9{!
:{!
;{!
zz!
{z!
?{!
>{!
={!
@{!
A{!
H{!
I{!
J{!
D{!
E{!
F{!
G{!
K{!
L{!
M{!
N{!
O{!
P{!
B{!
C{!
Q{!
X{!
Y{!
Z{!
T{!
U{!
V{!
W{!
[{!
\{!
]{!
^{!
_{!
`{!
R{!
S{!
c{!
a{!
j{!
d{!
k{!
l{!
m{!
n{!
o{!
p{!
q{!
s{!
e{!
h{!
r{!
f{!
g{!
i{!
t{!
[|!
v{!
w{!
u{!
3|!
Zz!
Mz!
x{!
y{!
{{!
!|!
}{!
|{!
&|!
4|!
:|!
<|!
+|!
'|!
(|!
2|!
-|!
%|!
)|!
;|!
/|!
0|!
A|!
5|!
6|!
9|!
.|!
1|!
7|!
8|!
=|!
>|!
?|!
@|!
B|!
$|!
*|!
,|!
E|!
F|!
#|!
C|!
H|!
I|!
K|!
R|!
S|!
T|!
N|!
O|!
P|!
Q|!
U|!
V|!
W|!
X|!
Y|!
Z|!
L|!
M|!
Z!"
[!"
\!"
]!"
^!"
_!"
`!"
a!"
[&"
\&"
^&"
U+"
_&"
a&"
c&"
e&"
d&"
f&"
g&"
b&"
h&"
i&"
l&"
m&"
k&"
n&"
o&"
p&"
q&"
r&"
s&"
t&"
u&"
v&"
y&"
w&"
x&"
z&"
|&"
s+"
('"
|+"
"'"
#'"
%'"
&'"
$'"
''"
}&"
!'"
,'"
-'"
.'"
/'"
0'"
1'"
2'"
3'"
4'"
5'"
7'"
P'"
8'"
I'"
N'"
='"
9'"
:'"
G'"
J'"
<'"
2)"
*("
5)"
?'"
@'"
A'"
B'"
C'"
D'"
E'"
F'"
K'"
L'"
Q'"
X'"
Y'"
Z'"
T'"
U'"
V'"
W'"
['"
\'"
]'"
^'"
_'"
`'"
R'"
S'"
a'"
b'"
c'"
d'"
e'"
f'"
g'"
r'"
}'"
#("
j'"
k'"
l'"
m'"
n'"
o'"
p'"
q'"
s'"
t'"
u'"
v'"
w'"
x'"
y'"
z'"
{'"
|'"
!("
"("
$("
%("
&("
'("
(("
)("
h'"
i'"
,("
+("
.("
O'"
/("
6("
7("
8("
3("
4("
9("
5("
:("
;("
<("
=("
>("
0("
1("
2("
?("
F("
G("
H("
B("
C("
D("
E("
I("
J("
K("
L("
M("
N("
@("
A("
Q("
O("
R("
Y("
Z("
[("
U("
V("
W("
X("
\("
]("
^("
_("
`("
a("
S("
T("
b("
I)"
d("
e("
c("
!)"
H'"
;'"
f("
g("
i("
l("
k("
j("
p("
o("
v("
y("
z("
{("
|("
q("
}("
r("
s("
t("
")"
()"
*)"
+)"
))"
&)"
,)"
-)"
.)"
%)"
/)"
#)"
$)"
')"
0)"
u("
w("
x("
3)"
4)"
n("
1)"
6)"
7)"
9)"
@)"
A)"
B)"
<)"
=)"
>)"
?)"
C)"
D)"
E)"
F)"
G)"
H)"
:)"
;)"
J)"
O)"
L)"
N)"
Q)"
R)"
S)"
V)"
T)"
U)"
Y)"
K)"
W)"
X)"
M)"
P)"
[)"
\)"
^)"
Z)"
a)"
b)"
c)"
f)"
d)"
e)"
h)"
i)"
g)"
])"
_)"
`)"
j)"
q)"
r)"
s)"
l)"
m)"
n)"
p)"
t)"
w)"
k)"
o)"
u)"
v)"
x)"
y)"
!*"
"*"
#*"
z)"
$*"
**"
+*"
,*"
%*"
&*"
'*"
(*"
)*"
{)"
|)"
})"
.*"
5*"
6*"
7*"
1*"
2*"
3*"
4*"
8*"
9*"
;*"
0*"
:*"
<*"
=*"
/*"
@*"
A*"
B*"
C*"
D*"
>*"
J*"
M*"
E*"
F*"
G*"
H*"
I*"
K*"
L*"
?*"
O*"
F/"
{&"
r+"
P*"
Q*"
R*"
G+"
S*"
T*"
U*"
V*"
W*"
X*"
Y*"
Z*"
`*"
a*"
b*"
\*"
e*"
f*"
g*"
h*"
j*"
d*"
i*"
c*"
k*"
]*"
^*"
_*"
l*"
m*"
o*"
p*"
u*"
v*"
q*"
r*"
s*"
t*"
w*"
#+"
x*"
y*"
z*"
{*"
|*"
}*"
!+"
"+"
'+"
(+"
*+"
$+"
%+"
&+"
++"
,+"
-+"
.+"
/+"
0+"
1+"
2+"
4+"
7+"
:+"
;+"
6+"
8+"
9+"
3+"
<+"
A+"
B+"
5+"
=+"
>+"
?+"
@+"
C+"
D+"
F+"
-*"
H+"
I+"
J+"
K+"
L+"
M+"
N+"
O+"
R+"
S+"
V+"
X+"
Y+"
Z+"
[+"
]+"
^+"
_+"
\+"
`+"
c+"
d+"
b+"
e+"
f+"
g+"
h+"
i+"
j+"
k+"
l+"
m+"
p+"
n+"
o+"
q+"
w+"
x+"
y+"
z+"
{+"
t+"
u+"
v+"
#,"
$,"
%,"
&,"
',"
(,"
),"
*,"
+,"
,,"
.,"
G,"
0,"
E,"
1,"
>,"
3,"
)."
!-"
,."
6,"
7,"
8,"
9,"
:,"
;,"
<,"
=,"
A,"
/,"
@,"
4,"
B,"
C,"
H,"
O,"
P,"
Q,"
K,"
L,"
M,"
N,"
R,"
S,"
T,"
U,"
V,"
W,"
I,"
J,"
X,"
Y,"
Z,"
[,"
\,"
],"
^,"
i,"
t,"
w,"
a,"
b,"
c,"
d,"
e,"
f,"
g,"
h,"
j,"
k,"
l,"
m,"
n,"
o,"
p,"
q,"
r,"
s,"
u,"
v,"
x,"
y,"
z,"
{,"
|,"
},"
_,"
`,"
$-"
#-"
"-"
%-"
&-"
--"
.-"
/-"
'-"
(-"
)-"
*-"
+-"
,-"
0-"
1-"
2-"
3-"
4-"
5-"
6-"
=-"
>-"
?-"
9-"
:-"
;-"
<-"
@-"
A-"
B-"
C-"
D-"
E-"
7-"
8-"
H-"
F-"
I-"
P-"
Q-"
R-"
L-"
M-"
N-"
O-"
S-"
T-"
U-"
V-"
W-"
X-"
J-"
K-"
Y-"
@."
[-"
\-"
Z-"
u-"
?,"
2,"
]-"
^-"
`-"
c-"
b-"
a-"
m-"
i-"
j-"
t-"
o-"
p-"
g-"
k-"
q-"
r-"
&."
w-"
v-"
|-"
!."
"."
x-"
{-"
s-"
h-"
}-"
z-"
#."
$."
%."
y-"
'."
f-"
l-"
n-"
*."
+."
e-"
(."
-."
.."
0."
7."
8."
9."
3."
4."
5."
6."
:."
;."
<."
=."
>."
?."
1."
2."
A."
H."
E."
F."
I."
J."
M."
N."
L."
P."
B."
C."
O."
D."
G."
K."
R."
S."
U."
Q."
X."
Y."
Z."
]."
[."
\."
_."
`."
^."
T."
V."
W."
a."
h."
i."
j."
c."
d."
e."
g."
k."
n."
b."
f."
l."
m."
o."
p."
u."
v."
w."
q."
x."
!/"
"/"
#/"
y."
z."
{."
|."
}."
r."
s."
t."
%/"
,/"
-/"
./"
(/"
)/"
*/"
+/"
//"
0/"
2/"
'/"
1/"
3/"
4/"
&/"
7/"
8/"
9/"
:/"
;/"
5/"
A/"
D/"
</"
=/"
>/"
?/"
@/"
B/"
C/"
6/"
G/"
H/"
I/"
>0"
J/"
K/"
L/"
M/"
N/"
O/"
P/"
Q/"
T/"
U/"
V/"
W/"
X/"
Y/"
S/"
Z/"
[/"
\/"
]/"
`/"
^/"
_/"
a/"
b/"
c/"
d/"
f/"
g/"
l/"
m/"
h/"
i/"
j/"
k/"
n/"
w/"
o/"
p/"
q/"
r/"
s/"
t/"
u/"
v/"
{/"
|/"
!0"
x/"
y/"
z/"
"0"
#0"
$0"
%0"
&0"
'0"
(0"
)0"
+0"
.0"
10"
20"
-0"
/0"
00"
*0"
30"
80"
90"
,0"
40"
50"
60"
70"
:0"
;0"
=0"
$/"
?0"
@0"
A0"
B0"
C0"
D0"
E0"
F0"
#5"
$5"
%5"
&5"
'5"
(5"
)5"
*5"
+5"
,5"
-5"
.5"
/5"
05"
15"
25"
75"
45"
65"
85"
:5"
;5"
95"
<5"
D5"
E5"
H5"
M5"
G5"
I5"
55"
'8"
J5"
K5"
L5"
]5"
S5"
a5"
i5"
j5"
T5"
V5"
X5"
[5"
U5"
s5"
C5"
F5"
Y5"
P5"
Q5"
R5"
Z5"
`5"
b5"
c5"
\5"
^5"
_5"
d5"
e5"
}5"
*6"
/6"
f5"
N5"
O5"
W5"
g5"
h5"
@5"
A5"
k5"
l5"
m5"
n5"
o5"
p5"
q5"
r5"
t5"
u5"
v5"
w5"
|5"
!6"
"6"
#6"
$6"
%6"
&6"
'6"
)6"
+6"
,6"
-6"
.6"
06"
16"
36"
26"
66"
76"
96"
46"
86"
x5"
{5"
56"
:6"
y5"
z5"
;6"
>5"
?5"
B5"
=6"
>6"
?6"
@6"
A6"
P6"
Z6"
`6"
B6"
C6"
D6"
E6"
F6"
w6"
%7"
87"
G6"
H6"
I6"
J6"
M6"
N6"
O6"
Q6"
R6"
S6"
T6"
U6"
V6"
W6"
X6"
Y6"
[6"
\6"
]6"
^6"
_6"
a6"
b6"
d6"
c6"
f6"
h6"
k6"
e6"
g6"
j6"
n6"
i6"
m6"
p6"
r6"
l6"
07"
?7"
<6"
o6"
q6"
K6"
L6"
s6"
t6"
z6"
{6"
y6"
!7"
&7"
'7"
|6"
}6"
"7"
#7"
$7"
u6"
v6"
x6"
(7"
)7"
*7"
+7"
,7"
-7"
.7"
/7"
57"
67"
w:"
x:"
77"
97"
:7"
;7"
<7"
C7"
D7"
E7"
=7"
>7"
@7"
B7"
F7"
H7"
J7"
K7"
L7"
M7"
N7"
O7"
P7"
<8"
>8"
47"
Q7"
R7"
S7"
T7"
V7"
W7"
Z7"
^7"
X7"
\7"
]7"
A7"
Y7"
G7"
I7"
U7"
`7"
a7"
b7"
c7"
d7"
e7"
h7"
i7"
g7"
k7"
o7"
p7"
j7"
l7"
n7"
*8"
m7"
r7"
s7"
t7"
q7"
)8"
+8"
-8"
u7"
v7"
27"
37"
z7"
{7"
|7"
}7"
!8"
"8"
#8"
$8"
(8"
w7"
x7"
y7"
/8"
08"
_7"
.8"
18"
z8"
78"
98"
:8"
=8"
?8"
@8"
A8"
R8"
G8"
H8"
V8"
^8"
I8"
K8"
M8"
P8"
J8"
h8"
88"
;8"
N8"
B8"
E8"
F8"
O8"
U8"
W8"
X8"
Q8"
S8"
T8"
Y8"
Z8"
r8"
|8"
$9"
[8"
C8"
D8"
L8"
\8"
]8"
58"
68"
_8"
`8"
a8"
b8"
c8"
d8"
e8"
f8"
g8"
i8"
j8"
k8"
q8"
s8"
t8"
u8"
v8"
w8"
x8"
y8"
{8"
}8"
!9"
"9"
#9"
%9"
&9"
(9"
'9"
+9"
,9"
.9"
)9"
-9"
m8"
p8"
*9"
l8"
n8"
o8"
/9"
69"
E9"
O9"
09"
28"
38"
48"
19"
29"
39"
49"
59"
79"
89"
99"
:9"
<9"
=9"
>9"
;9"
l9"
w9"
-:"
A9"
B9"
C9"
D9"
F9"
G9"
H9"
I9"
J9"
K9"
L9"
M9"
N9"
^9"
b9"
e9"
P9"
Q9"
R9"
S9"
T9"
V9"
W9"
Y9"
U9"
X9"
[9"
]9"
Z9"
\9"
_9"
c9"
`9"
a9"
%:"
4:"
d9"
f9"
?9"
@9"
h9"
i9"
o9"
p9"
m9"
n9"
s9"
x9"
q9"
r9"
t9"
u9"
v9"
g9"
j9"
k9"
y9"
z9"
{9"
|9"
}9"
!:"
":"
#:"
(:"
6:"
;:"
=:"
,:"
.:"
/:"
0:"
1:"
8:"
9:"
::"
2:"
3:"
5:"
7:"
<:"
>:"
P:"
[:"
?:"
@:"
A:"
B:"
E:"
):"
*:"
+:"
G:"
H:"
I:"
K:"
J:"
M:"
Q:"
R:"
L:"
O:"
S:"
T:"
N:"
Y:"
Z:"
]:"
U:"
V:"
W:"
X:"
\:"
`:"
d:"
e:"
^:"
_:"
a:"
c:"
b:"
g:"
h:"
i:"
f:"
C:"
D:"
F:"
j:"
k:"
&:"
':"
n:"
o:"
p:"
q:"
r:"
s:"
t:"
u:"
v:"
,8"
[7"
f7"
y:"
z:"
l:"
m:"
{:"
S;"
V;"
W;"
";"
#;"
$;"
35"
%;"
X;"
Y;"
<;"
&;"
';"
(;"
);"
*;"
+;"
,;"
-;"
.;"
5;"
/;"
0;"
1;"
2;"
3;"
4;"
7;"
8;"
9;"
:;"
;;"
|:"
}:"
!;"
A;"
C;"
E;"
G;"
B;"
D;"
F;"
H;"
I;"
K;"
=;"
6;"
J;"
_;"
j;"
l;"
L;"
M;"
N;"
O;"
P;"
=5"
(6"
17"
Q;"
R;"
?;"
@;"
Z;"
[;"
\;"
];"
^;"
T;"
U;"
>;"
a;"
b;"
d;"
f;"
c;"
e;"
g;"
i;"
h;"
k;"
%8"
&8"
m;"
n;"
o;"
p;"
q;"
r;"
s;"
`;"
x;"
{;"
|;"
};"
!<"
"<"
u;"
v;"
%<"
&<"
'<"
(<"
)<"
1<"
y;"
z;"
*<"
2<"
#<"
$<"
+<"
,<"
-<"
.<"
/<"
0<"
t;"
w;"
ly!
oy!
ry!
|y!
:z!
;z!
<z!
=z!
Hz!
Pz!
_z!
az!
b{!
z{!
"|!
J|!
\|!
c|!
d|!
e|!
]|!
^|!
`|!
b|!
f|!
i|!
j|!
k|!
g|!
h|!
_|!
a|!
l|!
s|!
t|!
u|!
p|!
q|!
w|!
y|!
z|!
v|!
x|!
r|!
{|!
m|!
n|!
o|!
#}!
$}!
||!
&}!
'}!
.}!
}|!
"}!
(}!
)}!
*}!
+}!
,}!
-}!
!}!
%}!
5}!
/}!
6}!
=}!
7}!
8}!
9}!
:}!
;}!
<}!
2}!
3}!
>}!
0}!
1}!
4}!
@}!
G}!
H}!
I}!
A}!
C}!
D}!
E}!
F}!
J}!
M}!
B}!
K}!
L}!
N}!
O}!
Q}!
R}!
S}!
T}!
U}!
V}!
P}!
Y}!
W}!
X}!
\}!
]}!
Z}!
[}!
^}!
_}!
b}!
c}!
d}!
Y!"
e}!
f}!
g}!
h}!
i}!
j}!
k}!
l}!
q}!
r}!
s}!
v}!
w}!
x}!
{}!
|}!
y}!
z}!
o}!
p}!
}}!
t}!
n}!
u}!
!!"
"!"
'!"
*!"
+!"
.!"
(!"
)!"
-!"
/!"
,!"
5!"
0!"
$!"
%!"
&!"
1!"
2!"
3!"
4!"
9!"
:!"
<!"
6!"
7!"
8!"
=!"
>!"
?!"
@!"
A!"
B!"
C!"
D!"
F!"
L!"
M!"
N!"
I!"
J!"
K!"
E!"
O!"
P!"
Q!"
T!"
R!"
S!"
G!"
H!"
U!"
V!"
X!"
?}!
`}!
a}!
m}!
#!"
;!"
W!"
b!"
c!"
f!"
i!"
s!"
1""
2""
3""
4""
?""
G""
V""
X""
Y#"
q#"
v#"
A$"
d!"
e!"
h!"
j!"
k!"
l!"
n!"
r!"
m!"
o!"
p!"
q!"
u!"
v!"
t!"
w!"
x!"
y!"
z!"
{!"
|!"
}!"
!""
"""
%""
#""
$""
&""
'""
g!"
(""
)""
*""
+""
,""
-""
.""
0""
/""
5""
6""
7""
8""
9""
:""
;""
<""
=""
>""
@""
Y""
B""
W""
C""
P""
E""
;$"
3#"
>$"
H""
I""
J""
K""
L""
M""
N""
O""
S""
A""
R""
F""
T""
U""
Z""
a""
b""
c""
]""
^""
_""
`""
d""
e""
f""
g""
h""
i""
[""
\""
j""
k""
l""
m""
n""
o""
p""
{""
)#"
,#"
s""
t""
u""
v""
w""
x""
y""
z""
|""
}""
!#"
"#"
##"
$#"
%#"
&#"
'#"
(#"
*#"
+#"
-#"
.#"
/#"
0#"
1#"
2#"
q""
r""
6#"
5#"
4#"
7#"
8#"
?#"
:#"
;#"
<#"
=#"
@#"
>#"
A#"
B#"
C#"
D#"
E#"
F#"
G#"
9#"
H#"
O#"
P#"
Q#"
K#"
L#"
M#"
N#"
R#"
S#"
T#"
U#"
V#"
W#"
I#"
J#"
Z#"
X#"
a#"
d#"
g#"
[#"
b#"
e#"
h#"
i#"
c#"
f#"
\#"
]#"
j#"
^#"
_#"
`#"
k#"
R$"
m#"
n#"
l#"
*$"
Q""
D""
o#"
p#"
r#"
u#"
t#"
s#"
y#"
+$"
2$"
3$"
"$"
z#"
{#"
|#"
#$"
$$"
)$"
}#"
x#"
!$"
-$"
/$"
0$"
($"
1$"
7$"
4$"
5$"
6$"
%$"
&$"
'$"
8$"
.$"
9$"
,$"
<$"
=$"
w#"
:$"
?$"
@$"
B$"
I$"
J$"
K$"
E$"
F$"
G$"
H$"
L$"
M$"
N$"
O$"
P$"
Q$"
C$"
D$"
Q&"
R&"
S&"
T&"
U&"
V&"
W&"
X&"
S$"
Z$"
[$"
\$"
]$"
_$"
`$"
a$"
^$"
V$"
W$"
Y$"
b$"
T$"
U$"
X$"
g$"
h$"
p$"
f$"
k$"
l$"
m$"
n$"
c$"
j$"
o$"
i$"
q$"
r$"
d$"
e$"
s$"
z$"
{$"
|$"
u$"
w$"
x$"
y$"
v$"
}$"
!%"
"%"
#%"
$%"
%%"
t$"
&%"
-%"
.%"
/%"
)%"
*%"
+%"
,%"
0%"
3%"
5%"
(%"
1%"
2%"
4%"
'%"
7%"
>%"
?%"
C%"
@%"
A%"
B%"
D%"
E%"
9%"
:%"
=%"
F%"
8%"
;%"
<%"
G%"
N%"
Q%"
R%"
H%"
I%"
K%"
L%"
J%"
M%"
O%"
P%"
S%"
T%"
U%"
V%"
\%"
]%"
^%"
_%"
`%"
a%"
b%"
c%"
g%"
h%"
i%"
n%"
j%"
k%"
e%"
l%"
m%"
o%"
p%"
q%"
r%"
s%"
t%"
f%"
u%"
v%"
x%"
y%"
!&"
z%"
{%"
|%"
}%"
"&"
#&"
,&"
$&"
%&"
&&"
'&"
(&"
+&"
)&"
*&"
-&"
.&"
/&"
0&"
1&"
2&"
4&"
5&"
6&"
7&"
8&"
9&"
:&"
;&"
?&"
A&"
B&"
<&"
@&"
C&"
D&"
E&"
F&"
J&"
K&"
>&"
G&"
H&"
I&"
=&"
M&"
N&"
O&"
6%"
P&"
W%"
Y%"
Z%"
X%"
[%"
d%"
w%"
3&"
L&"
Y&"
Z&"
]&"
`&"
j&"
)'"
*'"
+'"
6'"
>'"
M'"
-("
P("
h("
m("
8)"
N*"
[*"
n*"
)+"
E+"
P+"
Q+"
T+"
W+"
a+"
}+"
!,"
","
-,"
5,"
D,"
F,"
G-"
_-"
d-"
/."
E/"
R/"
e/"
}/"
<0"
G0"
H0"
I0"
J0"
K0"
L0"
M0"
N0"
O0"
P0"
Q0"
R0"
S0"
T0"
U0"
V0"
W0"
X0"
Y0"
Z0"
[0"
\0"
]0"
^0"
_0"
`0"
a0"
b0"
c0"
d0"
e0"
f0"
g0"
h0"
i0"
j0"
k0"
l0"
m0"
n0"
o0"
p0"
q0"
r0"
s0"
t0"
u0"
v0"
w0"
x0"
y0"
z0"
{0"
|0"
}0"
!1"
"1"
#1"
$1"
%1"
&1"
'1"
(1"
)1"
*1"
+1"
,1"
-1"
.1"
/1"
01"
11"
21"
31"
41"
51"
61"
71"
81"
91"
:1"
;1"
<1"
=1"
>1"
?1"
@1"
A1"
B1"
C1"
D1"
E1"
F1"
G1"
H1"
I1"
J1"
K1"
L1"
M1"
N1"
O1"
P1"
Q1"
R1"
S1"
T1"
U1"
V1"
W1"
X1"
Y1"
Z1"
[1"
\1"
]1"
^1"
_1"
`1"
a1"
b1"
c1"
d1"
e1"
f1"
g1"
h1"
i1"
j1"
k1"
l1"
m1"
n1"
o1"
p1"
q1"
r1"
s1"
t1"
u1"
v1"
w1"
x1"
y1"
z1"
{1"
|1"
}1"
!2"
"2"
#2"
$2"
%2"
&2"
'2"
(2"
)2"
*2"
+2"
,2"
-2"
.2"
/2"
02"
12"
22"
32"
42"
52"
62"
72"
82"
92"
:2"
;2"
<2"
=2"
>2"
?2"
@2"
A2"
B2"
C2"
D2"
E2"
F2"
G2"
H2"
I2"
J2"
K2"
L2"
M2"
N2"
O2"
P2"
Q2"
R2"
S2"
T2"
U2"
V2"
W2"
X2"
Y2"
Z2"
[2"
\2"
]2"
^2"
_2"
`2"
a2"
b2"
c2"
d2"
e2"
f2"
g2"
h2"
i2"
j2"
k2"
l2"
m2"
n2"
o2"
p2"
q2"
r2"
s2"
t2"
u2"
v2"
w2"
x2"
y2"
z2"
{2"
|2"
}2"
!3"
"3"
#3"
$3"
%3"
&3"
'3"
(3"
)3"
*3"
+3"
,3"
-3"
.3"
/3"
03"
13"
23"
33"
43"
53"
63"
73"
83"
93"
:3"
;3"
<3"
=3"
>3"
?3"
@3"
A3"
B3"
C3"
D3"
E3"
F3"
G3"
H3"
I3"
J3"
K3"
L3"
M3"
N3"
O3"
P3"
Q3"
R3"
S3"
T3"
U3"
V3"
W3"
X3"
Y3"
Z3"
[3"
\3"
]3"
^3"
_3"
`3"
a3"
b3"
c3"
d3"
e3"
f3"
g3"
h3"
i3"
j3"
k3"
l3"
m3"
n3"
o3"
p3"
q3"
r3"
s3"
t3"
u3"
v3"
w3"
x3"
y3"
z3"
{3"
|3"
}3"
!4"
"4"
#4"
$4"
%4"
&4"
'4"
(4"
)4"
*4"
+4"
,4"
-4"
.4"
/4"
04"
14"
24"
34"
44"
54"
64"
74"
84"
94"
:4"
;4"
<4"
=4"
>4"
?4"
@4"
A4"
B4"
C4"
D4"
E4"
F4"
G4"
H4"
I4"
J4"
K4"
L4"
M4"
N4"
O4"
P4"
Q4"
R4"
S4"
T4"
U4"
V4"
W4"
X4"
Y4"
Z4"
[4"
\4"
]4"
^4"
_4"
`4"
a4"
b4"
c4"
d4"
e4"
f4"
g4"
h4"
i4"
j4"
k4"
l4"
m4"
n4"
o4"
p4"
q4"
r4"
s4"
t4"
u4"
v4"
w4"
x4"
y4"
z4"
{4"
|4"
}4"
!5"
"5"
$:"










































































































































