




















































































































































































































































































































































































































































































































































































































































































































































































































































































































































































































































































































































































































































































































































































































































































































































































































































































































































































































































































































































































































































































































































































































































































































































































































































































































































































































































































































































































































































































































































































































































































































































































































































































































































































































































































































































































































































































































































































































































































































































































































































































































































































































































































































































































































































































































































































































































































































































































































































































































































































































































































































































































































































































































































































































































































































































































































































































































































































































































































































































































































































































































































































































































































































































































































































































































































































































































































































































































































































































































































































































































































































































































































































































































































































































































































































































































































































































































































































































































































































































































































































































































































































































































































































































































































































































































































































































































































































































































































/|!
'|!
(|!
)|!
*|!
+|!
,|!
-|!
.|!



















































m|!
c|!
d|!
e|!
f|!
g|!
h|!
i|!
j|!
k|!
l|!











&}!
y|!
z|!
{|!
||!
}|!
!}!
"}!
#}!
$}!
%}!












































]}!
S}!
T}!
U}!
V}!
W}!
X}!
Y}!
Z}!
[}!
\}!











q}!
i}!
j}!
k}!
l}!
m}!
n}!
o}!
p}!







&!"
y}!
z}!
{}!
|}!
}}!
!!"
"!"
#!"
$!"
%!"











<!"
2!"
3!"
4!"
5!"
6!"
7!"
8!"
9!"
:!"
;!"











R!"
H!"
I!"
J!"
K!"
L!"
M!"
N!"
O!"
P!"
Q!"











h!"
^!"
_!"
`!"
a!"
b!"
c!"
d!"
e!"
f!"
g!"



































9""
/""
0""
1""
2""
3""
4""
5""
6""
7""
8""











M""
E""
F""
G""
H""
I""
J""
K""
L""







_""
U""
V""
W""
X""
Y""
Z""
[""
\""
]""
^""











u""
k""
l""
m""
n""
o""
p""
q""
r""
s""
t""











.#"
$#"
%#"
&#"
'#"
(#"
)#"
*#"
+#"
,#"
-#"











D#"
:#"
;#"
<#"
=#"
>#"
?#"
@#"
A#"
B#"
C#"














]#"
S#"
T#"
U#"
V#"
W#"
X#"
Y#"
Z#"
[#"
\#"



























&$"
y#"
z#"
{#"
|#"
}#"
!$"
"$"
#$"
$$"
%$"

































R$"
H$"
I$"
J$"
K$"
L$"
M$"
N$"
O$"
P$"
Q$"











h$"
^$"
_$"
`$"
a$"
b$"
c$"
d$"
e$"
f$"
g$"










































































































!&"
v%"
w%"
x%"
y%"
z%"
{%"
|%"
}%"







3&"
)&"
*&"
+&"
,&"
-&"
.&"
/&"
0&"
1&"
2&"

































_&"
U&"
V&"
W&"
X&"
Y&"
Z&"
[&"
\&"
]&"
^&"











u&"
k&"
l&"
m&"
n&"
o&"
p&"
q&"
r&"
s&"
t&"













































































































































J("
I("
L("
M("
N("
O("
K("


S("
T("
U("
R("






























































































































































































































































E+"
=+"
>+"
?+"
@+"
A+"
B+"
C+"
D+"



















































&,"
y+"
z+"
{+"
|+"
}+"
!,"
","
#,"
$,"
%,"











<,"
2,"
3,"
4,"
5,"
6,"
7,"
8,"
9,"
:,"
;,"












































s,"
i,"
j,"
k,"
l,"
m,"
n,"
o,"
p,"
q,"
r,"











*-"
"-"
#-"
$-"
%-"
&-"
'-"
(-"
)-"







<-"
2-"
3-"
4-"
5-"
6-"
7-"
8-"
9-"
:-"
;-"











R-"
H-"
I-"
J-"
K-"
L-"
M-"
N-"
O-"
P-"
Q-"











h-"
^-"
_-"
`-"
a-"
b-"
c-"
d-"
e-"
f-"
g-"











!."
t-"
u-"
v-"
w-"
x-"
y-"
z-"
{-"
|-"
}-"



































O."
E."
F."
G."
H."
I."
J."
K."
L."
M."
N."











c."
[."
\."
]."
^."
_."
`."
a."
b."







u."
k."
l."
m."
n."
o."
p."
q."
r."
s."
t."











./"
$/"
%/"
&/"
'/"
(/"
)/"
*/"
+/"
,/"
-/"











D/"
:/"
;/"
</"
=/"
>/"
?/"
@/"
A/"
B/"
C/"











Z/"
P/"
Q/"
R/"
S/"
T/"
U/"
V/"
W/"
X/"
Y/"














s/"
i/"
j/"
k/"
l/"
m/"
n/"
o/"
p/"
q/"
r/"



























<0"
20"
30"
40"
50"
60"
70"
80"
90"
:0"
;0"

































h0"
^0"
_0"
`0"
a0"
b0"
c0"
d0"
e0"
f0"
g0"











!1"
t0"
u0"
v0"
w0"
x0"
y0"
z0"
{0"
|0"
}0"










































































































72"
/2"
02"
12"
22"
32"
42"
52"
62"







I2"
?2"
@2"
A2"
B2"
C2"
D2"
E2"
F2"
G2"
H2"

































u2"
k2"
l2"
m2"
n2"
o2"
p2"
q2"
r2"
s2"
t2"











.3"
$3"
%3"
&3"
'3"
(3"
)3"
*3"
+3"
,3"
-3"













































































































































`4"
_4"
b4"
c4"
d4"
e4"
a4"


i4"
j4"
k4"
h4"






























































































































































































































































[7"
S7"
T7"
U7"
V7"
W7"
X7"
Y7"
Z7"



















































<8"
28"
38"
48"
58"
68"
78"
88"
98"
:8"
;8"











R8"
H8"
I8"
J8"
K8"
L8"
M8"
N8"
O8"
P8"
Q8"












































,9"
"9"
#9"
$9"
%9"
&9"
'9"
(9"
)9"
*9"
+9"











@9"
89"
99"
:9"
;9"
<9"
=9"
>9"
?9"







R9"
H9"
I9"
J9"
K9"
L9"
M9"
N9"
O9"
P9"
Q9"











h9"
^9"
_9"
`9"
a9"
b9"
c9"
d9"
e9"
f9"
g9"











!:"
t9"
u9"
v9"
w9"
x9"
y9"
z9"
{9"
|9"
}9"











7:"
-:"
.:"
/:"
0:"
1:"
2:"
3:"
4:"
5:"
6:"



































e:"
[:"
\:"
]:"
^:"
_:"
`:"
a:"
b:"
c:"
d:"











y:"
q:"
r:"
s:"
t:"
u:"
v:"
w:"
x:"







.;"
$;"
%;"
&;"
';"
(;"
);"
*;"
+;"
,;"
-;"











D;"
:;"
;;"
<;"
=;"
>;"
?;"
@;"
A;"
B;"
C;"











Z;"
P;"
Q;"
R;"
S;"
T;"
U;"
V;"
W;"
X;"
Y;"











p;"
f;"
g;"
h;"
i;"
j;"
k;"
l;"
m;"
n;"
o;"














,<"
"<"
#<"
$<"
%<"
&<"
'<"
(<"
)<"
*<"
+<"



























R<"
H<"
I<"
J<"
K<"
L<"
M<"
N<"
O<"
P<"
Q<"

































!="
t<"
u<"
v<"
w<"
x<"
y<"
z<"
{<"
|<"
}<"











7="
-="
.="
/="
0="
1="
2="
3="
4="
5="
6="










































































































M>"
E>"
F>"
G>"
H>"
I>"
J>"
K>"
L>"







_>"
U>"
V>"
W>"
X>"
Y>"
Z>"
[>"
\>"
]>"
^>"

































.?"
$?"
%?"
&?"
'?"
(?"
)?"
*?"
+?"
,?"
-?"











D?"
:?"
;?"
<?"
=?"
>?"
??"
@?"
A?"
B?"
C?"













































































































































v@"
u@"
x@"
y@"
z@"
{@"
w@"


"A"
#A"
$A"
!A"






























































































































































































































































qC"
iC"
jC"
kC"
lC"
mC"
nC"
oC"
pC"



















































RD"
HD"
ID"
JD"
KD"
LD"
MD"
ND"
OD"
PD"
QD"











hD"
^D"
_D"
`D"
aD"
bD"
cD"
dD"
eD"
fD"
gD"












































BE"
8E"
9E"
:E"
;E"
<E"
=E"
>E"
?E"
@E"
AE"











VE"
NE"
OE"
PE"
QE"
RE"
SE"
TE"
UE"







hE"
^E"
_E"
`E"
aE"
bE"
cE"
dE"
eE"
fE"
gE"











!F"
tE"
uE"
vE"
wE"
xE"
yE"
zE"
{E"
|E"
}E"











7F"
-F"
.F"
/F"
0F"
1F"
2F"
3F"
4F"
5F"
6F"











MF"
CF"
DF"
EF"
FF"
GF"
HF"
IF"
JF"
KF"
LF"



































{F"
qF"
rF"
sF"
tF"
uF"
vF"
wF"
xF"
yF"
zF"











2G"
*G"
+G"
,G"
-G"
.G"
/G"
0G"
1G"







DG"
:G"
;G"
<G"
=G"
>G"
?G"
@G"
AG"
BG"
CG"











ZG"
PG"
QG"
RG"
SG"
TG"
UG"
VG"
WG"
XG"
YG"











pG"
fG"
gG"
hG"
iG"
jG"
kG"
lG"
mG"
nG"
oG"











)H"
|G"
}G"
!H"
"H"
#H"
$H"
%H"
&H"
'H"
(H"














BH"
8H"
9H"
:H"
;H"
<H"
=H"
>H"
?H"
@H"
AH"



























hH"
^H"
_H"
`H"
aH"
bH"
cH"
dH"
eH"
fH"
gH"

































7I"
-I"
.I"
/I"
0I"
1I"
2I"
3I"
4I"
5I"
6I"











MI"
CI"
DI"
EI"
FI"
GI"
HI"
II"
JI"
KI"
LI"










































































































cJ"
[J"
\J"
]J"
^J"
_J"
`J"
aJ"
bJ"







uJ"
kJ"
lJ"
mJ"
nJ"
oJ"
pJ"
qJ"
rJ"
sJ"
tJ"

































DK"
:K"
;K"
<K"
=K"
>K"
?K"
@K"
AK"
BK"
CK"











ZK"
PK"
QK"
RK"
SK"
TK"
UK"
VK"
WK"
XK"
YK"













































































































































/M"
.M"
1M"
2M"
3M"
4M"
0M"


8M"
9M"
:M"
7M"
























































































































































































































































































































































































































































#R"
$R"
"R"



)R"
*R"
+R"
(R"
































































































































































































































































































































































































































































































































































































































































































































































































































































8["
'["
(["
)["
*["
+["
,["
A["
-["
.["
/["
0["
1["
2["
3["
4["
5["
6["
7["
9["
:["
;["
<["
=["
>["
?["
@["






































































































































































































































































































































































































































































































































































































































































































































































































































































































































































































































































































































































































































































Yh"
Oh"
Ph"
Qh"
Rh"
Sh"
Th"
Uh"
Vh"
Wh"
Xh"











mh"
eh"
fh"
gh"
hh"
ih"
jh"
kh"
lh"







"i"
uh"
vh"
wh"
xh"
yh"
zh"
{h"
|h"
}h"
!i"











8i"
.i"
/i"
0i"
1i"
2i"
3i"
4i"
5i"
6i"
7i"











Ni"
Di"
Ei"
Fi"
Gi"
Hi"
Ii"
Ji"
Ki"
Li"
Mi"











di"
Zi"
[i"
\i"
]i"
^i"
_i"
`i"
ai"
bi"
ci"
















"j"
ui"
vi"
wi"
xi"
yi"
zi"
{i"
|i"
}i"
!j"



























Hj"
>j"
?j"
@j"
Aj"
Bj"
Cj"
Dj"
Ej"
Fj"
Gj"

































tj"
jj"
kj"
lj"
mj"
nj"
oj"
pj"
qj"
rj"
sj"











-k"
#k"
$k"
%k"
&k"
'k"
(k"
)k"
*k"
+k"
,k"


























































































































































































































































































































































































































































































































































































































































































































































































































































































































































































































































































































































































































































































































































































































































































































































































































































































































































































































































































































































































































































































































































































































































































































































































































































































































































































































































































































































































































































































































































































































































































































































































































































































































































































































































































































































































































































































































































































































































































































































































































































































































































































































































































































































































































































































































































































































































































































































































































































































































































































































































































































































































































































































































































































































































































































































































































































































































































































































































































































































































































































































































































































































































































































































































































































































































































































































































































































































