





A!!
'!!
(!!
)!!
*!!
+!!
,!!
-!!
.!!
/!!
0!!
1!!
2!!
3!!
4!!
5!!
6!!
7!!
8!!
9!!
:!!
;!!
<!!
=!!
>!!
?!!
@!!


Q!!
R!!
G!!
H!!
I!!
J!!
D!!
E!!
F!!
K!!
L!!
M!!
N!!
O!!
P!!
















p!!
q!!
f!!
g!!
h!!
i!!
c!!
d!!
e!!
j!!
k!!
l!!
m!!
n!!
o!!

#"!
$"!
v!!
w!!
x!!
y!!
s!!
t!!
u!!
z!!
{!!
|!!
}!!
!"!
""!

3"!
4"!
)"!
*"!
+"!
,"!
&"!
'"!
("!
-"!
."!
/"!
0"!
1"!
2"!

C"!
D"!
9"!
:"!
;"!
<"!
6"!
7"!
8"!
="!
>"!
?"!
@"!
A"!
B"!

S"!
T"!
I"!
J"!
K"!
L"!
F"!
G"!
H"!
M"!
N"!
O"!
P"!
Q"!
R"!

c"!
d"!
Y"!
Z"!
["!
\"!
V"!
W"!
X"!
]"!
^"!
_"!
`"!
a"!
b"!

s"!
t"!
i"!
j"!
k"!
l"!
f"!
g"!
h"!
m"!
n"!
o"!
p"!
q"!
r"!

&#!
'#!
y"!
z"!
{"!
|"!
v"!
w"!
x"!
}"!
!#!
"#!
##!
$#!
%#!

6#!
7#!
,#!
-#!
.#!
/#!
)#!
*#!
+#!
0#!
1#!
2#!
3#!
4#!
5#!

F#!
G#!
<#!
=#!
>#!
?#!
9#!
:#!
;#!
@#!
A#!
B#!
C#!
D#!
E#!

V#!
W#!
L#!
M#!
N#!
O#!
I#!
J#!
K#!
P#!
Q#!
R#!
S#!
T#!
U#!

f#!
g#!
\#!
]#!
^#!
_#!
Y#!
Z#!
[#!
`#!
a#!
b#!
c#!
d#!
e#!

v#!
w#!
l#!
m#!
n#!
o#!
i#!
j#!
k#!
p#!
q#!
r#!
s#!
t#!
u#!

)$!
*$!
|#!
}#!
!$!
"$!
y#!
z#!
{#!
#$!
$$!
%$!
&$!
'$!
($!

9$!
:$!
/$!
0$!
1$!
2$!
,$!
-$!
.$!
3$!
4$!
5$!
6$!
7$!
8$!

I$!
J$!
?$!
@$!
A$!
B$!
<$!
=$!
>$!
C$!
D$!
E$!
F$!
G$!
H$!

Y$!
Z$!
O$!
P$!
Q$!
R$!
L$!
M$!
N$!
S$!
T$!
U$!
V$!
W$!
X$!







o$!
p$!
e$!
f$!
g$!
h$!
b$!
c$!
d$!
i$!
j$!
k$!
l$!
m$!
n$!

"%!
#%!
u$!
v$!
w$!
x$!
r$!
s$!
t$!
y$!
z$!
{$!
|$!
}$!
!%!

2%!
3%!
(%!
)%!
*%!
+%!
%%!
&%!
'%!
,%!
-%!
.%!
/%!
0%!
1%!

B%!
C%!
8%!
9%!
:%!
;%!
5%!
6%!
7%!
<%!
=%!
>%!
?%!
@%!
A%!

R%!
S%!
H%!
I%!
J%!
K%!
E%!
F%!
G%!
L%!
M%!
N%!
O%!
P%!
Q%!

b%!
c%!
X%!
Y%!
Z%!
[%!
U%!
V%!
W%!
\%!
]%!
^%!
_%!
`%!
a%!

r%!
s%!
h%!
i%!
j%!
k%!
e%!
f%!
g%!
l%!
m%!
n%!
o%!
p%!
q%!







































K&!
L&!
A&!
B&!
C&!
D&!
>&!
?&!
@&!
E&!
F&!
G&!
H&!
I&!
J&!










































































































































































































































































































































































































w*!
x*!
f*!
g*!
h*!
i*!
j*!
k*!
l*!
m*!
c*!



d*!
e*!
q*!
r*!
s*!
t*!
u*!
v*!

1+!
2+!
}*!
!+!
"+!
#+!
$+!
%+!
&+!
'+!
z*!



{*!
|*!
++!
,+!
-+!
.+!
/+!
0+!

>+!
?+!
7+!
4+!
5+!
6+!
8+!
9+!
:+!
;+!
<+!
=+!

K+!
L+!
D+!
A+!
B+!
C+!
E+!
F+!
G+!
H+!
I+!
J+!

X+!
Y+!
Q+!
N+!
O+!
P+!
R+!
S+!
T+!
U+!
V+!
W+!

e+!
f+!
^+!
[+!
\+!
]+!
_+!
`+!
a+!
b+!
c+!
d+!




x+!
y+!
n+!
o+!
p+!
q+!
k+!
l+!
m+!
r+!
s+!
t+!
u+!
v+!
w+!















































































































L-!
M-!
/-!
0-!
1-!
2-!
3-!
4-!
5-!
6-!
7-!
8-!
9-!
:-!
;-!
<-!
=-!
>-!
?-!
@-!
A-!

B-!
C-!
E-!
F-!
G-!
H-!
I-!
J-!
K-!

l-!
m-!
R-!
S-!
T-!
U-!
V-!
W-!
X-!
Y-!
O-!










P-!
d-!
e-!
Q-!
f-!
g-!
h-!
i-!
j-!
k-!





































s.!
t.!
9.!
:.!
;.!
<.!
=.!
>.!
?.!
@.!
6.!










7.!
K.!
L.!
M.!
N.!
O.!
P.!
Q.!
R.!
S.!
T.!
8.!
U.!
V.!
W.!
X.!
Y.!
Z.!
[.!
\.!
].!
^.!

_.!
`.!
e.!
f.!
g.!
h.!
i.!
j.!
k.!
l.!
b.!




c.!
d.!
q.!
r.!

V/!
W/!
y.!
z.!
{.!
|.!
}.!
!/!
"/!
#/!
v.!










w.!
./!
//!
0/!
1/!
2/!
3/!
4/!
5/!
6/!
7/!
x.!
8/!
9/!
:/!
;/!
</!
=/!
>/!
?/!
@/!
A/!

B/!
C/!
H/!
I/!
J/!
K/!
L/!
M/!
N/!
O/!
E/!




F/!
G/!
T/!
U/!

90!
:0!
\/!
]/!
^/!
_/!
`/!
a/!
b/!
c/!
Y/!










Z/!
n/!
o/!
p/!
q/!
r/!
s/!
t/!
u/!
v/!
w/!
[/!
x/!
y/!
z/!
{/!
|/!
}/!
!0!
"0!
#0!
$0!

%0!
&0!
+0!
,0!
-0!
.0!
/0!
00!
10!
20!
(0!




)0!
*0!
70!
80!

y0!
z0!
?0!
@0!
A0!
B0!
C0!
D0!
E0!
F0!
<0!










=0!
Q0!
R0!
S0!
T0!
U0!
V0!
W0!
X0!
Y0!
Z0!
>0!
[0!
\0!
]0!
^0!
_0!
`0!
a0!
b0!
c0!
d0!

e0!
f0!
k0!
l0!
m0!
n0!
o0!
p0!
q0!
r0!
h0!




i0!
j0!
w0!
x0!














































































































































































































M3!
N3!
53!
63!
73!
83!
93!
:3!
;3!
<3!
23!










33!
43!
G3!
H3!
I3!
J3!
K3!
L3!

k3!
l3!
S3!
T3!
U3!
V3!
W3!
X3!
Y3!
Z3!
P3!










Q3!
R3!
e3!
f3!
g3!
h3!
i3!
j3!

,4!
-4!
q3!
r3!
s3!
t3!
u3!
v3!
w3!
x3!
n3!










o3!
p3!
&4!
'4!
(4!
)4!
*4!
+4!

J4!
K4!
24!
34!
44!
54!
64!
74!
84!
94!
/4!










04!
14!
D4!
E4!
F4!
G4!
H4!
I4!





l4!
m4!
T4!
U4!
V4!
W4!
X4!
Y4!
Z4!
[4!
Q4!










R4!
S4!
f4!
g4!
h4!
i4!
j4!
k4!

-5!
.5!
r4!
s4!
t4!
u4!
v4!
w4!
x4!
y4!
o4!










p4!
q4!
'5!
(5!
)5!
*5!
+5!
,5!

K5!
L5!
35!
45!
55!
65!
75!
85!
95!
:5!
05!










15!
25!
E5!
F5!
G5!
H5!
I5!
J5!

i5!
j5!
Q5!
R5!
S5!
T5!
U5!
V5!
W5!
X5!
N5!










O5!
P5!
c5!
d5!
e5!
f5!
g5!
h5!





































































































































































































































































































































































w9!
x9!
_9!
`9!
a9!
b9!
c9!
d9!
e9!
f9!
\9!










]9!
^9!
q9!
r9!
s9!
t9!
u9!
v9!

8:!
9:!
}9!
!:!
":!
#:!
$:!
%:!
&:!
':!
z9!










{9!
|9!
2:!
3:!
4:!
5:!
6:!
7:!

V:!
W:!
>:!
?:!
@:!
A:!
B:!
C:!
D:!
E:!
;:!










<:!
=:!
P:!
Q:!
R:!
S:!
T:!
U:!

t:!
u:!
\:!
]:!
^:!
_:!
`:!
a:!
b:!
c:!
Y:!










Z:!
[:!
n:!
o:!
p:!
q:!
r:!
s:!









































































































































































































































































































































































































































































































































































































































































































































































































































































































































































































































































































































































































































































































































































































































































































































































































































































































































































































































6N!
7N!
{M!
|M!
}M!
!N!
"N!
#N!
$N!
%N!
xM!










yM!
zM!
0N!
1N!
2N!
3N!
4N!
5N!

TN!
UN!
<N!
=N!
>N!
?N!
@N!
AN!
BN!
CN!
9N!










:N!
;N!
NN!
ON!
PN!
QN!
RN!
SN!

rN!
sN!
ZN!
[N!
\N!
]N!
^N!
_N!
`N!
aN!
WN!










XN!
YN!
lN!
mN!
nN!
oN!
pN!
qN!

3O!
4O!
xN!
yN!
zN!
{N!
|N!
}N!
!O!
"O!
uN!










vN!
wN!
-O!
.O!
/O!
0O!
1O!
2O!

QO!
RO!
9O!
:O!
;O!
<O!
=O!
>O!
?O!
@O!
6O!










7O!
8O!
KO!
LO!
MO!
NO!
OO!
PO!

oO!
pO!
WO!
XO!
YO!
ZO!
[O!
\O!
]O!
^O!
TO!










UO!
VO!
iO!
jO!
kO!
lO!
mO!
nO!

0P!
1P!
uO!
vO!
wO!
xO!
yO!
zO!
{O!
|O!
rO!










sO!
tO!
*P!
+P!
,P!
-P!
.P!
/P!

NP!
OP!
6P!
7P!
8P!
9P!
:P!
;P!
<P!
=P!
3P!










4P!
5P!
HP!
IP!
JP!
KP!
LP!
MP!

lP!
mP!
TP!
UP!
VP!
WP!
XP!
YP!
ZP!
[P!
QP!










RP!
SP!
fP!
gP!
hP!
iP!
jP!
kP!

-Q!
.Q!
rP!
sP!
tP!
uP!
vP!
wP!
xP!
yP!
oP!










pP!
qP!
'Q!
(Q!
)Q!
*Q!
+Q!
,Q!

KQ!
LQ!
3Q!
4Q!
5Q!
6Q!
7Q!
8Q!
9Q!
:Q!
0Q!










1Q!
2Q!
EQ!
FQ!
GQ!
HQ!
IQ!
JQ!

iQ!
jQ!
QQ!
RQ!
SQ!
TQ!
UQ!
VQ!
WQ!
XQ!
NQ!










OQ!
PQ!
cQ!
dQ!
eQ!
fQ!
gQ!
hQ!

*R!
+R!
oQ!
pQ!
qQ!
rQ!
sQ!
tQ!
uQ!
vQ!
lQ!










mQ!
nQ!
$R!
%R!
&R!
'R!
(R!
)R!

HR!
IR!
0R!
1R!
2R!
3R!
4R!
5R!
6R!
7R!
-R!










.R!
/R!
BR!
CR!
DR!
ER!
FR!
GR!

fR!
gR!
NR!
OR!
PR!
QR!
RR!
SR!
TR!
UR!
KR!










LR!
MR!
`R!
aR!
bR!
cR!
dR!
eR!

'S!
(S!
lR!
mR!
nR!
oR!
pR!
qR!
rR!
sR!
iR!










jR!
kR!
!S!
"S!
#S!
$S!
%S!
&S!









oS!
pS!
5S!
6S!
7S!
8S!
9S!
:S!
;S!
<S!
2S!










3S!
GS!
HS!
IS!
JS!
KS!
LS!
MS!
NS!
OS!
PS!
4S!
QS!
RS!
SS!
TS!
US!
VS!
WS!
XS!
YS!
ZS!

[S!
\S!
aS!
bS!
cS!
dS!
eS!
fS!
gS!
hS!
^S!




_S!
`S!
mS!
nS!











































































































































































































































































































































































































































































































































WY!
XY!
NY!
OY!
PY!
QY!
RY!
SY!
TY!
UY!
VY!




































































[Z!
\Z!
CZ!
DZ!
EZ!
FZ!
GZ!
HZ!
IZ!
JZ!
@Z!










AZ!
BZ!
UZ!
VZ!
WZ!
XZ!
YZ!
ZZ!































:[!
;[!
"[!
#[!
$[!
%[!
&[!
'[!
([!
)[!
|Z!










}Z!
![!
4[!
5[!
6[!
7[!
8[!
9[!































v[!
w[!
^[!
_[!
`[!
a[!
b[!
c[!
d[!
e[!
[[!










\[!
][!
p[!
q[!
r[!
s[!
t[!
u[!































U\!
V\!
=\!
>\!
?\!
@\!
A\!
B\!
C\!
D\!
:\!










;\!
<\!
O\!
P\!
Q\!
R\!
S\!
T\!







































































































































-^!
.^!
$^!
%^!
&^!
'^!
(^!
)^!
*^!
+^!
,^!




















































































/_!
0_!
&_!
'_!
(_!
)_!
*_!
+_!
,_!
-_!
._!


























T_!
U_!
K_!
L_!
M_!
N_!
O_!
P_!
Q_!
R_!
S_!





































































































































*a!
+a!
!a!
"a!
#a!
$a!
%a!
&a!
'a!
(a!
)a!




























































































5b!
6b!
.b!
+b!
,b!
-b!
/b!
0b!
1b!
2b!
3b!
4b!

Bb!
Cb!
;b!
8b!
9b!
:b!
<b!
=b!
>b!
?b!
@b!
Ab!



































'c!
(c!
gb!
hb!
ib!
jb!
kb!
lb!
mb!
nb!
ob!
pb!
qb!
rb!
sb!
tb!
ub!
vb!
wb!
xb!
yb!

zb!
{b!
}b!
!c!
"c!
#c!
$c!
%c!
&c!


































































































































bd!
cd!
Qd!
Rd!
Sd!
Td!
Ud!
Vd!
Wd!
Xd!
Nd!



Od!
Pd!
\d!
]d!
^d!
_d!
`d!
ad!

yd!
zd!
hd!
id!
jd!
kd!
ld!
md!
nd!
od!
ed!



fd!
gd!
sd!
td!
ud!
vd!
wd!
xd!











































































)f!
*f!
le!
me!
ne!
oe!
pe!
qe!
re!
se!
ie!










je!
!f!
"f!
ke!
#f!
$f!
%f!
&f!
'f!
(f!

































































































































































































































































































Ii!
Ji!
8i!
9i!
:i!
;i!
<i!
=i!
>i!
?i!
5i!



6i!
7i!
Ci!
Di!
Ei!
Fi!
Gi!
Hi!

`i!
ai!
Oi!
Pi!
Qi!
Ri!
Si!
Ti!
Ui!
Vi!
Li!



Mi!
Ni!
Zi!
[i!
\i!
]i!
^i!
_i!

mi!
ni!
fi!
ci!
di!
ei!
gi!
hi!
ii!
ji!
ki!
li!

zi!
{i!
si!
pi!
qi!
ri!
ti!
ui!
vi!
wi!
xi!
yi!

*j!
+j!
#j!
}i!
!j!
"j!
$j!
%j!
&j!
'j!
(j!
)j!

7j!
8j!
0j!
-j!
.j!
/j!
1j!
2j!
3j!
4j!
5j!
6j!


















fj!
gj!
Nj!
Oj!
Pj!
Qj!
Rj!
Sj!
Tj!
Uj!
Kj!










Lj!
Mj!
`j!
aj!
bj!
cj!
dj!
ej!

'k!
(k!
lj!
mj!
nj!
oj!
pj!
qj!
rj!
sj!
ij!










jj!
kj!
!k!
"k!
#k!
$k!
%k!
&k!

Ek!
Fk!
-k!
.k!
/k!
0k!
1k!
2k!
3k!
4k!
*k!










+k!
,k!
?k!
@k!
Ak!
Bk!
Ck!
Dk!

ck!
dk!
Kk!
Lk!
Mk!
Nk!
Ok!
Pk!
Qk!
Rk!
Hk!










Ik!
Jk!
]k!
^k!
_k!
`k!
ak!
bk!




sk!
tk!
lk!
ik!
jk!
kk!
mk!
nk!
ok!
pk!
qk!
rk!

#l!
$l!
yk!
vk!
wk!
xk!
zk!
{k!
|k!
}k!
!l!
"l!

:l!
;l!
)l!
*l!
+l!
,l!
-l!
.l!
/l!
0l!
&l!



'l!
(l!
4l!
5l!
6l!
7l!
8l!
9l!

Ql!
Rl!
@l!
Al!
Bl!
Cl!
Dl!
El!
Fl!
Gl!
=l!



>l!
?l!
Kl!
Ll!
Ml!
Nl!
Ol!
Pl!
























































































































































































































































Ho!
Io!
7o!
8o!
9o!
:o!
;o!
<o!
=o!
>o!
4o!



5o!
6o!
Bo!
Co!
Do!
Eo!
Fo!
Go!

_o!
`o!
No!
Oo!
Po!
Qo!
Ro!
So!
To!
Uo!
Ko!



Lo!
Mo!
Yo!
Zo!
[o!
\o!
]o!
^o!
































































































































































































































































































































































































































































0u!
1u!
St!
Tt!
Ut!
Vt!
Wt!
Xt!
Yt!
Zt!
Pt!










Qt!
et!
ft!
gt!
ht!
it!
jt!
kt!
lt!
mt!
nt!
Rt!
ot!
pt!
qt!
rt!
st!
tt!
ut!
vt!
wt!
xt!

yt!
zt!
"u!
#u!
$u!
%u!
&u!
'u!
(u!
)u!
|t!




}t!
!u!
.u!
/u!

pu!
qu!
6u!
7u!
8u!
9u!
:u!
;u!
<u!
=u!
3u!










4u!
Hu!
Iu!
Ju!
Ku!
Lu!
Mu!
Nu!
Ou!
Pu!
Qu!
5u!
Ru!
Su!
Tu!
Uu!
Vu!
Wu!
Xu!
Yu!
Zu!
[u!

\u!
]u!
bu!
cu!
du!
eu!
fu!
gu!
hu!
iu!
_u!




`u!
au!
nu!
ou!

Sv!
Tv!
vu!
wu!
xu!
yu!
zu!
{u!
|u!
}u!
su!










tu!
+v!
,v!
-v!
.v!
/v!
0v!
1v!
2v!
3v!
4v!
uu!
5v!
6v!
7v!
8v!
9v!
:v!
;v!
<v!
=v!
>v!

?v!
@v!
Ev!
Fv!
Gv!
Hv!
Iv!
Jv!
Kv!
Lv!
Bv!




Cv!
Dv!
Qv!
Rv!

6w!
7w!
Yv!
Zv!
[v!
\v!
]v!
^v!
_v!
`v!
Vv!










Wv!
kv!
lv!
mv!
nv!
ov!
pv!
qv!
rv!
sv!
tv!
Xv!
uv!
vv!
wv!
xv!
yv!
zv!
{v!
|v!
}v!
!w!

"w!
#w!
(w!
)w!
*w!
+w!
,w!
-w!
.w!
/w!
%w!




&w!
'w!
4w!
5w!







Sw!
Tw!
Bw!
Cw!
Dw!
Ew!
Fw!
Gw!
Hw!
Iw!
?w!



@w!
Aw!
Mw!
Nw!
Ow!
Pw!
Qw!
Rw!

jw!
kw!
Yw!
Zw!
[w!
\w!
]w!
^w!
_w!
`w!
Vw!



Ww!
Xw!
dw!
ew!
fw!
gw!
hw!
iw!






















































































































































































































































































































H{!
.{!
/{!
0{!
1{!
2{!
3{!
4{!
5{!
6{!
7{!
8{!
9{!
:{!
;{!
<{!
={!
>{!
?{!
@{!
A{!
B{!
C{!
D{!
E{!
F{!
G{!



Y{!
Z{!
O{!
P{!
Q{!
R{!
L{!
M{!
N{!
S{!
T{!
U{!
V{!
W{!
X{!

y{!
z{!
_{!
`{!
a{!
b{!
c{!
d{!
e{!
f{!
\{!










]{!
q{!
r{!
^{!
s{!
t{!
u{!
v{!
w{!
x{!










2|!
3|!
(|!
)|!
*|!
+|!
,|!
-|!
.|!
/|!
0|!
1|!























e|!
K|!
L|!
M|!
N|!
O|!
P|!
Q|!
R|!
S|!
T|!
U|!
V|!
W|!
X|!
Y|!
Z|!
[|!
\|!
]|!
^|!
_|!
`|!
a|!
b|!
c|!
d|!
#}!
f|!
g|!
h|!
i|!
j|!
k|!
l|!
m|!
n|!
o|!
p|!
q|!
r|!
s|!
t|!
u|!
||!
v|!
w|!
x|!
y|!
z|!
{|!
}|!
!}!
"}!





































v}!
w}!
L}!
M}!
N}!
O}!
P}!
Q}!
R}!
S}!
I}!










J}!
^}!
_}!
`}!
a}!
b}!
c}!
d}!
e}!
f}!
g}!
K}!
h}!
i}!
j}!
k}!
l}!
m}!
n}!
o}!
p}!
q}!
r}!
s}!
t}!
u}!


























?!"
@!"
8!"
5!"
6!"
7!"
9!"
:!"
;!"
<!"
=!"
>!"







































































































































































































































































































































































































































































































































































































































































































f("
g("
]("
^("
_("
`("
a("
b("
c("
d("
e("







































































































































































































































































































































N,"
O,"
>,"
?,"
@,"
A,"
B,"
C,"
D,"
E,"
;,"


<,"
=,"
H,"
I,"
J,"
K,"
L,"
M,"





b,"
c,"
X,"
Y,"
Z,"
[,"
U,"
V,"
W,"
\,"
],"
^,"
_,"
`,"
a,"

r,"
s,"
h,"
i,"
j,"
k,"
e,"
f,"
g,"
l,"
m,"
n,"
o,"
p,"
q,"

+-"
,-"
x,"
y,"
z,"
{,"
|,"
},"
!-"
"-"
u,"


v,"
w,"
%-"
&-"
'-"
(-"
)-"
*-"

A-"
B-"
1-"
2-"
3-"
4-"
5-"
6-"
7-"
8-"
.-"


/-"
0-"
;-"
<-"
=-"
>-"
?-"
@-"







W-"
X-"
M-"
N-"
O-"
P-"
J-"
K-"
L-"
Q-"
R-"
S-"
T-"
U-"
V-"

m-"
n-"
]-"
^-"
_-"
`-"
a-"
b-"
c-"
d-"
Z-"


[-"
\-"
g-"
h-"
i-"
j-"
k-"
l-"

z-"
{-"
s-"
p-"
q-"
r-"
t-"
u-"
v-"
w-"
x-"
y-"


4."
5."
$."
%."
&."
'."
(."
)."
*."
+."
!."


"."
#."
.."
/."
0."
1."
2."
3."

J."
K."
:."
;."
<."
=."
>."
?."
@."
A."
7."


8."
9."
D."
E."
F."
G."
H."
I."

Z."
[."
P."
Q."
R."
S."
M."
N."
O."
T."
U."
V."
W."
X."
Y."

p."
q."
`."
a."
b."
c."
d."
e."
f."
g."
]."


^."
_."
j."
k."
l."
m."
n."
o."








8/"
9/"
}."
!/"
"/"
#/"
$/"
%/"
&/"
'/"
z."










{."
|."
2/"
3/"
4/"
5/"
6/"
7/"

V/"
W/"
>/"
?/"
@/"
A/"
B/"
C/"
D/"
E/"
;/"










</"
=/"
P/"
Q/"
R/"
S/"
T/"
U/"

c/"
d/"
\/"
Y/"
Z/"
[/"
]/"
^/"
_/"
`/"
a/"
b/"

p/"
q/"
i/"
f/"
g/"
h/"
j/"
k/"
l/"
m/"
n/"
o/"



!0"
"0"
u/"
v/"
w/"
x/"
y/"
z/"
{/"
|/"
}/"
,0"
-0"
#0"
$0"
%0"
&0"
'0"
(0"
)0"
*0"
+0"

80"
90"
/0"
00"
10"
20"
30"
40"
50"
60"
70"
C0"
D0"
:0"
;0"
<0"
=0"
>0"
?0"
@0"
A0"
B0"






c0"
d0"
K0"
L0"
M0"
N0"
O0"
P0"
Q0"
R0"
S0"
T0"
U0"
V0"
W0"
X0"
Y0"
Z0"
[0"
\0"
]0"
^0"
_0"
`0"
a0"
b0"





}0"
!1"
m0"
n0"
o0"
p0"
q0"
r0"
s0"
t0"
j0"


k0"
l0"
w0"
x0"
y0"
z0"
{0"
|0"

-1"
.1"
&1"
#1"
$1"
%1"
'1"
(1"
)1"
*1"
+1"
,1"

=1"
>1"
31"
41"
51"
61"
01"
11"
21"
71"
81"
91"
:1"
;1"
<1"

S1"
T1"
C1"
D1"
E1"
F1"
G1"
H1"
I1"
J1"
@1"


A1"
B1"
M1"
N1"
O1"
P1"
Q1"
R1"



































%2"
&2"
{1"
x1"
y1"
z1"
|1"
}1"
!2"
"2"
#2"
$2"

22"
32"
+2"
(2"
)2"
*2"
,2"
-2"
.2"
/2"
02"
12"


N2"
O2"
62"
72"
82"
92"
:2"
;2"
<2"
=2"
>2"
?2"
@2"
A2"
B2"
C2"
D2"
E2"
F2"
G2"
H2"
I2"
J2"
K2"
L2"
M2"


e2"
f2"
U2"
V2"
W2"
X2"
Y2"
Z2"
[2"
\2"
R2"


S2"
T2"
_2"
`2"
a2"
b2"
c2"
d2"














































































































































































































































































































































)7"
*7"
D6"
E6"
F6"
G6"
H6"
I6"
J6"
K6"
A6"










B6"
V6"
W6"
X6"
Y6"
Z6"
[6"
\6"
]6"
^6"
_6"
C6"
`6"
a6"
b6"
c6"
d6"
e6"
f6"
g6"
h6"
i6"

j6"
k6"
p6"
q6"
r6"
s6"
t6"
u6"
v6"
w6"
m6"










n6"
%7"
&7"
o6"
'7"
(7"

















V7"
W7"
<7"
=7"
>7"
?7"
@7"
A7"
B7"
C7"
D7"
E7"
F7"
G7"
H7"
I7"
J7"
K7"
L7"
M7"
N7"
O7"
P7"
Q7"
R7"
S7"
T7"
U7"





























































]8"
^8"
;8"
<8"
=8"
>8"
?8"
@8"
A8"
B8"
88"










98"
M8"
N8"
O8"
P8"
Q8"
R8"
S8"
T8"
U8"
V8"
:8"
W8"
X8"
Y8"
Z8"
[8"
\8"








z8"
{8"
j8"
k8"
l8"
m8"
n8"
o8"
p8"
q8"
g8"


h8"
i8"
t8"
u8"
v8"
w8"
x8"
y8"





















































o9"
p9"
W9"
X9"
Y9"
Z9"
[9"
\9"
]9"
^9"
T9"










U9"
V9"
i9"
j9"
k9"
l9"
m9"
n9"

0:"
1:"
u9"
v9"
w9"
x9"
y9"
z9"
{9"
|9"
r9"










s9"
t9"
*:"
+:"
,:"
-:"
.:"
/:"

N:"
O:"
6:"
7:"
8:"
9:"
::"
;:"
<:"
=:"
3:"










4:"
5:"
H:"
I:"
J:"
K:"
L:"
M:"

l:"
m:"
T:"
U:"
V:"
W:"
X:"
Y:"
Z:"
[:"
Q:"










R:"
S:"
f:"
g:"
h:"
i:"
j:"
k:"


























F;"
G;"
.;"
/;"
0;"
1;"
2;"
3;"
4;"
5;"
+;"










,;"
-;"
@;"
A;"
B;"
C;"
D;"
E;"

d;"
e;"
L;"
M;"
N;"
O;"
P;"
Q;"
R;"
S;"
I;"










J;"
K;"
^;"
_;"
`;"
a;"
b;"
c;"

%<"
&<"
j;"
k;"
l;"
m;"
n;"
o;"
p;"
q;"
g;"










h;"
i;"
|;"
};"
!<"
"<"
#<"
$<"

C<"
D<"
+<"
,<"
-<"
.<"
/<"
0<"
1<"
2<"
(<"










)<"
*<"
=<"
><"
?<"
@<"
A<"
B<"



















































































































































































































































































































































































































































































































































































































































































































































































































































































































































































































































































































































































































































































































































































































































































































































































































































































































































































































































































































































































































































































































































































































































































































































































































































































































































































































































































































































































































































































































































































































































































































































































































































































































































<_"
=_"
$_"
%_"
&_"
'_"
(_"
)_"
*_"
+_"
!_"










"_"
#_"
6_"
7_"
8_"
9_"
:_"
;_"

Z_"
[_"
B_"
C_"
D_"
E_"
F_"
G_"
H_"
I_"
?_"










@_"
A_"
T_"
U_"
V_"
W_"
X_"
Y_"

x_"
y_"
`_"
a_"
b_"
c_"
d_"
e_"
f_"
g_"
]_"










^_"
__"
r_"
s_"
t_"
u_"
v_"
w_"

9`"
:`"
!`"
"`"
#`"
$`"
%`"
&`"
'`"
(`"
{_"










|_"
}_"
3`"
4`"
5`"
6`"
7`"
8`"


































































































































































































































































































































































































































































































































































































































































































































































































































































































































































































































































































































































































































































































































































































































































































































































































































































































































































































































































Xs"
Vs"
Ws"














































































































>u"
?u"
mt"
nt"
ot"
pt"
qt"
rt"
st"
tt"
jt"










kt"
"u"
#u"
$u"
%u"
&u"
'u"
(u"
)u"
*u"
+u"
lt"
,u"
-u"
.u"
/u"
0u"
1u"
2u"
3u"
4u"
5u"

6u"
7u"
9u"
:u"
;u"
<u"
=u"

ru"
su"
Du"
Eu"
Fu"
Gu"
Hu"
Iu"
Ju"
Ku"
Au"










Bu"
Vu"
Wu"
Xu"
Yu"
Zu"
[u"
\u"
]u"
^u"
_u"
Cu"
`u"
au"
bu"
cu"
du"
eu"
fu"
gu"
hu"
iu"

ju"
ku"
mu"
nu"
ou"
pu"
qu"

Iv"
Jv"
xu"
yu"
zu"
{u"
|u"
}u"
!v"
"v"
uu"










vu"
-v"
.v"
/v"
0v"
1v"
2v"
3v"
4v"
5v"
6v"
wu"
7v"
8v"
9v"
:v"
;v"
<v"
=v"
>v"
?v"
@v"

Av"
Bv"
Dv"
Ev"
Fv"
Gv"
Hv"

}v"
!w"
Ov"
Pv"
Qv"
Rv"
Sv"
Tv"
Uv"
Vv"
Lv"










Mv"
av"
bv"
cv"
dv"
ev"
fv"
gv"
hv"
iv"
jv"
Nv"
kv"
lv"
mv"
nv"
ov"
pv"
qv"
rv"
sv"
tv"

uv"
vv"
xv"
yv"
zv"
{v"
|v"












































Pw"
Nw"
Ow"






+x"
,x"
Zw"
[w"
\w"
]w"
^w"
_w"
`w"
aw"
Ww"










Xw"
lw"
mw"
nw"
ow"
pw"
qw"
rw"
sw"
tw"
uw"
Yw"
vw"
ww"
xw"
yw"
zw"
{w"
|w"
}w"
!x"
"x"
#x"
'x"
(x"
$x"
%x"
&x"
)x"
*x"
































































































2y"
0y"
1y"










































































































































































































































































W|"
X|"
)|"
*|"
+|"
,|"
-|"
.|"
/|"
0|"
&|"










'|"
;|"
<|"
=|"
>|"
?|"
@|"
A|"
B|"
C|"
D|"
(|"
E|"
F|"
G|"
H|"
I|"
J|"
K|"
L|"
M|"
N|"

O|"
P|"
R|"
S|"
T|"
U|"
V|"

.}"
/}"
]|"
^|"
_|"
`|"
a|"
b|"
c|"
d|"
Z|"










[|"
o|"
p|"
q|"
r|"
s|"
t|"
u|"
v|"
w|"
x|"
\|"
y|"
z|"
{|"
||"
}|"
!}"
"}"
#}"
$}"
%}"

&}"
'}"
)}"
*}"
+}"
,}"
-}"













































`}"
a}"
]}"
^}"
_}"



















































































































































































































O##
P##
!##
"##
###
$##
%##
&##
'##
(##
{"#










|"#
3##
4##
5##
6##
7##
8##
9##
:##
;##
<##
}"#
=##
>##
?##
@##
A##
B##
C##
D##
E##
F##

G##
H##
J##
K##
L##
M##
N##

&$#
'$#
U##
V##
W##
X##
Y##
Z##
[##
\##
R##










S##
g##
h##
i##
j##
k##
l##
m##
n##
o##
p##
T##
q##
r##
s##
t##
u##
v##
w##
x##
y##
z##

{##
|##
!$#
"$#
#$#
$$#
%$#





































































































































































































































































G'#
H'#
v&#
w&#
x&#
y&#
z&#
{&#
|&#
}&#
s&#










t&#
+'#
,'#
-'#
.'#
/'#
0'#
1'#
2'#
3'#
4'#
u&#
5'#
6'#
7'#
8'#
9'#
:'#
;'#
<'#
='#
>'#

?'#
@'#
B'#
C'#
D'#
E'#
F'#

{'#
|'#
M'#
N'#
O'#
P'#
Q'#
R'#
S'#
T'#
J'#










K'#
_'#
`'#
a'#
b'#
c'#
d'#
e'#
f'#
g'#
h'#
L'#
i'#
j'#
k'#
l'#
m'#
n'#
o'#
p'#
q'#
r'#

s'#
t'#
v'#
w'#
x'#
y'#
z'#

:(#
;(#
$(#
%(#
&(#
'(#
((#
)(#
*(#
+(#
!(#








"(#
#(#
4(#
5(#
6(#
7(#
8(#
9(#

V(#
W(#
@(#
A(#
B(#
C(#
D(#
E(#
F(#
G(#
=(#








>(#
?(#
P(#
Q(#
R(#
S(#
T(#
U(#

r(#
s(#
\(#
](#
^(#
_(#
`(#
a(#
b(#
c(#
Y(#








Z(#
[(#
l(#
m(#
n(#
o(#
p(#
q(#

1)#
2)#
x(#
y(#
z(#
{(#
|(#
}(#
!)#
")#
u(#








v(#
w(#
+)#
,)#
-)#
.)#
/)#
0)#

M)#
N)#
7)#
8)#
9)#
:)#
;)#
<)#
=)#
>)#
4)#








5)#
6)#
G)#
H)#
I)#
J)#
K)#
L)#

i)#
j)#
S)#
T)#
U)#
V)#
W)#
X)#
Y)#
Z)#
P)#








Q)#
R)#
c)#
d)#
e)#
f)#
g)#
h)#

(*#
)*#
o)#
p)#
q)#
r)#
s)#
t)#
u)#
v)#
l)#








m)#
n)#
"*#
#*#
$*#
%*#
&*#
'*#

D*#
E*#
.*#
/*#
0*#
1*#
2*#
3*#
4*#
5*#
+*#








,*#
-*#
>*#
?*#
@*#
A*#
B*#
C*#

d*#
e*#
J*#
K*#
L*#
M*#
N*#
O*#
P*#
Q*#
G*#










H*#
\*#
]*#
I*#
^*#
_*#
`*#
a*#
b*#
c*#

'+#
(+#
j*#
k*#
l*#
m*#
n*#
o*#
p*#
q*#
g*#










h*#
|*#
}*#
i*#
!+#
"+#
#+#
$+#
%+#
&+#





V+#
W+#
1+#
2+#
3+#
4+#
5+#
6+#
7+#
8+#
.+#










/+#
C+#
D+#
E+#
F+#
G+#
H+#
I+#
J+#
K+#
L+#
0+#
M+#
N+#
O+#
P+#
Q+#
R+#
S+#
T+#
U+#

$,#
%,#
\+#
]+#
^+#
_+#
`+#
a+#
b+#
c+#
Y+#










Z+#
n+#
o+#
p+#
q+#
r+#
s+#
t+#
u+#
v+#
w+#
[+#
x+#
y+#
z+#
{+#
|+#
}+#
!,#
",#
#,#

2,#
3,#
*,#
+,#
',#
(,#
),#
,,#
-,#
.,#
/,#
0,#
1,#

@,#
A,#
8,#
9,#
5,#
6,#
7,#
:,#
;,#
<,#
=,#
>,#
?,#


































/-#
0-#
g,#
h,#
i,#
j,#
k,#
l,#
m,#
n,#
d,#










e,#
y,#
z,#
{,#
|,#
},#
!-#
"-#
#-#
$-#
%-#
f,#
&-#
'-#
(-#
)-#
*-#
+-#
,-#
--#
.-#

Z-#
[-#
5-#
6-#
7-#
8-#
9-#
:-#
;-#
<-#
2-#










3-#
G-#
H-#
I-#
J-#
K-#
L-#
M-#
N-#
O-#
P-#
4-#
Q-#
R-#
S-#
T-#
U-#
V-#
W-#
X-#
Y-#

(.#
).#
`-#
a-#
b-#
c-#
d-#
e-#
f-#
g-#
]-#










^-#
r-#
s-#
t-#
u-#
v-#
w-#
x-#
y-#
z-#
{-#
_-#
|-#
}-#
!.#
".#
#.#
$.#
%.#
&.#
'.#

S.#
T.#
..#
/.#
0.#
1.#
2.#
3.#
4.#
5.#
+.#










,.#
@.#
A.#
B.#
C.#
D.#
E.#
F.#
G.#
H.#
I.#
-.#
J.#
K.#
L.#
M.#
N.#
O.#
P.#
Q.#
R.#

!/#
"/#
Y.#
Z.#
[.#
\.#
].#
^.#
_.#
`.#
V.#










W.#
k.#
l.#
m.#
n.#
o.#
p.#
q.#
r.#
s.#
t.#
X.#
u.#
v.#
w.#
x.#
y.#
z.#
{.#
|.#
}.#

L/#
M/#
'/#
(/#
)/#
*/#
+/#
,/#
-/#
./#
$/#










%/#
9/#
:/#
;/#
</#
=/#
>/#
?/#
@/#
A/#
B/#
&/#
C/#
D/#
E/#
F/#
G/#
H/#
I/#
J/#
K/#

w/#
x/#
R/#
S/#
T/#
U/#
V/#
W/#
X/#
Y/#
O/#










P/#
d/#
e/#
f/#
g/#
h/#
i/#
j/#
k/#
l/#
m/#
Q/#
n/#
o/#
p/#
q/#
r/#
s/#
t/#
u/#
v/#

E0#
F0#
}/#
!0#
"0#
#0#
$0#
%0#
&0#
'0#
z/#










{/#
20#
30#
40#
50#
60#
70#
80#
90#
:0#
;0#
|/#
<0#
=0#
>0#
?0#
@0#
A0#
B0#
C0#
D0#



U0#
V0#
M0#
N0#
J0#
K0#
L0#
O0#
P0#
Q0#
R0#
S0#
T0#

a0#
b0#
X0#
Y0#
Z0#
[0#
\0#
]0#
^0#
_0#
`0#

o0#
p0#
g0#
h0#
d0#
e0#
f0#
i0#
j0#
k0#
l0#
m0#
n0#

}0#
!1#
u0#
v0#
r0#
s0#
t0#
w0#
x0#
y0#
z0#
{0#
|0#

.1#
/1#
&1#
'1#
#1#
$1#
%1#
(1#
)1#
*1#
+1#
,1#
-1#

<1#
=1#
41#
51#
11#
21#
31#
61#
71#
81#
91#
:1#
;1#

J1#
K1#
B1#
C1#
?1#
@1#
A1#
D1#
E1#
F1#
G1#
H1#
I1#

X1#
Y1#
P1#
Q1#
M1#
N1#
O1#
R1#
S1#
T1#
U1#
V1#
W1#






















































































































































































































































































































































































16#
26#
\5#
]5#
^5#
_5#
`5#
a5#
b5#
c5#
d5#
e5#
f5#
g5#
h5#
i5#
j5#
k5#
l5#
m5#
n5#
o5#
p5#
q5#
r5#
s5#
t5#
u5#
v5#
w5#
x5#
y5#
z5#
{5#
|5#
}5#
!6#
"6#
#6#
$6#
%6#
&6#
'6#
(6#
)6#
*6#
+6#
,6#
-6#
.6#
/6#
06#
e6#
f6#
36#
46#
56#
66#
76#
86#
96#
:6#
;6#
<6#
=6#
>6#
?6#
@6#
A6#
B6#
C6#
D6#
E6#
F6#
G6#
H6#
I6#
J6#
K6#
L6#
M6#
N6#
O6#
P6#
Q6#
R6#
S6#
T6#
U6#
V6#
W6#
X6#
Y6#
Z6#
[6#
\6#
]6#
^6#
_6#
`6#
a6#
b6#
c6#
d6#








































































T7#
R7#
S7#





























t7#
r7#
s7#





























































































































































































































O:#
P:#
>:#
?:#
@:#
A:#
B:#
C:#
D:#
E:#
;:#



<:#
=:#
I:#
J:#
K:#
L:#
M:#
N:#

f:#
g:#
U:#
V:#
W:#
X:#
Y:#
Z:#
[:#
\:#
R:#



S:#
T:#
`:#
a:#
b:#
c:#
d:#
e:#


















L;#
M;#
}:#
!;#
";#
#;#
$;#
%;#
&;#
';#
z:#










{:#
2;#
3;#
4;#
5;#
6;#
7;#
8;#
9;#
:;#
;;#
|:#
<;#
=;#
>;#
?;#
@;#
A;#
B;#
C;#
D;#
E;#
F;#
G;#
H;#
I;#
J;#
K;#
















































































































































































































D>#
E>#
g=#
h=#
i=#
j=#
k=#
l=#
m=#
n=#
d=#










e=#
y=#
z=#
{=#
|=#
}=#
!>#
">#
#>#
$>#
%>#
f=#
&>#
'>#
(>#
)>#
*>#
+>#
,>#
->#
.>#
/>#

0>#
1>#
6>#
7>#
8>#
9>#
:>#
;>#
<>#
=>#
3>#




4>#
5>#
B>#
C>#







































































































































































































































































9A#
:A#
;A#
<A#
=A#
>A#
?A#
@A#
AA#
BA#
6A#
CA#
DA#
EA#
FA#
GA#
HA#
IA#
JA#
KA#
LA#
7A#
MA#
NA#
8A#





























































































/C#
0C#
RB#
SB#
TB#
UB#
VB#
WB#
XB#
YB#
OB#










PB#
dB#
eB#
fB#
gB#
hB#
iB#
jB#
kB#
lB#
mB#
QB#
nB#
oB#
pB#
qB#
rB#
sB#
tB#
uB#
vB#
wB#

xB#
yB#
!C#
"C#
#C#
$C#
%C#
&C#
'C#
(C#
{B#




|B#
}B#
-C#
.C#


pC#
qC#
6C#
7C#
8C#
9C#
:C#
;C#
<C#
=C#
3C#










4C#
HC#
IC#
JC#
KC#
LC#
MC#
NC#
OC#
PC#
QC#
5C#
RC#
SC#
TC#
UC#
VC#
WC#
XC#
YC#
ZC#
[C#

\C#
]C#
bC#
cC#
dC#
eC#
fC#
gC#
hC#
iC#
_C#




`C#
aC#
nC#
oC#

























LD#
MD#
1D#
2D#
3D#
4D#
5D#
6D#
7D#
8D#
.D#










/D#
CD#
DD#
ED#
0D#
FD#
GD#
HD#
ID#
JD#
KD#











jD#
kD#
\D#
]D#
^D#
_D#
YD#


ZD#
bD#
cD#
[D#
dD#
eD#
fD#
gD#
hD#
iD#














ZE#
[E#
}D#
!E#
"E#
#E#
$E#
%E#
&E#
'E#
zD#










{D#
2E#
3E#
4E#
5E#
6E#
7E#
8E#
9E#
:E#
;E#
|D#
<E#
=E#
>E#
?E#
@E#
AE#
BE#
CE#
DE#
EE#

FE#
GE#
LE#
ME#
NE#
OE#
PE#
QE#
RE#
SE#
IE#




JE#
KE#
XE#
YE#










iE#
jE#
kE#
lE#
mE#
nE#
oE#
pE#
qE#
rE#
fE#
sE#
tE#
uE#
vE#
wE#
xE#
yE#
zE#
{E#
|E#
gE#
}E#
!F#
"F#
#F#
$F#
%F#
&F#
'F#
(F#
)F#
hE#










6F#
4F#
5F#
:F#
;F#
<F#
=F#
>F#
?F#
@F#
AF#
7F#
BF#
CF#
DF#
EF#
FF#
GF#
HF#
IF#
JF#
KF#
8F#
LF#
MF#
NF#
OF#
PF#
QF#
RF#
SF#
TF#
UF#
9F#










bF#
`F#
aF#






aG#
bG#
lF#
mF#
nF#
oF#
pF#
qF#
rF#
sF#
iF#










jF#
!G#
"G#
#G#
$G#
%G#
&G#
'G#
(G#
)G#
*G#
kF#
+G#
,G#
-G#
.G#
/G#
0G#
1G#
2G#
3G#
4G#

5G#
6G#
8G#
9G#
:G#
;G#
<G#
=G#
>G#
?G#
@G#
AG#
BG#
CG#
DG#
EG#
FG#

GG#
HG#
JG#
KG#
LG#
MG#
NG#
OG#
PG#
QG#
RG#
SG#
TG#
UG#
VG#
WG#
XG#
YG#
ZG#
[G#
\G#

]G#
^G#
cG#
dG#
eG#
fG#
`G#
















































































































































































































































0K#
1K#
CJ#
DJ#
EJ#
FJ#
GJ#
HJ#
IJ#
JJ#
@J#










AJ#
UJ#
VJ#
WJ#
XJ#
YJ#
ZJ#
[J#
\J#
]J#
^J#
BJ#
_J#
`J#
aJ#
bJ#
cJ#
dJ#
eJ#
fJ#
gJ#
hJ#

iJ#
jJ#
oJ#
pJ#
qJ#
rJ#
sJ#
tJ#
uJ#
vJ#
lJ#










mJ#
$K#
%K#
&K#
'K#
(K#
)K#
*K#
+K#
,K#
-K#
nJ#
.K#
/K#





















JK#
KK#
LK#
MK#
NK#
OK#
PK#
QK#
RK#
SK#
GK#
TK#
UK#
VK#
WK#
XK#
YK#
ZK#
[K#
\K#
]K#
HK#
^K#
_K#
`K#
aK#
bK#
cK#
dK#
eK#
fK#
gK#
IK#











vK#
wK#
xK#
yK#
zK#
{K#
|K#
}K#
!L#
"L#
sK#
tK#
uK#





























































cL#
dL#
eL#
fL#
gL#
hL#
iL#
jL#
kL#
lL#
`L#
aL#
bL#

TM#
UM#
qL#
rL#
sL#
tL#
uL#
vL#
wL#
xL#
nL#










oL#
&M#
'M#
(M#
)M#
*M#
+M#
,M#
-M#
.M#
/M#
pL#
0M#
1M#
2M#
3M#
4M#
5M#
6M#
7M#
8M#
9M#

:M#
;M#
@M#
AM#
BM#
CM#
DM#
EM#
FM#
GM#
=M#










>M#
?M#
RM#
SM#






_M#
`M#
aM#
bM#
cM#
dM#
eM#
fM#
gM#
hM#
\M#
iM#
jM#
kM#
lM#
mM#
nM#
oM#
pM#
qM#
rM#
]M#
sM#
tM#
uM#
vM#
wM#
xM#
yM#
zM#
{M#
|M#
^M#










,N#
*N#
+N#
0N#
1N#
2N#
3N#
4N#
5N#
6N#
7N#
-N#
8N#
9N#
:N#
;N#
<N#
=N#
>N#
?N#
@N#
AN#
.N#
BN#
CN#
DN#
EN#
FN#
GN#
HN#
IN#
JN#
KN#
/N#

































oN#
mN#
nN#



















(O#
&O#
'O#









5O#
6O#
7O#
8O#
9O#
:O#
;O#
<O#
=O#
>O#
2O#
3O#
4O#





























































"P#
#P#
$P#
%P#
&P#
'P#
|O#
}O#
!P#

hP#
iP#
,P#
-P#
.P#
/P#
0P#
1P#
2P#
3P#
)P#










*P#
>P#
?P#
@P#
AP#
BP#
CP#
DP#
EP#
FP#
GP#
+P#
HP#
IP#
JP#
KP#
LP#
MP#

NP#
OP#
TP#
UP#
VP#
WP#
XP#
YP#
ZP#
[P#
QP#










RP#
SP#
fP#
gP#





























,Q#
*Q#
+Q#



































































































































































































































































GT#
HT#
yS#
zS#
{S#
|S#
}S#
!T#
"T#
#T#
vS#










wS#
.T#
/T#
0T#
1T#
2T#
3T#
4T#
5T#
6T#
7T#
xS#
8T#
9T#
:T#
;T#
<T#
=T#
>T#
?T#
@T#
AT#
BT#
CT#
DT#
ET#
FT#






















































































































































'V#
%V#
&V#
+V#
,V#
-V#
.V#
/V#
0V#
1V#
2V#
(V#
3V#
4V#
5V#
6V#
)V#
*V#


















LV#
IV#
JV#
KV#

























































































































































































































































1Y#
/Y#
0Y#






















































































































































































_[#
`[#
1[#
2[#
3[#
4[#
5[#
6[#
7[#
8[#
.[#






/[#
?[#
@[#
A[#
B[#
C[#
D[#
0[#
E[#
F[#
G[#
H[#
I[#
J[#
K[#
L[#
M[#
N[#
O[#
S[#
T[#
U[#
V[#
W[#
X[#
P[#




Q[#
R[#
][#
^[#




















































































































































x]#
y]#
;]#
<]#
=]#
>]#
?]#
@]#
A]#
B]#
C]#
D]#
E]#
F]#
G]#
H]#
I]#
J]#
K]#
L]#
M]#

N]#
O]#
Q]#
R]#
S]#
T]#
U]#
V]#
W]#
X]#
Y]#
Z]#
[]#
\]#
]]#
^]#
_]#
`]#
a]#
b]#
c]#

d]#
e]#
g]#
h]#
i]#
j]#
k]#
l]#
m]#
n]#
o]#
p]#
q]#
r]#
s]#
t]#
u]#
v]#
w]#
























t^#
u^#
8^#
9^#
:^#
;^#
<^#
=^#
>^#
?^#
5^#










6^#
J^#
K^#
L^#
M^#
N^#
O^#
P^#
Q^#
R^#
S^#
7^#
T^#
U^#
V^#
W^#
X^#
Y^#
Z^#
[^#
\^#
]^#

^^#
_^#
d^#
e^#
f^#
g^#
h^#
i^#
j^#
k^#
a^#






b^#
c^#
r^#
s^#























































































































































































































































































xa#
va#
wa#









































Gb#
Eb#
Fb#















Yb#
Wb#
Xb#






















































































































































9d#
:d#
;d#
<d#
=d#
>d#
6d#
?d#
@d#
Ad#
Bd#
Cd#
Dd#
7d#
Ed#
Fd#
8d#







Qd#
Rd#
Sd#
Td#
Ud#
Vd#
Wd#
Xd#
Nd#
Yd#
Zd#
[d#
\d#
]d#
^d#
Od#
_d#
`d#
Pd#





id#
jd#
kd#
ld#
md#
nd#
od#
pd#
fd#
qd#
rd#
sd#
td#
ud#
vd#
gd#
wd#
xd#
hd#




































































































,f#
-f#
#f#
$f#
%f#
&f#
'f#
(f#
)f#
*f#
+f#























Hf#
If#
Jf#
Kf#
Lf#
Mf#
Nf#
Of#
Ef#
Pf#
Qf#
Rf#
Sf#
Tf#
Uf#
Vf#
Wf#
Xf#
Yf#
Ff#
Zf#
[f#
\f#
]f#
^f#
_f#
`f#
af#
bf#
cf#
Gf#











rf#
sf#
tf#
uf#
vf#
wf#
xf#
yf#
zf#
{f#
of#
pf#
qf#



























































































































































































































}i#
!j#
Ci#
Di#
Ei#
Fi#
Gi#
Hi#
Ii#
Ji#
@i#










Ai#
Ui#
Vi#
Wi#
Xi#
Yi#
Zi#
[i#
\i#
]i#
^i#
Bi#
_i#
`i#
ai#
bi#
ci#
di#
ei#
fi#
gi#
hi#

ii#
ji#
oi#
pi#
qi#
ri#
si#
ti#
ui#
vi#
li#




mi#
ni#
{i#
|i#



































































































































































































































































































































































































































Sn#
Qn#
Rn#
























































































































































































































up#
vp#
wp#
xp#
yp#
zp#
rp#
{p#
|p#
}p#
!q#
"q#
#q#
$q#
%q#
&q#
'q#
sp#
(q#
)q#
tp#























Vq#
Wq#
Dq#
Eq#
Fq#
Gq#
Aq#










Bq#
Rq#
Sq#
Cq#
Tq#
Uq#








































































































pr#
qr#
cr#


dr#
hr#
ir#
er#
jr#
kr#
lr#
mr#
nr#
or#





































































































































































































































































































\v#
]v#
&v#
'v#
(v#
)v#
*v#
+v#
,v#
-v#
#v#








$v#
6v#
7v#
8v#
9v#
:v#
;v#
<v#
=v#
%v#
>v#
?v#
@v#
Av#
Bv#
Cv#
Dv#
Ev#
Fv#
Gv#

Hv#
Iv#
Nv#
Ov#
Pv#
Qv#
Rv#
Sv#
Tv#
Uv#
Kv#




Lv#
Mv#
Zv#
[v#


























{v#
xv#
yv#
zv#


































































































































































































































`y#
ay#
Jy#
Ky#
Ly#
My#
Ny#
Oy#
Py#
Qy#
Gy#










Hy#
\y#
]y#
Iy#
^y#
_y#

















































































































































































































































































































































































































































































""$
#"$
e!$
f!$
g!$
h!$
i!$
j!$
k!$
l!$
b!$










c!$
w!$
x!$
d!$
y!$
z!$
{!$
|!$
}!$
!"$

B"$
C"$
("$
)"$
*"$
+"$
,"$
-"$
."$
/"$
%"$










&"$
:"$
;"$
'"$
<"$
="$
>"$
?"$
@"$
A"$







h"$
i"$
N"$
O"$
P"$
Q"$
R"$
S"$
T"$
U"$
K"$










L"$
`"$
a"$
M"$
b"$
c"$
d"$
e"$
f"$
g"$

n"$
o"$
p"$
q"$
r"$
s"$
t"$
u"$
v"$
w"$
k"$
x"$
y"$
z"$
{"$
|"$
}"$
!#$
"#$
##$
$#$
l"$
%#$
&#$
m"$













Q#$
R#$
7#$
8#$
9#$
:#$
;#$
<#$
=#$
>#$
4#$










5#$
I#$
J#$
6#$
K#$
L#$
M#$
N#$
O#$
P#$

q#$
r#$
W#$
X#$
Y#$
Z#$
[#$
\#$
]#$
^#$
T#$










U#$
i#$
j#$
V#$
k#$
l#$
m#$
n#$
o#$
p#$







:$$
;$$
}#$
!$$
"$$
#$$
$$$
%$$
&$$
'$$
z#$










{#$
2$$
3$$
|#$
4$$
5$$
6$$
7$$
8$$
9$$

Z$$
[$$
=$$
>$$
?$$
@$$
A$$
B$$
C$$
D$$
E$$
F$$
G$$
H$$
I$$
J$$
K$$
L$$
M$$
N$$
O$$

P$$
Q$$
S$$
T$$
U$$
V$$
W$$
X$$
Y$$








$%$
%%$
g$$
h$$
i$$
j$$
k$$
l$$
m$$
n$$
d$$










e$$
y$$
z$$
f$$
{$$
|$$
}$$
!%$
"%$
#%$

D%$
E%$
*%$
+%$
,%$
-%$
.%$
/%$
0%$
1%$
'%$










(%$
<%$
=%$
)%$
>%$
?%$
@%$
A%$
B%$
C%$





h%$
i%$
N%$
O%$
P%$
Q%$
R%$
S%$
T%$
U%$
K%$










L%$
`%$
a%$
M%$
b%$
c%$
d%$
e%$
f%$
g%$

+&$
,&$
n%$
o%$
p%$
q%$
r%$
s%$
t%$
u%$
k%$










l%$
#&$
$&$
m%$
%&$
&&$
'&$
(&$
)&$
*&$




N&$
O&$
4&$
5&$
6&$
7&$
8&$
9&$
:&$
;&$
1&$










2&$
F&$
G&$
3&$
H&$
I&$
J&$
K&$
L&$
M&$

n&$
o&$
T&$
U&$
V&$
W&$
X&$
Y&$
Z&$
[&$
Q&$










R&$
f&$
g&$
S&$
h&$
i&$
j&$
k&$
l&$
m&$


2'$
3'$
u&$
v&$
w&$
x&$
y&$
z&$
{&$
|&$
r&$










s&$
*'$
+'$
t&$
,'$
-'$
.'$
/'$
0'$
1'$

R'$
S'$
8'$
9'$
:'$
;'$
<'$
='$
>'$
?'$
5'$










6'$
J'$
K'$
7'$
L'$
M'$
N'$
O'$
P'$
Q'$



Z'$
['$
\'$
]'$
^'$
_'$
`'$
a'$
b'$
c'$
W'$
d'$
e'$
f'$
g'$
h'$
i'$
j'$
k'$
l'$
m'$
X'$
n'$
o'$
Y'$







7($
8($
w'$
x'$
y'$
z'$
{'$
|'$
}'$
!($
"($
#($
$($
%($
&($
'($
(($
)($
*($
+($
,($

-($
.($
0($
1($
2($
3($
4($
5($
6($





[($
\($
A($
B($
C($
D($
E($
F($
G($
H($
>($










?($
S($
T($
@($
U($
V($
W($
X($
Y($
Z($

{($
|($
a($
b($
c($
d($
e($
f($
g($
h($
^($










_($
s($
t($
`($
u($
v($
w($
x($
y($
z($




A)$
B)$
')$
()$
))$
*)$
+)$
,)$
-)$
.)$
$)$










%)$
9)$
:)$
&)$
;)$
<)$
=)$
>)$
?)$
@)$

a)$
b)$
G)$
H)$
I)$
J)$
K)$
L)$
M)$
N)$
D)$










E)$
Y)$
Z)$
F)$
[)$
\)$
])$
^)$
_)$
`)$


%*$
&*$
h)$
i)$
j)$
k)$
l)$
m)$
n)$
o)$
e)$










f)$
z)$
{)$
g)$
|)$
})$
!*$
"*$
#*$
$*$

E*$
F*$
+*$
,*$
-*$
.*$
/*$
0*$
1*$
2*$
(*$










)*$
=*$
>*$
**$
?*$
@*$
A*$
B*$
C*$
D*$


















































































































































































































































































































































































































































































































































































































































































































































































































































































































































































































































































































































































































































































































































































































































































































































































































































































































































































































































































































































































































































































































































































































































































































































































































































































































































































































































































































































































































































































































































































































































































































































































































































































































































































































































































































































































cO$
dO$
KO$
LO$
MO$
NO$
OO$
PO$
QO$
RO$
HO$










IO$
JO$
]O$
^O$
_O$
`O$
aO$
bO$

$P$
%P$
iO$
jO$
kO$
lO$
mO$
nO$
oO$
pO$
fO$










gO$
hO$
{O$
|O$
}O$
!P$
"P$
#P$

BP$
CP$
*P$
+P$
,P$
-P$
.P$
/P$
0P$
1P$
'P$










(P$
)P$
<P$
=P$
>P$
?P$
@P$
AP$

`P$
aP$
HP$
IP$
JP$
KP$
LP$
MP$
NP$
OP$
EP$










FP$
GP$
ZP$
[P$
\P$
]P$
^P$
_P$

!Q$
"Q$
fP$
gP$
hP$
iP$
jP$
kP$
lP$
mP$
cP$










dP$
eP$
xP$
yP$
zP$
{P$
|P$
}P$

?Q$
@Q$
'Q$
(Q$
)Q$
*Q$
+Q$
,Q$
-Q$
.Q$
$Q$










%Q$
&Q$
9Q$
:Q$
;Q$
<Q$
=Q$
>Q$

]Q$
^Q$
EQ$
FQ$
GQ$
HQ$
IQ$
JQ$
KQ$
LQ$
BQ$










CQ$
DQ$
WQ$
XQ$
YQ$
ZQ$
[Q$
\Q$

{Q$
|Q$
cQ$
dQ$
eQ$
fQ$
gQ$
hQ$
iQ$
jQ$
`Q$










aQ$
bQ$
uQ$
vQ$
wQ$
xQ$
yQ$
zQ$

<R$
=R$
$R$
%R$
&R$
'R$
(R$
)R$
*R$
+R$
!R$










"R$
#R$
6R$
7R$
8R$
9R$
:R$
;R$

ZR$
[R$
BR$
CR$
DR$
ER$
FR$
GR$
HR$
IR$
?R$










@R$
AR$
TR$
UR$
VR$
WR$
XR$
YR$

xR$
yR$
`R$
aR$
bR$
cR$
dR$
eR$
fR$
gR$
]R$










^R$
_R$
rR$
sR$
tR$
uR$
vR$
wR$

9S$
:S$
!S$
"S$
#S$
$S$
%S$
&S$
'S$
(S$
{R$










|R$
}R$
3S$
4S$
5S$
6S$
7S$
8S$

WS$
XS$
?S$
@S$
AS$
BS$
CS$
DS$
ES$
FS$
<S$










=S$
>S$
QS$
RS$
SS$
TS$
US$
VS$

uS$
vS$
]S$
^S$
_S$
`S$
aS$
bS$
cS$
dS$
ZS$










[S$
\S$
oS$
pS$
qS$
rS$
sS$
tS$

6T$
7T$
{S$
|S$
}S$
!T$
"T$
#T$
$T$
%T$
xS$










yS$
zS$
0T$
1T$
2T$
3T$
4T$
5T$

TT$
UT$
<T$
=T$
>T$
?T$
@T$
AT$
BT$
CT$
9T$










:T$
;T$
NT$
OT$
PT$
QT$
RT$
ST$









?U$
@U$
bT$
cT$
dT$
eT$
fT$
gT$
hT$
iT$
_T$










`T$
tT$
uT$
vT$
wT$
xT$
yT$
zT$
{T$
|T$
}T$
aT$
!U$
"U$
#U$
$U$
%U$
&U$
'U$
(U$
)U$
*U$

+U$
,U$
1U$
2U$
3U$
4U$
5U$
6U$
7U$
8U$
.U$




/U$
0U$
=U$
>U$












































































































































































































































































































































































































































































































































































































































































































































































































































































































































































h_$
i_$
N_$
O_$
P_$
Q_$
R_$
S_$
T_$
U_$
K_$










L_$
`_$
a_$
M_$
b_$
c_$
d_$
e_$
f_$
g_$

+`$
,`$
n_$
o_$
p_$
q_$
r_$
s_$
t_$
u_$
k_$










l_$
#`$
$`$
m_$
%`$
&`$
'`$
(`$
)`$
*`$



M`$
N`$
3`$
4`$
5`$
6`$
7`$
8`$
9`$
:`$
0`$










1`$
E`$
F`$
2`$
G`$
H`$
I`$
J`$
K`$
L`$

m`$
n`$
S`$
T`$
U`$
V`$
W`$
X`$
Y`$
Z`$
P`$










Q`$
e`$
f`$
R`$
g`$
h`$
i`$
j`$
k`$
l`$


1a$
2a$
t`$
u`$
v`$
w`$
x`$
y`$
z`$
{`$
q`$










r`$
)a$
*a$
s`$
+a$
,a$
-a$
.a$
/a$
0a$

Qa$
Ra$
7a$
8a$
9a$
:a$
;a$
<a$
=a$
>a$
4a$










5a$
Ia$
Ja$
6a$
Ka$
La$
Ma$
Na$
Oa$
Pa$



sa$
ta$
Ya$
Za$
[a$
\a$
]a$
^a$
_a$
`a$
Va$










Wa$
ka$
la$
Xa$
ma$
na$
oa$
pa$
qa$
ra$

6b$
7b$
ya$
za$
{a$
|a$
}a$
!b$
"b$
#b$
va$










wa$
.b$
/b$
xa$
0b$
1b$
2b$
3b$
4b$
5b$


































































































































































































































































`e$
ae$
&e$
'e$
(e$
)e$
*e$
+e$
,e$
-e$
#e$










$e$
8e$
9e$
:e$
;e$
<e$
=e$
>e$
?e$
@e$
Ae$
%e$
Be$
Ce$
De$
Ee$
Fe$
Ge$
He$
Ie$
Je$
Ke$

Le$
Me$
Re$
Se$
Te$
Ue$
Ve$
We$
Xe$
Ye$
Oe$




Pe$
Qe$
^e$
_e$































































Mf$
Nf$
Df$
Ef$
Ff$
Gf$
Hf$
If$
Jf$
Kf$
Lf$

















if$
jf$
`f$
af$
bf$
cf$
df$
ef$
ff$
gf$
hf$

















(g$
)g$
|f$
}f$
!g$
"g$
#g$
$g$
%g$
&g$
'g$
















Cg$
Dg$
:g$
;g$
<g$
=g$
>g$
?g$
@g$
Ag$
Bg$




























































































Eh$
Dh$
















































































































































































































ej$
fj$
\j$
]j$
^j$
_j$
`j$
aj$
bj$
cj$
dj$

















$k$
%k$
xj$
yj$
zj$
{j$
|j$
}j$
!k$
"k$
#k$
















?k$
@k$
6k$
7k$
8k$
9k$
:k$
;k$
<k$
=k$
>k$















Yk$
Zk$
Pk$
Qk$
Rk$
Sk$
Tk$
Uk$
Vk$
Wk$
Xk$




















































3l$
4l$
2l$





;l$
<l$
:l$

























































































































Zm$
[m$
\m$
]m$
^m$
_m$
Ym$















xm$
ym$
om$
pm$
qm$
rm$
sm$
tm$
um$
vm$
wm$

















1n$
2n$
.n$
/n$
0n$






















Rn$
Sn$
In$
Jn$
Kn$
Ln$
Mn$
Nn$
On$
Pn$
Qn$














kn$
ln$
bn$
cn$
dn$
en$
fn$
gn$
hn$
in$
jn$















































































































































































kp$
lp$
bp$
cp$
dp$
ep$
fp$
gp$
hp$
ip$
jp$

















*q$
+q$
!q$
"q$
#q$
$q$
%q$
&q$
'q$
(q$
)q$
















Eq$
Fq$
<q$
=q$
>q$
?q$
@q$
Aq$
Bq$
Cq$
Dq$














^q$
_q$
Uq$
Vq$
Wq$
Xq$
Yq$
Zq$
[q$
\q$
]q$














































2r$
3r$
1r$





































































































































































































































bt$
_t$
ct$
`t$
dt$
at$






















|t$
}t$
{t$

































































































































































































































































































































































































































Oy$
Py$
Ny$






















































































































4{$
5{$
jz$
kz$
lz$
mz$
nz$
oz$
pz$
qz$
rz$
sz$
tz$
uz$
vz$
wz$
xz$
yz$
zz$
{z$
|z$
}z$
!{$
"{$
#{$
${$
%{$
&{$
'{$
({$
){$
*{$
+{$
,{$
-{$
.{$
/{$
0{$
1{$
2{$
3{$









































































































































































&}$
%}$





























































e}$
f}$
d}$



















































































^!%
_!%
]!%
























%"%
&"%
{!%
x!%
y!%
z!%
|!%
}!%
!"%
""%
#"%
$"%

2"%
3"%
+"%
("%
)"%
*"%
,"%
-"%
."%
/"%
0"%
1"%






w"%
x"%
="%
>"%
?"%
@"%
A"%
B"%
C"%
D"%
:"%










;"%
O"%
P"%
Q"%
R"%
S"%
T"%
U"%
V"%
W"%
X"%
<"%
Y"%
Z"%
["%
\"%
]"%
^"%
_"%
`"%
a"%
b"%

c"%
d"%
i"%
j"%
k"%
l"%
m"%
n"%
o"%
p"%
f"%




g"%
h"%
u"%
v"%

'#%
(#%
}"%
z"%
{"%
|"%
!#%
"#%
##%
$#%
%#%
&#%

4#%
5#%
-#%
*#%
+#%
,#%
.#%
/#%
0#%
1#%
2#%
3#%






































































\$%
]$%
"$%
#$%
$$%
%$%
&$%
'$%
($%
)$%
|#%










}#%
4$%
5$%
6$%
7$%
8$%
9$%
:$%
;$%
<$%
=$%
!$%
>$%
?$%
@$%
A$%
B$%
C$%
D$%
E$%
F$%
G$%

H$%
I$%
N$%
O$%
P$%
Q$%
R$%
S$%
T$%
U$%
K$%




L$%
M$%
Z$%
[$%























































U%%
V%%
;%%
<%%
=%%
>%%
?%%
@%%
A%%
B%%
8%%










9%%
M%%
N%%
:%%
O%%
P%%
Q%%
R%%
S%%
T%%

u%%
v%%
[%%
\%%
]%%
^%%
_%%
`%%
a%%
b%%
X%%










Y%%
m%%
n%%
Z%%
o%%
p%%
q%%
r%%
s%%
t%%






















































































































c'%
3'%
4'%
5'%
6'%
7'%
8'%
9'%
:'%
;'%
<'%
='%
>'%
?'%
@'%
A'%
B'%
C'%
G'%
D'%
E'%
F'%
K'%
L'%
M'%
N'%
O'%
P'%
Q'%
H'%
R'%
S'%
T'%
U'%
V'%
W'%
X'%
Y'%
Z'%
['%
I'%




J'%
`'%
a'%
b'%
































































































:)%
g(%
h(%
i(%
j(%
k(%
l(%
m(%
n(%
o(%
p(%
q(%
r(%
s(%
t(%
u(%
v(%
w(%
{(%
x(%
y(%
z(%
")%
#)%
$)%
%)%
&)%
')%
()%
|(%
))%
*)%
+)%
,)%
-)%
.)%
/)%
0)%
1)%
2)%
}(%




!)%
7)%
8)%
9)%





































a)%
`)%



























































































a*%
b*%
`*%













































































































































9,%
:,%
;,%
<,%
=,%
>,%
?,%
@,%
A,%
B,%
6,%
C,%
D,%
E,%
F,%
G,%
H,%
I,%
J,%
K,%
L,%
7,%
M,%
N,%
O,%
P,%
Q,%
R,%
S,%
T,%
U,%
V,%
8,%










































































































e-%
d-%























!.%
}-%















































R.%
Q.%













































&/%
'/%
(/%
)/%
*/%
+/%
,/%
-/%
./%
//%
#/%
0/%
1/%
2/%
3/%
4/%
5/%
6/%
7/%
8/%
9/%
$/%
:/%
;/%
</%
=/%
>/%
?/%
@/%
A/%
B/%
C/%
%/%



































































































































































































































p1%
q1%
r1%
s1%
t1%
u1%
v1%
w1%
x1%
y1%
m1%
z1%
{1%
|1%
}1%
!2%
"2%
#2%
$2%
%2%
&2%
n1%
'2%
(2%
)2%
*2%
+2%
,2%
-2%
.2%
/2%
02%
o1%



































































































































































































































]4%
^4%
_4%
`4%
a4%
b4%
c4%
d4%
e4%
f4%
Z4%
g4%
h4%
i4%
j4%
k4%
l4%
m4%
n4%
o4%
p4%
[4%
q4%
r4%
s4%
t4%
u4%
v4%
w4%
x4%
y4%
z4%
\4%



































































































































E6%
D6%















































v6%
u6%













































J7%
K7%
L7%
M7%
N7%
O7%
P7%
Q7%
R7%
S7%
G7%
T7%
U7%
V7%
W7%
X7%
Y7%
Z7%
[7%
\7%
]7%
H7%
^7%
_7%
`7%
a7%
b7%
c7%
d7%
e7%
f7%
g7%
I7%



































































































































































































































7:%
8:%
9:%
::%
;:%
<:%
=:%
>:%
?:%
@:%
4:%
A:%
B:%
C:%
D:%
E:%
F:%
G:%
H:%
I:%
J:%
5:%
K:%
L:%
M:%
N:%
O:%
P:%
Q:%
R:%
S:%
T:%
6:%



































































































































































































































$=%
%=%
&=%
'=%
(=%
)=%
*=%
+=%
,=%
-=%
!=%
.=%
/=%
0=%
1=%
2=%
3=%
4=%
5=%
6=%
7=%
"=%
8=%
9=%
:=%
;=%
<=%
==%
>=%
?=%
@=%
A=%
#=%



































































































































































































































n?%
o?%
p?%
q?%
r?%
s?%
t?%
u?%
v?%
w?%
k?%
x?%
y?%
z?%
{?%
|?%
}?%
!@%
"@%
#@%
$@%
l?%
%@%
&@%
'@%
(@%
)@%
*@%
+@%
,@%
-@%
.@%
m?%



































































































































































































































[B%
\B%
]B%
^B%
_B%
`B%
aB%
bB%
cB%
dB%
XB%
eB%
fB%
gB%
hB%
iB%
jB%
kB%
lB%
mB%
nB%
YB%
oB%
pB%
qB%
rB%
sB%
tB%
uB%
vB%
wB%
xB%
ZB%



































































































































































































































HE%
IE%
JE%
KE%
LE%
ME%
NE%
OE%
PE%
QE%
EE%
RE%
SE%
TE%
UE%
VE%
WE%
XE%
YE%
ZE%
[E%
FE%
\E%
]E%
^E%
_E%
`E%
aE%
bE%
cE%
dE%
eE%
GE%



































































































































































































































5H%
6H%
7H%
8H%
9H%
:H%
;H%
<H%
=H%
>H%
2H%
?H%
@H%
AH%
BH%
CH%
DH%
EH%
FH%
GH%
HH%
3H%
IH%
JH%
KH%
LH%
MH%
NH%
OH%
PH%
QH%
RH%
4H%



































































































































































































































"K%
#K%
$K%
%K%
&K%
'K%
(K%
)K%
*K%
+K%
|J%
,K%
-K%
.K%
/K%
0K%
1K%
2K%
3K%
4K%
5K%
}J%
6K%
7K%
8K%
9K%
:K%
;K%
<K%
=K%
>K%
?K%
!K%




































































































































































































































































































PN%
QN%
RN%
SN%
TN%
UN%
VN%
WN%
XN%
YN%
MN%
ZN%
[N%
\N%
]N%
^N%
_N%
`N%
aN%
bN%
cN%
NN%
dN%
eN%
fN%
gN%
hN%
iN%
jN%
kN%
lN%
mN%
ON%
























































































































































































































2Q%
3Q%
4Q%
5Q%
6Q%
7Q%
8Q%
9Q%
:Q%
;Q%
/Q%
<Q%
=Q%
>Q%
?Q%
@Q%
AQ%
BQ%
CQ%
DQ%
EQ%
0Q%
FQ%
GQ%
HQ%
IQ%
JQ%
KQ%
LQ%
MQ%
NQ%
OQ%
1Q%
























































































































































































































qS%
rS%
sS%
tS%
uS%
vS%
wS%
xS%
yS%
zS%
nS%
{S%
|S%
}S%
!T%
"T%
#T%
$T%
%T%
&T%
'T%
oS%
(T%
)T%
*T%
+T%
,T%
-T%
.T%
/T%
0T%
1T%
pS%
























































































































































































































SV%
TV%
UV%
VV%
WV%
XV%
YV%
ZV%
[V%
\V%
PV%
]V%
^V%
_V%
`V%
aV%
bV%
cV%
dV%
eV%
fV%
QV%
gV%
hV%
iV%
jV%
kV%
lV%
mV%
nV%
oV%
pV%
RV%
























































































































































































































5Y%
6Y%
7Y%
8Y%
9Y%
:Y%
;Y%
<Y%
=Y%
>Y%
2Y%
?Y%
@Y%
AY%
BY%
CY%
DY%
EY%
FY%
GY%
HY%
3Y%
IY%
JY%
KY%
LY%
MY%
NY%
OY%
PY%
QY%
RY%
4Y%
























































































































































































































t[%
u[%
v[%
w[%
x[%
y[%
z[%
{[%
|[%
}[%
q[%
!\%
"\%
#\%
$\%
%\%
&\%
'\%
(\%
)\%
*\%
r[%
+\%
,\%
-\%
.\%
/\%
0\%
1\%
2\%
3\%
4\%
s[%
























































































































































































































V^%
W^%
X^%
Y^%
Z^%
[^%
\^%
]^%
^^%
_^%
S^%
`^%
a^%
b^%
c^%
d^%
e^%
f^%
g^%
h^%
i^%
T^%
j^%
k^%
l^%
m^%
n^%
o^%
p^%
q^%
r^%
s^%
U^%
























































































































































































































8a%
9a%
:a%
;a%
<a%
=a%
>a%
?a%
@a%
Aa%
5a%
Ba%
Ca%
Da%
Ea%
Fa%
Ga%
Ha%
Ia%
Ja%
Ka%
6a%
La%
Ma%
Na%
Oa%
Pa%
Qa%
Ra%
Sa%
Ta%
Ua%
7a%
























































































































































































































wc%
xc%
yc%
zc%
{c%
|c%
}c%
!d%
"d%
#d%
tc%
$d%
%d%
&d%
'd%
(d%
)d%
*d%
+d%
,d%
-d%
uc%
.d%
/d%
0d%
1d%
2d%
3d%
4d%
5d%
6d%
7d%
vc%




























































ud%
td%


























































































































































Yf%
Zf%
[f%
\f%
]f%
^f%
_f%
`f%
af%
bf%
Vf%
cf%
df%
ef%
ff%
gf%
hf%
if%
jf%
kf%
lf%
Wf%
mf%
nf%
of%
pf%
qf%
rf%
sf%
tf%
uf%
vf%
Xf%
























































































































































































































;i%
<i%
=i%
>i%
?i%
@i%
Ai%
Bi%
Ci%
Di%
8i%
Ei%
Fi%
Gi%
Hi%
Ii%
Ji%
Ki%
Li%
Mi%
Ni%
9i%
Oi%
Pi%
Qi%
Ri%
Si%
Ti%
Ui%
Vi%
Wi%
Xi%
:i%
























































































































































































































zk%
{k%
|k%
}k%
!l%
"l%
#l%
$l%
%l%
&l%
wk%
'l%
(l%
)l%
*l%
+l%
,l%
-l%
.l%
/l%
0l%
xk%
1l%
2l%
3l%
4l%
5l%
6l%
7l%
8l%
9l%
:l%
yk%



















































































































































































































































































_o%
:o%
;o%
<o%
=o%
>o%
?o%
@o%
Ao%
Bo%
Co%
Do%
Eo%
Fo%
Go%
Ho%
Io%
Jo%
Ko%
Lo%
7o%
Mo%
No%
Oo%
Po%
Qo%
Ro%
So%
To%
Uo%
Vo%
8o%





9o%
\o%
]o%
^o%



































































































































































































4r%
lq%
mq%
nq%
oq%
pq%
qq%
rq%
sq%
tq%
uq%
vq%
wq%
xq%
yq%
zq%
{q%
|q%
}q%
!r%
iq%
"r%
#r%
$r%
%r%
&r%
'r%
(r%
)r%
*r%
+r%
jq%





kq%
1r%
2r%
3r%































































































































































































bt%
=t%
>t%
?t%
@t%
At%
Bt%
Ct%
Dt%
Et%
Ft%
Gt%
Ht%
It%
Jt%
Kt%
Lt%
Mt%
Nt%
Ot%
:t%
Pt%
Qt%
Rt%
St%
Tt%
Ut%
Vt%
Wt%
Xt%
Yt%
;t%





<t%
_t%
`t%
at%



































































































































































































7w%
ov%
pv%
qv%
rv%
sv%
tv%
uv%
vv%
wv%
xv%
yv%
zv%
{v%
|v%
}v%
!w%
"w%
#w%
$w%
lv%
%w%
&w%
'w%
(w%
)w%
*w%
+w%
,w%
-w%
.w%
mv%





nv%
4w%
5w%
6w%



































































































































































































iy%
Dy%
Ey%
Fy%
Gy%
Hy%
Iy%
Jy%
Ky%
Ly%
My%
Ny%
Oy%
Py%
Qy%
Ry%
Sy%
Ty%
Uy%
Vy%
Ay%
Wy%
Xy%
Yy%
Zy%
[y%
\y%
]y%
^y%
_y%
`y%
By%





Cy%
fy%
gy%
hy%



































































































































































































>|%
v{%
w{%
x{%
y{%
z{%
{{%
|{%
}{%
!|%
"|%
#|%
$|%
%|%
&|%
'|%
(|%
)|%
*|%
+|%
s{%
,|%
-|%
.|%
/|%
0|%
1|%
2|%
3|%
4|%
5|%
t{%





u{%
;|%
<|%
=|%



































































































































































































p!&
K!&
L!&
M!&
N!&
O!&
P!&
Q!&
R!&
S!&
T!&
U!&
V!&
W!&
X!&
Y!&
Z!&
[!&
\!&
]!&
H!&
^!&
_!&
`!&
a!&
b!&
c!&
d!&
e!&
f!&
g!&
I!&





J!&
m!&
n!&
o!&



































































































































































































E$&
}#&
!$&
"$&
#$&
$$&
%$&
&$&
'$&
($&
)$&
*$&
+$&
,$&
-$&
.$&
/$&
0$&
1$&
2$&
z#&
3$&
4$&
5$&
6$&
7$&
8$&
9$&
:$&
;$&
<$&
{#&





|#&
B$&
C$&
D$&



































































































































































































w&&
R&&
S&&
T&&
U&&
V&&
W&&
X&&
Y&&
Z&&
[&&
\&&
]&&
^&&
_&&
`&&
a&&
b&&
c&&
d&&
O&&
e&&
f&&
g&&
h&&
i&&
j&&
k&&
l&&
m&&
n&&
P&&





Q&&
t&&
u&&
v&&



































































































































































































L)&
')&
()&
))&
*)&
+)&
,)&
-)&
.)&
/)&
0)&
1)&
2)&
3)&
4)&
5)&
6)&
7)&
8)&
9)&
$)&
:)&
;)&
<)&
=)&
>)&
?)&
@)&
A)&
B)&
C)&
%)&





&)&
I)&
J)&
K)&



































































































































































































!,&
Y+&
Z+&
[+&
\+&
]+&
^+&
_+&
`+&
a+&
b+&
c+&
d+&
e+&
f+&
g+&
h+&
i+&
j+&
k+&
V+&
l+&
m+&
n+&
o+&
p+&
q+&
r+&
s+&
t+&
u+&
W+&





X+&
{+&
|+&
}+&



































































































































































































S.&
..&
/.&
0.&
1.&
2.&
3.&
4.&
5.&
6.&
7.&
8.&
9.&
:.&
;.&
<.&
=.&
>.&
?.&
@.&
+.&
A.&
B.&
C.&
D.&
E.&
F.&
G.&
H.&
I.&
J.&
,.&





-.&
P.&
Q.&
R.&





































































































































































































































































j1&
E1&
F1&
G1&
H1&
I1&
J1&
K1&
L1&
M1&
N1&
O1&
P1&
Q1&
R1&
S1&
T1&
U1&
V1&
W1&
B1&
X1&
Y1&
Z1&
[1&
\1&
]1&
^1&
_1&
`1&
a1&
C1&





D1&
g1&
h1&
i1&



































































































































































































?4&
w3&
x3&
y3&
z3&
{3&
|3&
}3&
!4&
"4&
#4&
$4&
%4&
&4&
'4&
(4&
)4&
*4&
+4&
,4&
t3&
-4&
.4&
/4&
04&
14&
24&
34&
44&
54&
64&
u3&





v3&
<4&
=4&
>4&































































































































































































m6&
H6&
I6&
J6&
K6&
L6&
M6&
N6&
O6&
P6&
Q6&
R6&
S6&
T6&
U6&
V6&
W6&
X6&
Y6&
Z6&
E6&
[6&
\6&
]6&
^6&
_6&
`6&
a6&
b6&
c6&
d6&
F6&





G6&
j6&
k6&
l6&



































































































































































































B9&
z8&
{8&
|8&
}8&
!9&
"9&
#9&
$9&
%9&
&9&
'9&
(9&
)9&
*9&
+9&
,9&
-9&
.9&
/9&
w8&
09&
19&
29&
39&
49&
59&
69&
79&
89&
99&
x8&





y8&
?9&
@9&
A9&



































































































































































































t;&
O;&
P;&
Q;&
R;&
S;&
T;&
U;&
V;&
W;&
X;&
Y;&
Z;&
[;&
\;&
];&
^;&
_;&
`;&
a;&
L;&
b;&
c;&
d;&
e;&
f;&
g;&
h;&
i;&
j;&
k;&
M;&





N;&
q;&
r;&
s;&



































































































































































































I>&
$>&
%>&
&>&
'>&
(>&
)>&
*>&
+>&
,>&
->&
.>&
/>&
0>&
1>&
2>&
3>&
4>&
5>&
6>&
!>&
7>&
8>&
9>&
:>&
;>&
<>&
=>&
>>&
?>&
@>&
">&





#>&
F>&
G>&
H>&



































































































































































































{@&
V@&
W@&
X@&
Y@&
Z@&
[@&
\@&
]@&
^@&
_@&
`@&
a@&
b@&
c@&
d@&
e@&
f@&
g@&
h@&
S@&
i@&
j@&
k@&
l@&
m@&
n@&
o@&
p@&
q@&
r@&
T@&





U@&
x@&
y@&
z@&



































































































































































































PC&
+C&
,C&
-C&
.C&
/C&
0C&
1C&
2C&
3C&
4C&
5C&
6C&
7C&
8C&
9C&
:C&
;C&
<C&
=C&
(C&
>C&
?C&
@C&
AC&
BC&
CC&
DC&
EC&
FC&
GC&
)C&





*C&
MC&
NC&
OC&



































































































































































































%F&
]E&
^E&
_E&
`E&
aE&
bE&
cE&
dE&
eE&
fE&
gE&
hE&
iE&
jE&
kE&
lE&
mE&
nE&
oE&
ZE&
pE&
qE&
rE&
sE&
tE&
uE&
vE&
wE&
xE&
yE&
[E&





\E&
"F&
#F&
$F&



































































































































































































WH&
2H&
3H&
4H&
5H&
6H&
7H&
8H&
9H&
:H&
;H&
<H&
=H&
>H&
?H&
@H&
AH&
BH&
CH&
DH&
/H&
EH&
FH&
GH&
HH&
IH&
JH&
KH&
LH&
MH&
NH&
0H&





1H&
TH&
UH&
VH&



































































































































































































,K&
dJ&
eJ&
fJ&
gJ&
hJ&
iJ&
jJ&
kJ&
lJ&
mJ&
nJ&
oJ&
pJ&
qJ&
rJ&
sJ&
tJ&
uJ&
vJ&
aJ&
wJ&
xJ&
yJ&
zJ&
{J&
|J&
}J&
!K&
"K&
#K&
bJ&





cJ&
)K&
*K&
+K&



































































































































































































^M&
9M&
:M&
;M&
<M&
=M&
>M&
?M&
@M&
AM&
BM&
CM&
DM&
EM&
FM&
GM&
HM&
IM&
JM&
KM&
6M&
LM&
MM&
NM&
OM&
PM&
QM&
RM&
SM&
TM&
UM&
7M&





8M&
[M&
\M&
]M&






































































IN&
HN&















































































































































































































































2Q&
3Q&
%Q&
&Q&
'Q&
(Q&
)Q&
*Q&
+Q&
"Q&
#Q&
$Q&
,Q&
-Q&
.Q&
/Q&
0Q&
1Q&



































































































































[R&
ZR&

































































































































3T&
4T&
&T&
'T&
(T&
)T&
*T&
+T&
,T&
#T&
$T&
%T&
-T&
.T&
/T&
0T&
1T&
2T&






































































































































































































































































4W&
5W&
'W&
(W&
)W&
*W&
+W&
,W&
-W&
$W&
%W&
&W&
.W&
/W&
0W&
1W&
2W&
3W&






































































































































































































































































5Z&
6Z&
(Z&
)Z&
*Z&
+Z&
,Z&
-Z&
.Z&
%Z&
&Z&
'Z&
/Z&
0Z&
1Z&
2Z&
3Z&
4Z&






































































































































































































































































6]&
7]&
)]&
*]&
+]&
,]&
-]&
.]&
/]&
&]&
']&
(]&
0]&
1]&
2]&
3]&
4]&
5]&
















































































































































































































































































b`&
c`&
4`&
5`&
6`&
7`&
8`&
9`&
:`&
;`&
1`&










2`&
F`&
G`&
H`&
I`&
J`&
K`&
L`&
M`&
N`&
O`&
3`&
P`&
Q`&
R`&
S`&
T`&
U`&
V`&
W`&
X`&
Y`&

Z`&
[`&
]`&
^`&
_`&
``&
a`&



























































































































































































































8c&
9c&
+c&
,c&
-c&
.c&
/c&
0c&
1c&
(c&
)c&
*c&
2c&
3c&
4c&
5c&
6c&
7c&



































































































































ad&
`d&

































































































































9f&
:f&
,f&
-f&
.f&
/f&
0f&
1f&
2f&
)f&
*f&
+f&
3f&
4f&
5f&
6f&
7f&
8f&






































































































































































































































































:i&
;i&
-i&
.i&
/i&
0i&
1i&
2i&
3i&
*i&
+i&
,i&
4i&
5i&
6i&
7i&
8i&
9i&






































































































































































































































































;l&
<l&
.l&
/l&
0l&
1l&
2l&
3l&
4l&
+l&
,l&
-l&
5l&
6l&
7l&
8l&
9l&
:l&






































































































































































































































































<o&
=o&
/o&
0o&
1o&
2o&
3o&
4o&
5o&
,o&
-o&
.o&
6o&
7o&
8o&
9o&
:o&
;o&






































































































































































































































































=r&
>r&
0r&
1r&
2r&
3r&
4r&
5r&
6r&
-r&
.r&
/r&
7r&
8r&
9r&
:r&
;r&
<r&






































































































































































































































































>u&
?u&
1u&
2u&
3u&
4u&
5u&
6u&
7u&
.u&
/u&
0u&
8u&
9u&
:u&
;u&
<u&
=u&






































































































































































































































































?x&
@x&
2x&
3x&
4x&
5x&
6x&
7x&
8x&
/x&
0x&
1x&
9x&
:x&
;x&
<x&
=x&
>x&


















































































































































































































































































































































/|&
0|&
"|&
#|&
$|&
%|&
&|&
'|&
(|&
|{&
}{&
!|&
)|&
*|&
+|&
,|&
-|&
.|&






































































































































































































































































0"'
1"'
#"'
$"'
%"'
&"'
'"'
("'
)"'
}!'
!"'
""'
*"'
+"'
,"'
-"'
."'
/"'






































































































































































































































































1%'
2%'
$%'
%%'
&%'
'%'
(%'
)%'
*%'
!%'
"%'
#%'
+%'
,%'
-%'
.%'
/%'
0%'






































































































































































































































































2('
3('
%('
&('
'('
(('
)('
*('
+('
"('
#('
$('
,('
-('
.('
/('
0('
1('


































































































































































































































































/+'
0+'
"+'
#+'
$+'
%+'
&+'
'+'
(+'
|*'
}*'
!+'
)+'
*+'
++'
,+'
-+'
.+'




















































































































































































,-'
+-'


























































































[.'
\.'
-.'
..'
/.'
0.'
1.'
2.'
3.'
4.'
*.'










+.'
?.'
@.'
A.'
B.'
C.'
D.'
E.'
F.'
G.'
H.'
,.'
I.'
J.'
K.'
L.'
M.'
N.'
O.'
P.'
Q.'
R.'

S.'
T.'
V.'
W.'
X.'
Y.'
Z.'



























































































































































































































11'
21'
$1'
%1'
&1'
'1'
(1'
)1'
*1'
!1'
"1'
#1'
+1'
,1'
-1'
.1'
/1'
01'






































































































































































































































































24'
34'
%4'
&4'
'4'
(4'
)4'
*4'
+4'
"4'
#4'
$4'
,4'
-4'
.4'
/4'
04'
14'






































































































































































































































































37'
47'
&7'
'7'
(7'
)7'
*7'
+7'
,7'
#7'
$7'
%7'
-7'
.7'
/7'
07'
17'
27'






































































































































































































































































4:'
5:'
':'
(:'
):'
*:'
+:'
,:'
-:'
$:'
%:'
&:'
.:'
/:'
0:'
1:'
2:'
3:'






































































































































































































































































5='
6='
(='
)='
*='
+='
,='
-='
.='
%='
&='
'='
/='
0='
1='
2='
3='
4='






































































































































































































































































6@'
7@'
)@'
*@'
+@'
,@'
-@'
.@'
/@'
&@'
'@'
(@'
0@'
1@'
2@'
3@'
4@'
5@'






































































































































































































































































7C'
8C'
*C'
+C'
,C'
-C'
.C'
/C'
0C'
'C'
(C'
)C'
1C'
2C'
3C'
4C'
5C'
6C'






































































































































































































































































8F'
9F'
+F'
,F'
-F'
.F'
/F'
0F'
1F'
(F'
)F'
*F'
2F'
3F'
4F'
5F'
6F'
7F'


































































































































































