yy!
zy!
{y!
|y!
!z!
vy!
wy!
xy!
&z!
#z!
'z!
%z!
+z!
.z!
Bz!
Ez!
,z!
-z!
2z!
3z!
4z!
5z!
7z!
8z!
>z!
@z!
:z!
)z!
/z!
1z!
?z!
;z!
<z!
Fz!
Az!
9z!
=z!
0z!
Cz!
Dz!
6z!
*z!
Hz!
Kz!
Jz!
Iz!
Nz!
Oz!
Qz!
fz!
Pz!
Mz!
Rz!
(z!
3|!
[{!
Yz!
Sz!
Zz!
[z!
\z!
]z!
^z!
_z!
`z!
bz!
Tz!
Wz!
az!
Uz!
Vz!
Xz!
ez!
cz!
gz!
nz!
oz!
pz!
jz!
kz!
lz!
mz!
qz!
rz!
sz!
tz!
uz!
vz!
hz!
iz!
wz!
xz!
#{!
${!
&{!
1{!
<{!
?{!
){!
*{!
+{!
,{!
-{!
.{!
/{!
0{!
2{!
3{!
4{!
5{!
6{!
7{!
8{!
9{!
:{!
;{!
={!
>{!
@{!
A{!
B{!
C{!
D{!
E{!
'{!
({!
F{!
"{!
}z!
|z!
H{!
I{!
J{!
K{!
L{!
G{!
M{!
o{!
Q{!
R{!
S{!
T{!
U{!
V{!
W{!
X{!
\{!
$z!
!{!
"z!
]{!
Z{!
zz!
O{!
^{!
e{!
f{!
g{!
a{!
b{!
c{!
d{!
h{!
i{!
j{!
k{!
l{!
m{!
_{!
`{!
n{!
{z!
4|!
N{!
p{!
w{!
x{!
y{!
s{!
t{!
u{!
v{!
z{!
{{!
|{!
}{!
!|!
"|!
q{!
r{!
#|!
*|!
+|!
,|!
&|!
'|!
(|!
)|!
-|!
.|!
/|!
0|!
1|!
2|!
$|!
%|!
5|!
6|!
7|!
8|!
9|!
:|!
;|!
<|!
?|!
@|!
E|!
F|!
I|!
D|!
R|!
M|!
N|!
O|!
P|!
Q|!
J|!
K|!
L|!
S|!
T|!
U|!
V|!
W!"
U!"
V!"
X!"
Y!"
Z!"
[!"
\!"
^!"
a!"
_!"
`!"
b!"
d!"
e!"
f!"
g!"
h!"
i!"
j!"
k!"
l!"
g&"
h&"
i&"
j&"
l&"
d&"
e&"
f&"
q&"
n&"
r&"
p&"
t&"
z&"
|&"
}&"
{&"
x&"
!'"
"'"
#'"
w&"
$'"
u&"
v&"
y&"
%'"
,'"
.'"
/'"
''"
&'"
-'"
0'"
1'"
2'"
3'"
('"
4'"
)'"
*'"
+'"
6'"
9'"
8'"
7'"
<'"
='"
?'"
T'"
>'"
;'"
@'"
s&"
!)"
I("
A'"
H'"
I'"
J'"
D'"
E'"
F'"
G'"
K'"
L'"
M'"
N'"
O'"
P'"
B'"
C'"
S'"
Q'"
U'"
\'"
]'"
^'"
X'"
Y'"
Z'"
['"
_'"
`'"
a'"
b'"
c'"
d'"
V'"
W'"
e'"
f'"
i'"
")"
H("
<("
m'"
k'"
j'"
G("
n'"
o'"
q'"
|'"
*("
-("
t'"
u'"
v'"
w'"
x'"
y'"
z'"
{'"
}'"
!("
"("
#("
$("
%("
&("
'("
(("
)("
+("
,("
.("
/("
0("
1("
2("
3("
r'"
s'"
6("
7("
8("
9("
:("
5("
;("
]("
?("
@("
A("
B("
C("
D("
E("
F("
J("
o&"
l'"
m&"
K("
h'"
=("
\("
L("
S("
T("
U("
O("
P("
Q("
R("
V("
W("
X("
Y("
Z("
[("
M("
N("
^("
e("
f("
g("
b("
c("
h("
d("
i("
j("
k("
l("
m("
_("
`("
a("
n("
u("
v("
w("
q("
r("
s("
t("
x("
y("
z("
{("
|("
}("
o("
p("
#)"
$)"
%)"
&)"
')"
()"
))"
*)"
-)"
.)"
2)"
)."
3)"
4)"
:)"
;)"
=)"
>)"
<)"
?)"
8)"
9)"
@)"
7."
6)"
-."
C)"
A)"
B)"
D)"
E)"
F)"
K)"
L)"
G)"
H)"
I)"
J)"
P)"
Q)"
R)"
S)"
U)"
M)"
N)"
O)"
V)"
k*"
W)"
N."
7)"
.."
X)"
Y)"
Z)"
t)"
[)"
\)"
])"
^)"
_)"
`)"
a)"
b)"
f)"
g)"
i)"
c)"
d)"
e)"
j)"
k)"
l)"
m)"
n)"
o)"
p)"
q)"
s)"
r)"
y)"
z)"
{)"
u)"
!*"
"*"
#*"
$*"
&*"
})"
%*"
|)"
'*"
v)"
w)"
x)"
(*"
)*"
+*"
0*"
-*"
/*"
2*"
3*"
4*"
7*"
5*"
6*"
:*"
,*"
8*"
9*"
.*"
1*"
<*"
=*"
?*"
;*"
B*"
C*"
D*"
G*"
E*"
F*"
I*"
J*"
H*"
>*"
@*"
A*"
K*"
R*"
S*"
T*"
M*"
N*"
O*"
Q*"
U*"
X*"
L*"
P*"
V*"
W*"
Y*"
Z*"
_*"
`*"
a*"
[*"
b*"
h*"
i*"
j*"
c*"
d*"
e*"
f*"
g*"
\*"
]*"
^*"
l*"
s*"
t*"
u*"
o*"
p*"
q*"
r*"
v*"
w*"
y*"
n*"
x*"
z*"
{*"
m*"
!+"
"+"
#+"
$+"
%+"
|*"
++"
.+"
&+"
'+"
(+"
)+"
*+"
,+"
-+"
}*"
1+"
4+"
7+"
8+"
3+"
5+"
6+"
0+"
9+"
>+"
?+"
2+"
:+"
;+"
<+"
=+"
@+"
A+"
D+"
F+"
E+"
G+"
H+"
C+"
I+"
J+"
M+"
N+"
L+"
O+"
P+"
R+"
S+"
T+"
U+"
V+"
W+"
X+"
Y+"
Z+"
^+"
_+"
`+"
a+"
c+"
[+"
\+"
]+"
h+"
e+"
i+"
g+"
k+"
q+"
s+"
t+"
m+"
p+"
*,"
|+"
r+"
o+"
u+"
v+"
w+"
n+"
y+"
z+"
#,"
%,"
$,"
}+"
!,"
+,"
&,"
',"
{+"
","
(,"
),"
x+"
l+"
-,"
0,"
/,"
.,"
3,"
4,"
6,"
K,"
5,"
2,"
7,"
j+"
u-"
@-"
8,"
?,"
@,"
A,"
;,"
<,"
=,"
>,"
B,"
C,"
D,"
E,"
F,"
G,"
9,"
:,"
J,"
H,"
L,"
S,"
T,"
U,"
O,"
P,"
Q,"
R,"
V,"
W,"
X,"
Y,"
Z,"
[,"
M,"
N,"
\,"
],"
e,"
f,"
h,"
s,"
!-"
$-"
k,"
l,"
m,"
n,"
o,"
p,"
q,"
r,"
t,"
u,"
v,"
w,"
x,"
y,"
z,"
{,"
|,"
},"
"-"
#-"
%-"
&-"
'-"
(-"
)-"
*-"
i,"
j,"
+-"
d,"
b,"
a,"
--"
.-"
/-"
0-"
1-"
,-"
2-"
T-"
6-"
7-"
8-"
9-"
:-"
;-"
<-"
=-"
A-"
f+"
c,"
d+"
B-"
?-"
_,"
4-"
C-"
J-"
K-"
L-"
F-"
G-"
H-"
I-"
M-"
N-"
O-"
P-"
Q-"
R-"
D-"
E-"
S-"
`,"
v-"
3-"
U-"
\-"
]-"
^-"
V-"
W-"
X-"
Y-"
Z-"
[-"
_-"
`-"
a-"
b-"
c-"
d-"
e-"
l-"
m-"
n-"
h-"
i-"
j-"
k-"
o-"
p-"
q-"
r-"
s-"
t-"
f-"
g-"
w-"
x-"
y-"
z-"
{-"
|-"
}-"
!."
$."
%."
*."
+."
2."
3."
4."
5."
6."
/."
0."
1."
:."
8."
9."
;."
<."
=."
B."
C."
>."
?."
@."
A."
G."
H."
I."
J."
L."
D."
E."
F."
M."
b/"
O."
P."
Q."
k."
R."
S."
T."
U."
V."
W."
X."
Y."
]."
^."
`."
Z."
[."
\."
a."
b."
c."
d."
e."
f."
g."
h."
j."
i."
m."
n."
o."
p."
q."
r."
l."
s."
t."
u."
v."
y."
w."
x."
z."
{."
|."
}."
"/"
)/"
&/"
'/"
*/"
+/"
./"
//"
-/"
1/"
#/"
$/"
0/"
%/"
(/"
,/"
3/"
4/"
6/"
2/"
9/"
:/"
;/"
>/"
</"
=/"
@/"
A/"
?/"
5/"
7/"
8/"
B/"
I/"
J/"
K/"
D/"
E/"
F/"
H/"
L/"
O/"
C/"
G/"
M/"
N/"
P/"
Q/"
V/"
W/"
X/"
R/"
Y/"
_/"
`/"
a/"
Z/"
[/"
\/"
]/"
^/"
S/"
T/"
U/"
c/"
j/"
k/"
l/"
f/"
g/"
h/"
i/"
m/"
n/"
p/"
e/"
o/"
q/"
r/"
d/"
u/"
v/"
w/"
x/"
y/"
s/"
"0"
%0"
z/"
{/"
|/"
}/"
!0"
#0"
$0"
t/"
(0"
+0"
.0"
/0"
*0"
,0"
-0"
'0"
00"
50"
60"
)0"
10"
20"
30"
40"
70"
80"
:0"
;0"
<0"
>0"
?0"
@0"
=0"
A0"
D0"
E0"
C0"
F0"
G0"
I0"
J0"
K0"
L0"
M0"
N0"
O0"
P0"
Q0"
R0"
Y0"
Z0"
[0"
U0"
V0"
W0"
X0"
\0"
]0"
^0"
_0"
`0"
a0"
S0"
T0"
b0"
i0"
j0"
k0"
e0"
f0"
g0"
h0"
l0"
m0"
n0"
o0"
p0"
q0"
c0"
d0"
G1"
H1"
I1"
J1"
K1"
L1"
M1"
N1"
O1"
P1"
Q1"
R1"
S1"
T1"
U1"
V1"
W1"
w1"
z1"
{1"
[1"
\1"
]1"
F1"
^1"
|1"
}1"
u1"
_1"
`1"
a1"
b1"
c1"
d1"
e1"
f1"
g1"
n1"
h1"
i1"
j1"
k1"
l1"
m1"
p1"
q1"
r1"
s1"
t1"
X1"
Y1"
Z1"
!2"
"2"
#2"
$2"
%2"
x1"
y1"
&2"
)2"
+2"
-2"
/2"
*2"
,2"
.2"
02"
12"
32"
v1"
o1"
22"
G2"
R2"
T2"
42"
52"
62"
72"
82"
'3"
o3"
x4"
92"
:2"
'2"
(2"
?2"
B2"
C2"
D2"
E2"
F2"
<2"
=2"
I2"
J2"
L2"
N2"
K2"
M2"
O2"
Q2"
P2"
S2"
w2"
x2"
U2"
V2"
W2"
X2"
Y2"
Z2"
[2"
H2"
^2"
_2"
`2"
a2"
b2"
j2"
@2"
A2"
c2"
k2"
\2"
]2"
d2"
e2"
f2"
g2"
h2"
i2"
;2"
>2"
o2"
p2"
q2"
r2"
s2"
t2"
u2"
v2"
z2"
l2"
m2"
n2"
!3"
{2"
}2"
"3"
$3"
%3"
#3"
&3"
.3"
/3"
23"
73"
13"
33"
|2"
y2"
43"
53"
63"
G3"
=3"
K3"
S3"
T3"
>3"
@3"
B3"
E3"
?3"
]3"
-3"
03"
C3"
:3"
;3"
<3"
D3"
J3"
L3"
M3"
F3"
H3"
I3"
N3"
O3"
g3"
q3"
v3"
P3"
83"
93"
A3"
Q3"
R3"
*3"
+3"
U3"
V3"
W3"
X3"
Y3"
Z3"
[3"
\3"
^3"
_3"
`3"
a3"
f3"
h3"
i3"
j3"
k3"
l3"
m3"
n3"
p3"
r3"
s3"
t3"
u3"
w3"
x3"
z3"
y3"
}3"
!4"
#4"
{3"
"4"
b3"
e3"
|3"
$4"
c3"
d3"
%4"
(3"
)3"
,3"
'4"
(4"
)4"
*4"
+4"
:4"
D4"
J4"
,4"
-4"
.4"
/4"
04"
a4"
l4"
"5"
14"
24"
34"
44"
74"
84"
94"
;4"
<4"
=4"
>4"
?4"
@4"
A4"
B4"
C4"
E4"
F4"
G4"
H4"
I4"
K4"
L4"
N4"
M4"
P4"
R4"
U4"
O4"
Q4"
T4"
X4"
S4"
W4"
Z4"
\4"
V4"
w4"
)5"
&4"
Y4"
[4"
54"
64"
]4"
^4"
d4"
e4"
c4"
h4"
m4"
n4"
f4"
g4"
i4"
j4"
k4"
_4"
`4"
b4"
o4"
p4"
q4"
r4"
s4"
t4"
u4"
v4"
|4"
}4"
l5"
m5"
!5"
#5"
$5"
%5"
&5"
-5"
.5"
/5"
'5"
(5"
*5"
,5"
05"
25"
45"
55"
65"
75"
85"
95"
:5"
&6"
(6"
{4"
;5"
<5"
=5"
>5"
@5"
A5"
D5"
H5"
B5"
F5"
G5"
+5"
C5"
15"
35"
?5"
J5"
K5"
L5"
M5"
N5"
O5"
R5"
S5"
Q5"
U5"
Y5"
Z5"
T5"
V5"
X5"
q5"
W5"
\5"
]5"
^5"
[5"
p5"
r5"
t5"
_5"
`5"
y4"
z4"
c5"
d5"
e5"
f5"
g5"
h5"
i5"
j5"
k5"
s5"
E5"
P5"
n5"
o5"
a5"
b5"
v5"
w5"
I5"
u5"
x5"
d6"
!6"
#6"
$6"
'6"
)6"
*6"
+6"
<6"
16"
26"
@6"
H6"
36"
56"
76"
:6"
46"
R6"
"6"
%6"
86"
,6"
/6"
06"
96"
?6"
A6"
B6"
;6"
=6"
>6"
C6"
D6"
\6"
f6"
k6"
E6"
-6"
.6"
66"
F6"
G6"
|5"
}5"
I6"
J6"
K6"
L6"
M6"
N6"
O6"
P6"
Q6"
S6"
T6"
U6"
[6"
]6"
^6"
_6"
`6"
a6"
b6"
c6"
e6"
g6"
h6"
i6"
j6"
l6"
m6"
o6"
n6"
r6"
s6"
u6"
p6"
t6"
W6"
Z6"
q6"
V6"
X6"
Y6"
v6"
}6"
/7"
97"
w6"
y5"
z5"
{5"
x6"
y6"
z6"
{6"
|6"
!7"
"7"
#7"
$7"
&7"
'7"
(7"
%7"
V7"
a7"
t7"
+7"
,7"
-7"
.7"
07"
17"
27"
37"
47"
57"
67"
77"
87"
H7"
L7"
O7"
:7"
;7"
<7"
=7"
>7"
@7"
A7"
C7"
?7"
B7"
E7"
G7"
D7"
F7"
I7"
M7"
J7"
K7"
l7"
{7"
N7"
P7"
)7"
*7"
R7"
S7"
Y7"
Z7"
W7"
X7"
]7"
b7"
[7"
\7"
^7"
_7"
`7"
Q7"
T7"
U7"
c7"
d7"
e7"
f7"
g7"
h7"
i7"
j7"
o7"
}7"
%8"
'8"
s7"
u7"
v7"
w7"
x7"
"8"
#8"
$8"
y7"
z7"
|7"
!8"
&8"
(8"
:8"
E8"
)8"
*8"
+8"
,8"
/8"
p7"
q7"
r7"
18"
28"
38"
58"
48"
78"
;8"
<8"
68"
98"
=8"
>8"
88"
C8"
D8"
G8"
?8"
@8"
A8"
B8"
F8"
J8"
N8"
O8"
H8"
I8"
K8"
M8"
L8"
Q8"
R8"
S8"
P8"
-8"
.8"
08"
T8"
U8"
m7"
n7"
!!!
"!!
#!!
$!!
%!!
&!!
'!!
(!!
)!!
*!!
+!!
,!!
-!!
.!!
5!!
6!!
7!!
1!!
2!!
3!!
4!!
8!!
9!!
:!!
;!!
<!!
=!!
/!!
0!!
>!!
E!!
F!!
G!!
A!!
B!!
C!!
D!!
H!!
I!!
J!!
K!!
L!!
M!!
?!!
@!!
N!!
U!!
O!!
P!!
Q!!
R!!
S!!
T!!
V!!
W!!
X!!
Y!!
Z!!
[!!
\!!
]!!
^!!
e!!
f!!
g!!
a!!
b!!
c!!
d!!
h!!
i!!
j!!
k!!
l!!
m!!
_!!
`!!
n!!
u!!
v!!
w!!
q!!
r!!
s!!
t!!
x!!
y!!
z!!
{!!
|!!
}!!
o!!
p!!
!"!
("!
)"!
*"!
$"!
%"!
&"!
'"!
+"!
,"!
-"!
."!
/"!
0"!
""!
#"!
1"!
8"!
9"!
:"!
4"!
5"!
6"!
7"!
;"!
<"!
="!
>"!
?"!
@"!
2"!
3"!
A"!
H"!
I"!
J"!
B"!
G"!
C"!
D"!
E"!
F"!
K"!
L"!
M"!
N"!
O"!
P"!
Q"!
X"!
Y"!
Z"!
T"!
U"!
V"!
W"!
["!
\"!
]"!
^"!
_"!
`"!
R"!
S"!
a"!
h"!
i"!
j"!
d"!
e"!
f"!
g"!
k"!
l"!
m"!
n"!
o"!
p"!
b"!
c"!
q"!
x"!
y"!
z"!
t"!
u"!
v"!
w"!
{"!
|"!
}"!
!#!
"#!
##!
r"!
s"!
$#!
+#!
,#!
-#!
'#!
(#!
)#!
*#!
.#!
/#!
0#!
1#!
2#!
3#!
%#!
&#!
4#!
;#!
<#!
=#!
7#!
8#!
9#!
:#!
>#!
?#!
@#!
A#!
B#!
C#!
5#!
6#!
D#!
K#!
L#!
M#!
G#!
H#!
I#!
J#!
N#!
O#!
P#!
Q#!
R#!
S#!
E#!
F#!
T#!
[#!
\#!
]#!
W#!
X#!
Y#!
Z#!
^#!
_#!
`#!
a#!
b#!
c#!
U#!
V#!
d#!
k#!
l#!
m#!
g#!
h#!
i#!
j#!
n#!
o#!
p#!
q#!
r#!
s#!
e#!
f#!
t#!
{#!
|#!
}#!
w#!
x#!
y#!
z#!
!$!
"$!
#$!
$$!
%$!
&$!
u#!
v#!
'$!
.$!
/$!
0$!
*$!
+$!
,$!
-$!
1$!
2$!
3$!
4$!
5$!
6$!
($!
)$!
7$!
>$!
?$!
@$!
:$!
;$!
<$!
=$!
A$!
B$!
C$!
D$!
E$!
F$!
8$!
9$!
G$!
N$!
O$!
P$!
J$!
M$!
K$!
L$!
Q$!
R$!
S$!
T$!
U$!
V$!
H$!
I$!
W$!
^$!
_$!
`$!
Z$!
[$!
\$!
]$!
a$!
b$!
c$!
d$!
e$!
f$!
X$!
Y$!
g$!
n$!
o$!
p$!
j$!
k$!
l$!
m$!
q$!
r$!
s$!
t$!
u$!
v$!
h$!
i$!
w$!
!%!
"%!
#%!
z$!
{$!
|$!
}$!
$%!
%%!
&%!
'%!
(%!
)%!
x$!
y$!
*%!
1%!
+%!
,%!
-%!
.%!
/%!
0%!
2%!
3%!
4%!
5%!
6%!
7%!
8%!
9%!
:%!
A%!
B%!
C%!
=%!
>%!
?%!
@%!
D%!
E%!
F%!
G%!
H%!
I%!
;%!
<%!
J%!
Q%!
R%!
S%!
M%!
N%!
O%!
P%!
T%!
U%!
V%!
W%!
X%!
Y%!
K%!
L%!
Z%!
a%!
b%!
c%!
[%!
\%!
]%!
^%!
_%!
`%!
d%!
e%!
f%!
g%!
h%!
i%!
j%!
q%!
r%!
s%!
m%!
n%!
o%!
p%!
t%!
u%!
v%!
w%!
x%!
y%!
k%!
l%!
z%!
$&!
%&!
&&!
}%!
!&!
"&!
#&!
'&!
(&!
)&!
*&!
+&!
,&!
{%!
|%!
-&!
4&!
5&!
6&!
0&!
1&!
2&!
3&!
7&!
8&!
9&!
:&!
;&!
<&!
.&!
/&!
=&!
D&!
E&!
F&!
@&!
A&!
B&!
C&!
G&!
H&!
I&!
J&!
K&!
L&!
>&!
?&!
M&!
T&!
U&!
V&!
P&!
Q&!
R&!
S&!
W&!
X&!
Y&!
Z&!
[&!
\&!
N&!
O&!
]&!
d&!
e&!
f&!
`&!
a&!
b&!
c&!
g&!
h&!
i&!
j&!
k&!
l&!
^&!
_&!
m&!
t&!
u&!
v&!
p&!
q&!
r&!
s&!
w&!
x&!
y&!
z&!
{&!
|&!
n&!
o&!
}&!
''!
('!
)'!
#'!
$'!
%'!
&'!
*'!
+'!
,'!
-'!
.'!
/'!
!'!
"'!
0'!
7'!
8'!
9'!
3'!
4'!
5'!
6'!
:'!
;'!
<'!
='!
>'!
?'!
1'!
2'!
@'!
G'!
H'!
I'!
C'!
D'!
E'!
F'!
J'!
K'!
L'!
M'!
N'!
O'!
A'!
B'!
P'!
W'!
X'!
Y'!
S'!
T'!
U'!
V'!
Z'!
['!
\'!
]'!
^'!
_'!
Q'!
R'!
`'!
g'!
h'!
i'!
c'!
d'!
e'!
f'!
j'!
k'!
l'!
m'!
n'!
o'!
a'!
b'!
p'!
w'!
x'!
y'!
s'!
t'!
u'!
v'!
z'!
{'!
|'!
}'!
!(!
"(!
q'!
r'!
#(!
*(!
+(!
,(!
&(!
'(!
((!
)(!
-(!
.(!
/(!
0(!
1(!
2(!
$(!
%(!
3(!
:(!
;(!
<(!
6(!
7(!
8(!
9(!
=(!
>(!
?(!
@(!
A(!
B(!
4(!
5(!
C(!
J(!
K(!
L(!
F(!
G(!
H(!
I(!
M(!
N(!
O(!
P(!
Q(!
R(!
D(!
E(!
S(!
Z(!
[(!
\(!
V(!
W(!
X(!
Y(!
](!
^(!
_(!
`(!
a(!
b(!
T(!
U(!
c(!
i(!
g(!
h(!
j(!
k(!
l(!
m(!
n(!
o(!
p(!
q(!
r(!
d(!
e(!
f(!
s(!
z(!
{(!
|(!
v(!
w(!
x(!
y(!
}(!
!)!
")!
#)!
$)!
%)!
t(!
u(!
&)!
-)!
.)!
/)!
))!
*)!
+)!
,)!
0)!
1)!
2)!
3)!
4)!
5)!
')!
()!
6)!
=)!
>)!
?)!
9)!
:)!
;)!
<)!
@)!
A)!
B)!
C)!
D)!
E)!
7)!
8)!
F)!
M)!
N)!
O)!
I)!
J)!
K)!
L)!
P)!
Q)!
R)!
S)!
T)!
U)!
G)!
H)!
V)!
])!
^)!
_)!
Y)!
Z)!
[)!
\)!
`)!
a)!
b)!
c)!
d)!
e)!
W)!
X)!
f)!
m)!
n)!
o)!
g)!
h)!
i)!
j)!
k)!
l)!
p)!
q)!
r)!
s)!
t)!
u)!
v)!
})!
!*!
"*!
y)!
z)!
{)!
|)!
#*!
$*!
%*!
&*!
'*!
(*!
w)!
x)!
)*!
0*!
1*!
2*!
,*!
-*!
.*!
/*!
3*!
4*!
5*!
6*!
7*!
8*!
**!
+*!
9*!
@*!
A*!
B*!
<*!
=*!
>*!
?*!
C*!
D*!
E*!
F*!
G*!
H*!
:*!
;*!
I*!
P*!
Q*!
R*!
L*!
M*!
N*!
O*!
S*!
T*!
U*!
V*!
W*!
X*!
J*!
K*!
Y*!
`*!
a*!
b*!
\*!
]*!
^*!
_*!
c*!
d*!
e*!
f*!
g*!
h*!
Z*!
[*!
i*!
p*!
q*!
r*!
l*!
m*!
n*!
o*!
s*!
t*!
u*!
v*!
w*!
x*!
j*!
k*!
y*!
#+!
{*!
|*!
}*!
!+!
$+!
"+!
%+!
&+!
'+!
(+!
)+!
*+!
++!
z*!
,+!
3+!
4+!
5+!
/+!
0+!
1+!
2+!
6+!
7+!
8+!
9+!
:+!
;+!
-+!
.+!
<+!
C+!
D+!
E+!
?+!
@+!
A+!
B+!
F+!
G+!
H+!
I+!
J+!
K+!
=+!
>+!
L+!
S+!
T+!
U+!
O+!
P+!
Q+!
R+!
V+!
W+!
X+!
Y+!
Z+!
[+!
M+!
N+!
\+!
c+!
d+!
e+!
_+!
`+!
a+!
b+!
f+!
g+!
h+!
i+!
j+!
k+!
]+!
^+!
l+!
s+!
t+!
u+!
o+!
p+!
q+!
r+!
v+!
w+!
x+!
y+!
z+!
{+!
m+!
n+!
|+!
&,!
',!
(,!
",!
#,!
$,!
%,!
),!
*,!
+,!
,,!
-,!
.,!
}+!
!,!
/,!
6,!
7,!
8,!
2,!
3,!
4,!
5,!
9,!
:,!
;,!
<,!
=,!
>,!
0,!
1,!
?,!
F,!
G,!
H,!
B,!
C,!
D,!
E,!
I,!
J,!
K,!
L,!
M,!
N,!
@,!
A,!
O,!
V,!
W,!
X,!
R,!
S,!
T,!
U,!
Y,!
Z,!
[,!
\,!
],!
^,!
P,!
Q,!
_,!
f,!
g,!
h,!
b,!
c,!
d,!
e,!
i,!
j,!
k,!
l,!
m,!
n,!
`,!
a,!
o,!
v,!
w,!
x,!
r,!
s,!
t,!
u,!
y,!
z,!
{,!
|,!
},!
!-!
p,!
q,!
"-!
)-!
*-!
+-!
&-!
'-!
,-!
(-!
--!
.-!
/-!
0-!
1-!
#-!
$-!
%-!
2-!
9-!
:-!
;-!
5-!
6-!
7-!
8-!
<-!
=-!
>-!
?-!
@-!
A-!
3-!
4-!
B-!
I-!
J-!
K-!
E-!
F-!
G-!
H-!
L-!
M-!
N-!
O-!
P-!
Q-!
C-!
D-!
R-!
Y-!
Z-!
[-!
U-!
V-!
W-!
X-!
\-!
]-!
^-!
_-!
`-!
a-!
S-!
T-!
b-!
i-!
j-!
k-!
e-!
f-!
g-!
h-!
l-!
m-!
n-!
o-!
p-!
q-!
c-!
d-!
r-!
y-!
z-!
{-!
u-!
v-!
w-!
x-!
|-!
}-!
!.!
".!
#.!
$.!
s-!
t-!
%.!
,.!
-.!
..!
(.!
).!
*.!
+.!
/.!
0.!
1.!
2.!
3.!
4.!
&.!
'.!
5.!
<.!
=.!
>.!
8.!
9.!
:.!
;.!
?.!
@.!
A.!
B.!
C.!
D.!
6.!
7.!
E.!
L.!
M.!
N.!
H.!
I.!
J.!
K.!
O.!
P.!
Q.!
R.!
S.!
T.!
F.!
G.!
U.!
\.!
].!
^.!
V.!
[.!
W.!
X.!
Y.!
Z.!
_.!
`.!
a.!
b.!
c.!
d.!
e.!
l.!
m.!
n.!
h.!
i.!
j.!
k.!
o.!
p.!
q.!
r.!
s.!
t.!
f.!
g.!
u.!
|.!
}.!
!/!
x.!
y.!
z.!
{.!
"/!
#/!
$/!
%/!
&/!
'/!
v.!
w.!
(/!
//!
0/!
1/!
*/!
+/!
,/!
-/!
2/!
3/!
4/!
./!
5/!
6/!
7/!
)/!
8/!
?/!
@/!
A/!
;/!
</!
=/!
>/!
B/!
C/!
D/!
E/!
F/!
G/!
9/!
:/!
H/!
O/!
P/!
Q/!
K/!
L/!
M/!
N/!
R/!
S/!
T/!
U/!
V/!
W/!
I/!
J/!
X/!
_/!
`/!
a/!
[/!
\/!
]/!
^/!
b/!
c/!
d/!
e/!
f/!
g/!
Y/!
Z/!
h/!
o/!
p/!
q/!
k/!
l/!
m/!
n/!
r/!
s/!
t/!
u/!
v/!
w/!
i/!
j/!
x/!
"0!
#0!
$0!
{/!
|/!
}/!
!0!
%0!
&0!
'0!
(0!
)0!
*0!
y/!
z/!
+0!
20!
30!
40!
.0!
/0!
00!
10!
50!
60!
70!
80!
90!
:0!
,0!
-0!
;0!
B0!
C0!
D0!
>0!
?0!
@0!
A0!
E0!
F0!
G0!
H0!
I0!
J0!
<0!
=0!
K0!
R0!
S0!
T0!
N0!
O0!
P0!
Q0!
U0!
V0!
W0!
X0!
Y0!
Z0!
L0!
M0!
[0!
b0!
c0!
d0!
^0!
_0!
`0!
a0!
e0!
f0!
g0!
h0!
i0!
j0!
\0!
]0!
k0!
r0!
s0!
t0!
n0!
o0!
p0!
q0!
u0!
v0!
w0!
x0!
y0!
z0!
l0!
m0!
{0!
%1!
&1!
'1!
!1!
"1!
#1!
$1!
(1!
)1!
*1!
+1!
,1!
-1!
|0!
}0!
.1!
51!
61!
71!
21!
31!
81!
91!
:1!
;1!
<1!
41!
=1!
/1!
01!
11!
>1!
E1!
F1!
G1!
A1!
B1!
C1!
D1!
H1!
I1!
J1!
K1!
L1!
M1!
?1!
@1!
N1!
U1!
V1!
W1!
Q1!
R1!
S1!
T1!
X1!
Y1!
Z1!
[1!
\1!
]1!
O1!
P1!
^1!
e1!
f1!
g1!
a1!
b1!
c1!
d1!
h1!
i1!
j1!
k1!
l1!
m1!
_1!
`1!
n1!
u1!
v1!
w1!
q1!
r1!
s1!
t1!
x1!
y1!
z1!
{1!
|1!
}1!
o1!
p1!
!2!
(2!
)2!
*2!
$2!
%2!
&2!
'2!
+2!
,2!
-2!
.2!
/2!
02!
"2!
#2!
12!
82!
22!
32!
42!
52!
62!
72!
92!
:2!
;2!
<2!
=2!
>2!
?2!
@2!
A2!
H2!
I2!
J2!
D2!
E2!
F2!
G2!
K2!
L2!
M2!
N2!
O2!
P2!
B2!
C2!
Q2!
X2!
Y2!
Z2!
T2!
U2!
V2!
W2!
[2!
\2!
]2!
^2!
_2!
`2!
R2!
S2!
a2!
h2!
i2!
j2!
d2!
e2!
f2!
g2!
k2!
l2!
m2!
n2!
o2!
p2!
b2!
c2!
q2!
x2!
y2!
z2!
t2!
u2!
v2!
w2!
{2!
|2!
}2!
!3!
"3!
#3!
r2!
s2!
$3!
+3!
,3!
-3!
'3!
(3!
)3!
*3!
.3!
/3!
03!
13!
23!
33!
%3!
&3!
43!
;3!
<3!
=3!
53!
:3!
63!
73!
83!
93!
>3!
?3!
@3!
A3!
B3!
C3!
D3!
K3!
L3!
M3!
G3!
H3!
I3!
J3!
N3!
O3!
P3!
Q3!
R3!
S3!
E3!
F3!
T3!
[3!
\3!
]3!
W3!
X3!
Y3!
Z3!
^3!
_3!
`3!
a3!
b3!
c3!
U3!
V3!
d3!
k3!
l3!
m3!
g3!
h3!
i3!
j3!
n3!
o3!
p3!
q3!
r3!
s3!
e3!
f3!
t3!
{3!
|3!
}3!
w3!
x3!
y3!
z3!
!4!
"4!
#4!
$4!
%4!
&4!
u3!
v3!
'4!
.4!
/4!
04!
*4!
+4!
,4!
-4!
14!
24!
34!
44!
54!
64!
(4!
)4!
74!
>4!
?4!
@4!
:4!
;4!
<4!
=4!
A4!
B4!
C4!
D4!
E4!
F4!
84!
94!
G4!
N4!
O4!
P4!
J4!
K4!
L4!
M4!
Q4!
R4!
S4!
T4!
U4!
V4!
H4!
I4!
W4!
^4!
_4!
`4!
Z4!
[4!
\4!
]4!
a4!
b4!
c4!
d4!
e4!
f4!
X4!
Y4!
g4!
n4!
o4!
p4!
j4!
k4!
l4!
m4!
q4!
r4!
s4!
t4!
u4!
v4!
h4!
i4!
w4!
!5!
"5!
#5!
z4!
{4!
|4!
}4!
$5!
%5!
&5!
'5!
(5!
)5!
x4!
y4!
*5!
15!
25!
35!
-5!
.5!
/5!
05!
45!
55!
65!
75!
85!
95!
+5!
,5!
:5!
A5!
B5!
C5!
=5!
>5!
?5!
@5!
D5!
E5!
F5!
G5!
H5!
I5!
;5!
<5!
J5!
Q5!
R5!
S5!
M5!
P5!
N5!
O5!
T5!
U5!
V5!
W5!
X5!
Y5!
K5!
L5!
Z5!
a5!
b5!
c5!
]5!
^5!
_5!
`5!
d5!
e5!
f5!
g5!
h5!
i5!
[5!
\5!
j5!
q5!
r5!
s5!
m5!
n5!
o5!
p5!
t5!
u5!
v5!
w5!
x5!
y5!
k5!
l5!
z5!
$6!
%6!
&6!
}5!
!6!
"6!
#6!
'6!
(6!
)6!
*6!
+6!
,6!
{5!
|5!
-6!
46!
56!
66!
06!
16!
26!
36!
76!
86!
96!
:6!
;6!
<6!
.6!
/6!
=6!
D6!
E6!
F6!
@6!
A6!
B6!
C6!
G6!
H6!
I6!
J6!
K6!
L6!
>6!
?6!
M6!
T6!
U6!
V6!
P6!
Q6!
R6!
S6!
W6!
X6!
Y6!
Z6!
[6!
\6!
N6!
O6!
]6!
d6!
e6!
f6!
^6!
_6!
`6!
a6!
b6!
c6!
g6!
h6!
i6!
j6!
k6!
l6!
m6!
t6!
u6!
v6!
p6!
q6!
r6!
s6!
w6!
x6!
y6!
z6!
{6!
|6!
n6!
o6!
}6!
'7!
(7!
)7!
#7!
$7!
%7!
&7!
*7!
+7!
,7!
-7!
.7!
/7!
!7!
"7!
07!
77!
87!
97!
37!
47!
57!
67!
:7!
;7!
<7!
=7!
>7!
?7!
17!
27!
@7!
G7!
H7!
I7!
C7!
D7!
E7!
F7!
J7!
K7!
L7!
M7!
N7!
O7!
A7!
B7!
P7!
W7!
X7!
Y7!
S7!
T7!
U7!
V7!
Z7!
[7!
\7!
]7!
^7!
_7!
Q7!
R7!
`7!
g7!
h7!
i7!
c7!
d7!
e7!
f7!
j7!
k7!
l7!
m7!
n7!
o7!
a7!
b7!
p7!
w7!
x7!
y7!
s7!
t7!
u7!
v7!
z7!
{7!
|7!
}7!
!8!
"8!
q7!
r7!
#8!
*8!
+8!
,8!
&8!
'8!
(8!
)8!
-8!
.8!
/8!
08!
18!
28!
$8!
%8!
38!
:8!
;8!
<8!
68!
78!
88!
98!
=8!
>8!
?8!
@8!
A8!
B8!
48!
58!
C8!
J8!
K8!
L8!
F8!
G8!
H8!
I8!
M8!
N8!
O8!
P8!
Q8!
R8!
D8!
E8!
S8!
Z8!
[8!
\8!
V8!
W8!
X8!
Y8!
]8!
^8!
_8!
`8!
a8!
b8!
T8!
U8!
c8!
j8!
k8!
l8!
f8!
g8!
h8!
i8!
m8!
n8!
o8!
p8!
q8!
r8!
d8!
e8!
s8!
z8!
{8!
|8!
v8!
w8!
x8!
y8!
}8!
!9!
"9!
#9!
$9!
%9!
t8!
u8!
&9!
-9!
.9!
/9!
)9!
*9!
+9!
,9!
09!
19!
29!
39!
49!
59!
'9!
(9!
69!
=9!
>9!
?9!
99!
:9!
;9!
<9!
@9!
A9!
B9!
C9!
D9!
E9!
79!
89!
F9!
M9!
N9!
O9!
I9!
J9!
K9!
L9!
P9!
Q9!
R9!
S9!
T9!
U9!
G9!
H9!
V9!
]9!
^9!
_9!
Y9!
Z9!
[9!
\9!
`9!
a9!
b9!
c9!
d9!
e9!
W9!
X9!
f9!
l9!
j9!
k9!
m9!
n9!
o9!
p9!
q9!
r9!
s9!
t9!
u9!
g9!
h9!
i9!
v9!
}9!
!:!
":!
y9!
z9!
{9!
|9!
#:!
$:!
%:!
&:!
':!
(:!
w9!
x9!
):!
0:!
1:!
2:!
,:!
-:!
.:!
/:!
3:!
4:!
5:!
6:!
7:!
8:!
*:!
+:!
9:!
@:!
A:!
B:!
<:!
=:!
>:!
?:!
C:!
D:!
E:!
F:!
G:!
H:!
::!
;:!
I:!
P:!
Q:!
R:!
L:!
M:!
N:!
O:!
S:!
T:!
U:!
V:!
W:!
X:!
J:!
K:!
Y:!
`:!
a:!
b:!
\:!
]:!
^:!
_:!
c:!
d:!
e:!
f:!
g:!
h:!
Z:!
[:!
i:!
p:!
q:!
r:!
j:!
k:!
l:!
m:!
n:!
o:!
s:!
t:!
u:!
v:!
w:!
x:!
y:!
#;!
$;!
%;!
|:!
}:!
!;!
";!
&;!
';!
(;!
);!
*;!
+;!
z:!
{:!
,;!
3;!
4;!
5;!
/;!
0;!
1;!
2;!
6;!
7;!
8;!
9;!
:;!
;;!
-;!
.;!
<;!
C;!
D;!
E;!
?;!
@;!
A;!
B;!
F;!
G;!
H;!
I;!
J;!
K;!
=;!
>;!
L;!
S;!
T;!
U;!
O;!
P;!
Q;!
R;!
V;!
W;!
X;!
Y;!
Z;!
[;!
M;!
N;!
\;!
c;!
d;!
e;!
_;!
`;!
a;!
b;!
f;!
g;!
h;!
i;!
j;!
k;!
];!
^;!
l;!
s;!
n;!
o;!
p;!
q;!
t;!
r;!
u;!
v;!
w;!
x;!
y;!
z;!
{;!
m;!
|;!
&<!
'<!
(<!
"<!
#<!
$<!
%<!
)<!
*<!
+<!
,<!
-<!
.<!
};!
!<!
/<!
6<!
7<!
8<!
2<!
3<!
4<!
5<!
9<!
:<!
;<!
<<!
=<!
><!
0<!
1<!
?<!
F<!
G<!
H<!
B<!
C<!
D<!
E<!
I<!
J<!
K<!
L<!
M<!
N<!
@<!
A<!
O<!
V<!
W<!
X<!
R<!
S<!
T<!
U<!
Y<!
Z<!
[<!
\<!
]<!
^<!
P<!
Q<!
_<!
f<!
g<!
h<!
b<!
c<!
d<!
e<!
i<!
j<!
k<!
l<!
m<!
n<!
`<!
a<!
o<!
v<!
w<!
x<!
r<!
s<!
t<!
u<!
y<!
z<!
{<!
|<!
}<!
!=!
p<!
q<!
"=!
)=!
*=!
+=!
%=!
&=!
'=!
(=!
,=!
-=!
.=!
/=!
0=!
1=!
#=!
$=!
2=!
9=!
:=!
;=!
5=!
6=!
7=!
8=!
<=!
==!
>=!
?=!
@=!
A=!
3=!
4=!
B=!
I=!
J=!
K=!
E=!
F=!
G=!
H=!
L=!
M=!
N=!
O=!
P=!
Q=!
C=!
D=!
R=!
Y=!
Z=!
[=!
U=!
V=!
W=!
X=!
\=!
]=!
^=!
_=!
`=!
a=!
S=!
T=!
b=!
i=!
j=!
k=!
e=!
f=!
g=!
h=!
l=!
m=!
n=!
o=!
p=!
q=!
c=!
d=!
r=!
y=!
z=!
{=!
u=!
v=!
w=!
x=!
|=!
}=!
!>!
">!
#>!
$>!
s=!
t=!
%>!
,>!
->!
.>!
)>!
*>!
/>!
+>!
0>!
1>!
2>!
3>!
4>!
&>!
'>!
(>!
5>!
<>!
=>!
>>!
8>!
9>!
:>!
;>!
?>!
@>!
A>!
B>!
C>!
D>!
6>!
7>!
E>!
L>!
M>!
N>!
H>!
I>!
J>!
K>!
O>!
P>!
Q>!
R>!
S>!
T>!
F>!
G>!
U>!
\>!
]>!
^>!
X>!
Y>!
Z>!
[>!
_>!
`>!
a>!
b>!
c>!
d>!
V>!
W>!
e>!
l>!
m>!
n>!
h>!
i>!
j>!
k>!
o>!
p>!
q>!
r>!
s>!
t>!
f>!
g>!
u>!
|>!
}>!
!?!
x>!
y>!
z>!
{>!
"?!
#?!
$?!
%?!
&?!
'?!
v>!
w>!
(?!
/?!
0?!
1?!
+?!
,?!
-?!
.?!
2?!
3?!
4?!
5?!
6?!
7?!
)?!
*?!
8?!
??!
@?!
A?!
;?!
<?!
=?!
>?!
B?!
C?!
D?!
E?!
F?!
G?!
9?!
:?!
H?!
O?!
P?!
Q?!
K?!
L?!
M?!
N?!
R?!
S?!
T?!
U?!
V?!
W?!
I?!
J?!
X?!
_?!
`?!
a?!
[?!
\?!
]?!
^?!
b?!
c?!
d?!
e?!
f?!
g?!
Y?!
Z?!
h?!
o?!
p?!
q?!
k?!
l?!
m?!
n?!
r?!
s?!
t?!
u?!
v?!
w?!
i?!
j?!
x?!
"@!
#@!
$@!
{?!
|?!
}?!
!@!
%@!
&@!
'@!
(@!
)@!
*@!
y?!
z?!
+@!
2@!
3@!
4@!
-@!
.@!
/@!
0@!
5@!
6@!
7@!
1@!
8@!
9@!
:@!
,@!
;@!
B@!
C@!
D@!
>@!
?@!
@@!
A@!
E@!
F@!
G@!
H@!
I@!
J@!
<@!
=@!
K@!
R@!
S@!
T@!
N@!
O@!
P@!
Q@!
U@!
V@!
W@!
X@!
Y@!
Z@!
L@!
M@!
[@!
b@!
c@!
d@!
^@!
_@!
`@!
a@!
e@!
f@!
g@!
h@!
i@!
j@!
\@!
]@!
k@!
r@!
s@!
t@!
n@!
o@!
p@!
q@!
u@!
v@!
w@!
x@!
y@!
z@!
l@!
m@!
{@!
%A!
&A!
'A!
!A!
"A!
#A!
$A!
(A!
)A!
*A!
+A!
,A!
-A!
|@!
}@!
.A!
5A!
6A!
7A!
1A!
2A!
3A!
4A!
8A!
9A!
:A!
;A!
<A!
=A!
/A!
0A!
>A!
EA!
FA!
GA!
AA!
BA!
CA!
DA!
HA!
IA!
JA!
KA!
LA!
MA!
?A!
@A!
NA!
UA!
VA!
WA!
QA!
RA!
SA!
TA!
XA!
YA!
ZA!
[A!
\A!
]A!
OA!
PA!
^A!
eA!
fA!
gA!
aA!
bA!
cA!
dA!
hA!
iA!
jA!
kA!
lA!
mA!
_A!
`A!
nA!
uA!
vA!
wA!
qA!
rA!
sA!
tA!
xA!
yA!
zA!
{A!
|A!
}A!
oA!
pA!
!B!
(B!
)B!
*B!
$B!
%B!
&B!
'B!
+B!
,B!
-B!
.B!
/B!
0B!
"B!
#B!
1B!
8B!
9B!
:B!
5B!
6B!
;B!
<B!
=B!
>B!
?B!
7B!
@B!
2B!
3B!
4B!
AB!
HB!
IB!
JB!
DB!
EB!
FB!
GB!
KB!
LB!
MB!
NB!
OB!
PB!
BB!
CB!
QB!
XB!
YB!
ZB!
TB!
UB!
VB!
WB!
[B!
\B!
]B!
^B!
_B!
`B!
RB!
SB!
aB!
hB!
iB!
jB!
dB!
eB!
fB!
gB!
kB!
lB!
mB!
nB!
oB!
pB!
bB!
cB!
qB!
xB!
yB!
zB!
tB!
uB!
vB!
wB!
{B!
|B!
}B!
!C!
"C!
#C!
rB!
sB!
$C!
+C!
,C!
-C!
'C!
(C!
)C!
*C!
.C!
/C!
0C!
1C!
2C!
3C!
%C!
&C!
4C!
;C!
5C!
6C!
7C!
8C!
9C!
:C!
<C!
=C!
>C!
?C!
@C!
AC!
BC!
CC!
DC!
KC!
LC!
MC!
GC!
HC!
IC!
JC!
NC!
OC!
PC!
QC!
RC!
SC!
EC!
FC!
TC!
[C!
\C!
]C!
WC!
ZC!
XC!
YC!
^C!
_C!
`C!
aC!
bC!
cC!
UC!
VC!
dC!
kC!
lC!
mC!
gC!
hC!
iC!
jC!
nC!
oC!
pC!
qC!
rC!
sC!
eC!
fC!
tC!
{C!
|C!
}C!
wC!
xC!
yC!
zC!
!D!
"D!
#D!
$D!
%D!
&D!
uC!
vC!
'D!
.D!
/D!
0D!
*D!
+D!
,D!
-D!
1D!
2D!
3D!
4D!
5D!
6D!
(D!
)D!
7D!
>D!
?D!
@D!
8D!
=D!
9D!
:D!
;D!
<D!
AD!
BD!
CD!
DD!
ED!
FD!
GD!
ND!
OD!
PD!
JD!
KD!
LD!
MD!
QD!
RD!
SD!
TD!
UD!
VD!
HD!
ID!
WD!
^D!
_D!
`D!
ZD!
[D!
\D!
]D!
aD!
bD!
cD!
dD!
eD!
fD!
XD!
YD!
gD!
nD!
oD!
pD!
jD!
kD!
lD!
mD!
qD!
rD!
sD!
tD!
uD!
vD!
hD!
iD!
wD!
!E!
"E!
#E!
zD!
{D!
|D!
}D!
$E!
%E!
&E!
'E!
(E!
)E!
xD!
yD!
*E!
1E!
2E!
3E!
-E!
.E!
/E!
0E!
4E!
5E!
6E!
7E!
8E!
9E!
+E!
,E!
:E!
AE!
BE!
CE!
=E!
>E!
?E!
@E!
DE!
EE!
FE!
GE!
HE!
IE!
;E!
<E!
JE!
QE!
RE!
SE!
ME!
NE!
OE!
PE!
TE!
UE!
VE!
WE!
XE!
YE!
KE!
LE!
ZE!
aE!
bE!
cE!
]E!
^E!
_E!
`E!
dE!
eE!
fE!
gE!
hE!
iE!
[E!
\E!
jE!
qE!
rE!
sE!
mE!
nE!
oE!
pE!
tE!
uE!
vE!
wE!
xE!
yE!
kE!
lE!
zE!
$F!
%F!
&F!
}E!
!F!
"F!
#F!
'F!
(F!
)F!
*F!
+F!
,F!
{E!
|E!
-F!
4F!
5F!
6F!
0F!
1F!
2F!
3F!
7F!
8F!
9F!
:F!
;F!
<F!
.F!
/F!
=F!
DF!
EF!
FF!
@F!
CF!
AF!
BF!
GF!
HF!
IF!
JF!
KF!
LF!
>F!
?F!
MF!
TF!
UF!
VF!
PF!
QF!
RF!
SF!
WF!
XF!
YF!
ZF!
[F!
\F!
NF!
OF!
]F!
dF!
eF!
fF!
`F!
aF!
bF!
cF!
gF!
hF!
iF!
jF!
kF!
lF!
^F!
_F!
mF!
tF!
uF!
vF!
pF!
qF!
rF!
sF!
wF!
xF!
yF!
zF!
{F!
|F!
nF!
oF!
}F!
'G!
(G!
)G!
#G!
$G!
%G!
&G!
*G!
+G!
,G!
-G!
.G!
/G!
!G!
"G!
0G!
7G!
8G!
9G!
3G!
4G!
5G!
6G!
:G!
;G!
<G!
=G!
>G!
?G!
1G!
2G!
@G!
GG!
HG!
IG!
CG!
DG!
EG!
FG!
JG!
KG!
LG!
MG!
NG!
OG!
AG!
BG!
PG!
WG!
XG!
YG!
SG!
TG!
UG!
VG!
ZG!
[G!
\G!
]G!
^G!
_G!
QG!
RG!
`G!
gG!
hG!
iG!
aG!
bG!
cG!
dG!
eG!
fG!
jG!
kG!
lG!
mG!
nG!
oG!
pG!
wG!
xG!
yG!
sG!
tG!
uG!
vG!
zG!
{G!
|G!
}G!
!H!
"H!
qG!
rG!
#H!
*H!
+H!
,H!
&H!
'H!
(H!
)H!
-H!
.H!
/H!
0H!
1H!
2H!
$H!
%H!
3H!
:H!
;H!
<H!
6H!
7H!
8H!
9H!
=H!
>H!
?H!
@H!
AH!
BH!
4H!
5H!
CH!
JH!
KH!
LH!
FH!
GH!
HH!
IH!
MH!
NH!
OH!
PH!
QH!
RH!
DH!
EH!
SH!
ZH!
[H!
\H!
VH!
WH!
XH!
YH!
]H!
^H!
_H!
`H!
aH!
bH!
TH!
UH!
cH!
jH!
kH!
lH!
fH!
gH!
hH!
iH!
mH!
nH!
oH!
pH!
qH!
rH!
dH!
eH!
sH!
zH!
{H!
|H!
vH!
wH!
xH!
yH!
}H!
!I!
"I!
#I!
$I!
%I!
tH!
uH!
&I!
-I!
.I!
/I!
)I!
*I!
+I!
,I!
0I!
1I!
2I!
3I!
4I!
5I!
'I!
(I!
6I!
=I!
>I!
?I!
9I!
:I!
;I!
<I!
@I!
AI!
BI!
CI!
DI!
EI!
7I!
8I!
FI!
MI!
NI!
OI!
II!
JI!
KI!
LI!
PI!
QI!
RI!
SI!
TI!
UI!
GI!
HI!
VI!
]I!
^I!
_I!
YI!
ZI!
[I!
\I!
`I!
aI!
bI!
cI!
dI!
eI!
WI!
XI!
fI!
mI!
nI!
oI!
iI!
jI!
kI!
lI!
pI!
qI!
rI!
sI!
tI!
uI!
gI!
hI!
vI!
}I!
!J!
"J!
yI!
zI!
{I!
|I!
#J!
$J!
%J!
&J!
'J!
(J!
wI!
xI!
)J!
0J!
1J!
2J!
,J!
-J!
.J!
/J!
3J!
4J!
5J!
6J!
7J!
8J!
*J!
+J!
9J!
@J!
AJ!
BJ!
<J!
=J!
>J!
?J!
CJ!
DJ!
EJ!
FJ!
GJ!
HJ!
:J!
;J!
IJ!
PJ!
QJ!
RJ!
LJ!
MJ!
NJ!
OJ!
SJ!
TJ!
UJ!
VJ!
WJ!
XJ!
JJ!
KJ!
YJ!
`J!
aJ!
bJ!
\J!
]J!
^J!
_J!
cJ!
dJ!
eJ!
fJ!
gJ!
hJ!
ZJ!
[J!
iJ!
oJ!
mJ!
nJ!
pJ!
qJ!
rJ!
sJ!
tJ!
uJ!
vJ!
wJ!
xJ!
jJ!
kJ!
lJ!
yJ!
#K!
$K!
%K!
|J!
}J!
!K!
"K!
&K!
'K!
(K!
)K!
*K!
+K!
zJ!
{J!
,K!
3K!
4K!
5K!
/K!
0K!
1K!
2K!
6K!
7K!
8K!
9K!
:K!
;K!
-K!
.K!
<K!
CK!
DK!
EK!
?K!
@K!
AK!
BK!
FK!
GK!
HK!
IK!
JK!
KK!
=K!
>K!
LK!
SK!
TK!
UK!
OK!
PK!
QK!
RK!
VK!
WK!
XK!
YK!
ZK!
[K!
MK!
NK!
\K!
cK!
dK!
eK!
_K!
`K!
aK!
bK!
fK!
gK!
hK!
iK!
jK!
kK!
]K!
^K!
lK!
sK!
tK!
uK!
mK!
nK!
oK!
pK!
qK!
rK!
vK!
wK!
xK!
yK!
zK!
{K!
|K!
&L!
'L!
(L!
"L!
#L!
$L!
%L!
)L!
*L!
+L!
,L!
-L!
.L!
}K!
!L!
/L!
6L!
7L!
8L!
2L!
3L!
4L!
5L!
9L!
:L!
;L!
<L!
=L!
>L!
0L!
1L!
?L!
FL!
GL!
HL!
BL!
CL!
DL!
EL!
IL!
JL!
KL!
LL!
ML!
NL!
@L!
AL!
OL!
VL!
WL!
XL!
RL!
SL!
TL!
UL!
YL!
ZL!
[L!
\L!
]L!
^L!
PL!
QL!
_L!
fL!
gL!
hL!
bL!
cL!
dL!
eL!
iL!
jL!
kL!
lL!
mL!
nL!
`L!
aL!
oL!
vL!
qL!
rL!
sL!
tL!
wL!
uL!
xL!
yL!
zL!
{L!
|L!
}L!
!M!
pL!
"M!
)M!
*M!
+M!
%M!
&M!
'M!
(M!
,M!
-M!
.M!
/M!
0M!
1M!
#M!
$M!
2M!
9M!
:M!
;M!
5M!
6M!
7M!
8M!
<M!
=M!
>M!
?M!
@M!
AM!
3M!
4M!
BM!
IM!
JM!
KM!
EM!
FM!
GM!
HM!
LM!
MM!
NM!
OM!
PM!
QM!
CM!
DM!
RM!
YM!
ZM!
[M!
UM!
VM!
WM!
XM!
\M!
]M!
^M!
_M!
`M!
aM!
SM!
TM!
bM!
iM!
jM!
kM!
eM!
fM!
gM!
hM!
lM!
mM!
nM!
oM!
pM!
qM!
cM!
dM!
rM!
yM!
zM!
{M!
uM!
vM!
wM!
xM!
|M!
}M!
!N!
"N!
#N!
$N!
sM!
tM!
%N!
,N!
-N!
.N!
(N!
)N!
*N!
+N!
/N!
0N!
1N!
2N!
3N!
4N!
&N!
'N!
5N!
<N!
=N!
>N!
8N!
9N!
:N!
;N!
?N!
@N!
AN!
BN!
CN!
DN!
6N!
7N!
EN!
LN!
MN!
NN!
HN!
IN!
JN!
KN!
ON!
PN!
QN!
RN!
SN!
TN!
FN!
GN!
UN!
\N!
]N!
^N!
XN!
YN!
ZN!
[N!
_N!
`N!
aN!
bN!
cN!
dN!
VN!
WN!
eN!
lN!
mN!
nN!
hN!
iN!
jN!
kN!
oN!
pN!
qN!
rN!
sN!
tN!
fN!
gN!
uN!
|N!
}N!
!O!
yN!
zN!
"O!
{N!
#O!
$O!
%O!
&O!
'O!
vN!
wN!
xN!
(O!
/O!
0O!
1O!
)O!
*O!
+O!
,O!
-O!
.O!
2O!
3O!
4O!
5O!
6O!
7O!
8O!
?O!
@O!
AO!
;O!
<O!
=O!
>O!
BO!
CO!
DO!
EO!
FO!
GO!
9O!
:O!
HO!
OO!
PO!
QO!
KO!
LO!
MO!
NO!
RO!
SO!
TO!
UO!
VO!
WO!
IO!
JO!
XO!
_O!
`O!
aO!
[O!
\O!
]O!
^O!
bO!
cO!
dO!
eO!
fO!
gO!
YO!
ZO!
hO!
oO!
pO!
qO!
kO!
lO!
mO!
nO!
rO!
sO!
tO!
uO!
vO!
wO!
iO!
jO!
xO!
"P!
#P!
$P!
{O!
|O!
}O!
!P!
%P!
&P!
'P!
(P!
)P!
*P!
yO!
zO!
+P!
2P!
3P!
4P!
.P!
/P!
0P!
1P!
5P!
6P!
7P!
8P!
9P!
:P!
,P!
-P!
;P!
BP!
CP!
DP!
>P!
?P!
@P!
AP!
EP!
FP!
GP!
HP!
IP!
JP!
<P!
=P!
KP!
RP!
SP!
TP!
NP!
OP!
PP!
QP!
UP!
VP!
WP!
XP!
YP!
ZP!
LP!
MP!
[P!
bP!
cP!
dP!
^P!
_P!
`P!
aP!
eP!
fP!
gP!
hP!
iP!
jP!
\P!
]P!
kP!
rP!
sP!
tP!
nP!
oP!
pP!
qP!
uP!
vP!
wP!
xP!
yP!
zP!
lP!
mP!
{P!
%Q!
&Q!
'Q!
!Q!
"Q!
#Q!
$Q!
(Q!
)Q!
*Q!
+Q!
,Q!
-Q!
|P!
}P!
.Q!
5Q!
6Q!
7Q!
0Q!
1Q!
2Q!
3Q!
8Q!
9Q!
:Q!
4Q!
;Q!
<Q!
=Q!
/Q!
>Q!
EQ!
FQ!
GQ!
AQ!
BQ!
CQ!
DQ!
HQ!
IQ!
JQ!
KQ!
LQ!
MQ!
?Q!
@Q!
NQ!
UQ!
VQ!
WQ!
QQ!
RQ!
SQ!
TQ!
XQ!
YQ!
ZQ!
[Q!
\Q!
]Q!
OQ!
PQ!
^Q!
eQ!
fQ!
gQ!
aQ!
bQ!
cQ!
dQ!
hQ!
iQ!
jQ!
kQ!
lQ!
mQ!
_Q!
`Q!
nQ!
uQ!
vQ!
wQ!
qQ!
rQ!
sQ!
tQ!
xQ!
yQ!
zQ!
{Q!
|Q!
}Q!
oQ!
pQ!
!R!
(R!
)R!
*R!
$R!
%R!
&R!
'R!
+R!
,R!
-R!
.R!
/R!
0R!
"R!
#R!
1R!
8R!
9R!
:R!
4R!
5R!
6R!
7R!
;R!
<R!
=R!
>R!
?R!
@R!
2R!
3R!
AR!
HR!
IR!
JR!
DR!
ER!
FR!
GR!
KR!
LR!
MR!
NR!
OR!
PR!
BR!
CR!
QR!
XR!
YR!
ZR!
TR!
UR!
VR!
WR!
[R!
\R!
]R!
^R!
_R!
`R!
RR!
SR!
aR!
hR!
iR!
jR!
dR!
eR!
fR!
gR!
kR!
lR!
mR!
nR!
oR!
pR!
bR!
cR!
qR!
xR!
yR!
zR!
tR!
uR!
vR!
wR!
{R!
|R!
}R!
!S!
"S!
#S!
rR!
sR!
$S!
+S!
,S!
-S!
'S!
(S!
)S!
*S!
.S!
/S!
0S!
1S!
2S!
3S!
%S!
&S!
4S!
;S!
<S!
=S!
8S!
9S!
>S!
?S!
@S!
AS!
BS!
:S!
CS!
5S!
6S!
7S!
DS!
KS!
LS!
MS!
GS!
HS!
IS!
JS!
NS!
OS!
PS!
QS!
RS!
SS!
ES!
FS!
TS!
[S!
\S!
]S!
WS!
XS!
YS!
ZS!
^S!
_S!
`S!
aS!
bS!
cS!
US!
VS!
dS!
kS!
lS!
mS!
gS!
hS!
iS!
jS!
nS!
oS!
pS!
qS!
rS!
sS!
eS!
fS!
tS!
{S!
|S!
}S!
wS!
xS!
yS!
zS!
!T!
"T!
#T!
$T!
%T!
&T!
uS!
vS!
'T!
.T!
/T!
0T!
*T!
+T!
,T!
-T!
1T!
2T!
3T!
4T!
5T!
6T!
(T!
)T!
7T!
>T!
8T!
9T!
:T!
;T!
<T!
=T!
?T!
@T!
AT!
BT!
CT!
DT!
ET!
FT!
GT!
NT!
OT!
PT!
JT!
KT!
LT!
MT!
QT!
RT!
ST!
TT!
UT!
VT!
HT!
IT!
WT!
^T!
_T!
`T!
ZT!
[T!
\T!
]T!
aT!
bT!
cT!
dT!
eT!
fT!
XT!
YT!
gT!
nT!
oT!
pT!
jT!
kT!
lT!
mT!
qT!
rT!
sT!
tT!
uT!
vT!
hT!
iT!
wT!
!U!
"U!
#U!
zT!
{T!
|T!
}T!
$U!
%U!
&U!
'U!
(U!
)U!
xT!
yT!
*U!
1U!
2U!
3U!
-U!
.U!
/U!
0U!
4U!
5U!
6U!
7U!
8U!
9U!
+U!
,U!
:U!
AU!
BU!
CU!
;U!
@U!
<U!
=U!
>U!
?U!
DU!
EU!
FU!
GU!
HU!
IU!
JU!
QU!
RU!
SU!
MU!
NU!
OU!
PU!
TU!
UU!
VU!
WU!
XU!
YU!
KU!
LU!
ZU!
aU!
bU!
cU!
]U!
^U!
_U!
`U!
dU!
eU!
fU!
gU!
hU!
iU!
[U!
\U!
jU!
qU!
rU!
sU!
mU!
nU!
oU!
pU!
tU!
uU!
vU!
wU!
xU!
yU!
kU!
lU!
zU!
$V!
%V!
&V!
}U!
!V!
"V!
#V!
'V!
(V!
)V!
*V!
+V!
,V!
{U!
|U!
-V!
4V!
5V!
6V!
0V!
1V!
2V!
3V!
7V!
8V!
9V!
:V!
;V!
<V!
.V!
/V!
=V!
DV!
EV!
FV!
@V!
AV!
BV!
CV!
GV!
HV!
IV!
JV!
KV!
LV!
>V!
?V!
MV!
TV!
UV!
VV!
PV!
QV!
RV!
SV!
WV!
XV!
YV!
ZV!
[V!
\V!
NV!
OV!
]V!
dV!
eV!
fV!
`V!
aV!
bV!
cV!
gV!
hV!
iV!
jV!
kV!
lV!
^V!
_V!
mV!
tV!
uV!
vV!
pV!
qV!
rV!
sV!
wV!
xV!
yV!
zV!
{V!
|V!
nV!
oV!
}V!
'W!
(W!
)W!
#W!
$W!
%W!
&W!
*W!
+W!
,W!
-W!
.W!
/W!
!W!
"W!
0W!
7W!
8W!
9W!
3W!
4W!
5W!
6W!
:W!
;W!
<W!
=W!
>W!
?W!
1W!
2W!
@W!
GW!
HW!
IW!
CW!
FW!
DW!
EW!
JW!
KW!
LW!
MW!
NW!
OW!
AW!
BW!
PW!
WW!
XW!
YW!
SW!
TW!
UW!
VW!
ZW!
[W!
\W!
]W!
^W!
_W!
QW!
RW!
`W!
gW!
hW!
iW!
cW!
dW!
eW!
fW!
jW!
kW!
lW!
mW!
nW!
oW!
aW!
bW!
pW!
wW!
xW!
yW!
sW!
tW!
uW!
vW!
zW!
{W!
|W!
}W!
!X!
"X!
qW!
rW!
#X!
*X!
+X!
,X!
&X!
'X!
(X!
)X!
-X!
.X!
/X!
0X!
1X!
2X!
$X!
%X!
3X!
:X!
;X!
<X!
6X!
7X!
8X!
9X!
=X!
>X!
?X!
@X!
AX!
BX!
4X!
5X!
CX!
JX!
KX!
LX!
DX!
EX!
FX!
GX!
HX!
IX!
MX!
NX!
OX!
PX!
QX!
RX!
SX!
ZX!
[X!
\X!
VX!
WX!
XX!
YX!
]X!
^X!
_X!
`X!
aX!
bX!
TX!
UX!
cX!
jX!
kX!
lX!
fX!
gX!
hX!
iX!
mX!
nX!
oX!
pX!
qX!
rX!
dX!
eX!
sX!
zX!
{X!
|X!
vX!
wX!
xX!
yX!
}X!
!Y!
"Y!
#Y!
$Y!
%Y!
tX!
uX!
&Y!
-Y!
.Y!
/Y!
)Y!
*Y!
+Y!
,Y!
0Y!
1Y!
2Y!
3Y!
4Y!
5Y!
'Y!
(Y!
6Y!
=Y!
>Y!
?Y!
9Y!
:Y!
;Y!
<Y!
@Y!
AY!
BY!
CY!
DY!
EY!
7Y!
8Y!
FY!
MY!
NY!
OY!
IY!
JY!
KY!
LY!
PY!
QY!
RY!
SY!
TY!
UY!
GY!
HY!
VY!
]Y!
^Y!
_Y!
YY!
ZY!
[Y!
\Y!
`Y!
aY!
bY!
cY!
dY!
eY!
WY!
XY!
fY!
mY!
nY!
oY!
iY!
jY!
kY!
lY!
pY!
qY!
rY!
sY!
tY!
uY!
gY!
hY!
vY!
}Y!
!Z!
"Z!
yY!
zY!
{Y!
|Y!
#Z!
$Z!
%Z!
&Z!
'Z!
(Z!
wY!
xY!
)Z!
0Z!
1Z!
2Z!
,Z!
-Z!
.Z!
/Z!
3Z!
4Z!
5Z!
6Z!
7Z!
8Z!
*Z!
+Z!
9Z!
@Z!
AZ!
BZ!
<Z!
=Z!
>Z!
?Z!
CZ!
DZ!
EZ!
FZ!
GZ!
HZ!
:Z!
;Z!
IZ!
PZ!
QZ!
RZ!
LZ!
MZ!
NZ!
OZ!
SZ!
TZ!
UZ!
VZ!
WZ!
XZ!
JZ!
KZ!
YZ!
`Z!
aZ!
bZ!
\Z!
]Z!
^Z!
_Z!
cZ!
dZ!
eZ!
fZ!
gZ!
hZ!
ZZ!
[Z!
iZ!
pZ!
qZ!
rZ!
lZ!
mZ!
nZ!
oZ!
sZ!
tZ!
uZ!
vZ!
wZ!
xZ!
jZ!
kZ!
yZ!
#[!
$[!
%[!
|Z!
}Z!
![!
"[!
&[!
'[!
([!
)[!
*[!
+[!
zZ!
{Z!
,[!
3[!
4[!
5[!
/[!
0[!
1[!
2[!
6[!
7[!
8[!
9[!
:[!
;[!
-[!
.[!
<[!
C[!
D[!
E[!
?[!
@[!
A[!
B[!
F[!
G[!
H[!
I[!
J[!
K[!
=[!
>[!
L[!
S[!
T[!
U[!
O[!
P[!
Q[!
R[!
V[!
W[!
X[!
Y[!
Z[!
[[!
M[!
N[!
\[!
c[!
d[!
e[!
_[!
`[!
a[!
b[!
f[!
g[!
h[!
i[!
j[!
k[!
][!
^[!
l[!
r[!
p[!
q[!
s[!
t[!
u[!
v[!
w[!
x[!
y[!
z[!
{[!
m[!
n[!
o[!
|[!
&\!
'\!
(\!
"\!
#\!
$\!
%\!
)\!
*\!
+\!
,\!
-\!
.\!
}[!
!\!
/\!
6\!
7\!
8\!
2\!
3\!
4\!
5\!
9\!
:\!
;\!
<\!
=\!
>\!
0\!
1\!
?\!
F\!
G\!
H\!
B\!
C\!
D\!
E\!
I\!
J\!
K\!
L\!
M\!
N\!
@\!
A\!
O\!
V\!
W\!
X\!
R\!
S\!
T\!
U\!
Y\!
Z\!
[\!
\\!
]\!
^\!
P\!
Q\!
_\!
f\!
g\!
h\!
b\!
c\!
d\!
e\!
i\!
j\!
k\!
l\!
m\!
n\!
`\!
a\!
o\!
v\!
w\!
x\!
p\!
q\!
r\!
s\!
t\!
u\!
y\!
z\!
{\!
|\!
}\!
!]!
"]!
)]!
*]!
+]!
%]!
&]!
']!
(]!
,]!
-]!
.]!
/]!
0]!
1]!
#]!
$]!
2]!
9]!
:]!
;]!
5]!
6]!
7]!
8]!
<]!
=]!
>]!
?]!
@]!
A]!
3]!
4]!
B]!
I]!
J]!
K]!
E]!
F]!
G]!
H]!
L]!
M]!
N]!
O]!
P]!
Q]!
C]!
D]!
R]!
Y]!
Z]!
[]!
U]!
V]!
W]!
X]!
\]!
]]!
^]!
_]!
`]!
a]!
S]!
T]!
b]!
i]!
j]!
k]!
e]!
f]!
g]!
h]!
l]!
m]!
n]!
o]!
p]!
q]!
c]!
d]!
r]!
y]!
t]!
u]!
v]!
w]!
z]!
x]!
{]!
|]!
}]!
!^!
"^!
#^!
$^!
s]!
%^!
,^!
-^!
.^!
(^!
)^!
*^!
+^!
/^!
0^!
1^!
2^!
3^!
4^!
&^!
'^!
5^!
<^!
=^!
>^!
8^!
9^!
:^!
;^!
?^!
@^!
A^!
B^!
C^!
D^!
6^!
7^!
E^!
L^!
M^!
N^!
H^!
I^!
J^!
K^!
O^!
P^!
Q^!
R^!
S^!
T^!
F^!
G^!
U^!
\^!
]^!
^^!
X^!
Y^!
Z^!
[^!
_^!
`^!
a^!
b^!
c^!
d^!
V^!
W^!
e^!
l^!
m^!
n^!
h^!
i^!
j^!
k^!
o^!
p^!
q^!
r^!
s^!
t^!
f^!
g^!
u^!
|^!
}^!
!_!
x^!
y^!
z^!
{^!
"_!
#_!
$_!
%_!
&_!
'_!
v^!
w^!
(_!
/_!
0_!
1_!
+_!
,_!
-_!
._!
2_!
3_!
4_!
5_!
6_!
7_!
)_!
*_!
8_!
?_!
@_!
A_!
;_!
<_!
=_!
>_!
B_!
C_!
D_!
E_!
F_!
G_!
9_!
:_!
H_!
O_!
P_!
Q_!
K_!
L_!
M_!
N_!
R_!
S_!
T_!
U_!
V_!
W_!
I_!
J_!
X_!
__!
`_!
a_!
[_!
\_!
]_!
^_!
b_!
c_!
d_!
e_!
f_!
g_!
Y_!
Z_!
h_!
o_!
p_!
q_!
k_!
l_!
m_!
n_!
r_!
s_!
t_!
u_!
v_!
w_!
i_!
j_!
x_!
"`!
#`!
$`!
|_!
}_!
%`!
!`!
&`!
'`!
(`!
)`!
*`!
y_!
z_!
{_!
+`!
2`!
3`!
4`!
.`!
/`!
0`!
1`!
5`!
6`!
7`!
8`!
9`!
:`!
,`!
-`!
;`!
B`!
C`!
D`!
>`!
?`!
@`!
A`!
E`!
F`!
G`!
H`!
I`!
J`!
<`!
=`!
K`!
R`!
S`!
T`!
N`!
O`!
P`!
Q`!
U`!
V`!
W`!
X`!
Y`!
Z`!
L`!
M`!
[`!
b`!
c`!
d`!
^`!
_`!
``!
a`!
e`!
f`!
g`!
h`!
i`!
j`!
\`!
]`!
k`!
r`!
s`!
t`!
n`!
o`!
p`!
q`!
u`!
v`!
w`!
x`!
y`!
z`!
l`!
m`!
{`!
%a!
&a!
'a!
!a!
"a!
#a!
$a!
(a!
)a!
*a!
+a!
,a!
-a!
|`!
}`!
.a!
5a!
6a!
7a!
1a!
2a!
3a!
4a!
8a!
9a!
:a!
;a!
<a!
=a!
/a!
0a!
>a!
Ea!
Fa!
Ga!
Aa!
Ba!
Ca!
Da!
Ha!
Ia!
Ja!
Ka!
La!
Ma!
?a!
@a!
Na!
Ua!
Va!
Wa!
Qa!
Ra!
Sa!
Ta!
Xa!
Ya!
Za!
[a!
\a!
]a!
Oa!
Pa!
^a!
ea!
fa!
ga!
aa!
ba!
ca!
da!
ha!
ia!
ja!
ka!
la!
ma!
_a!
`a!
na!
ua!
va!
wa!
qa!
ra!
sa!
ta!
xa!
ya!
za!
{a!
|a!
}a!
oa!
pa!
!b!
(b!
)b!
*b!
#b!
$b!
%b!
&b!
+b!
,b!
-b!
'b!
.b!
/b!
0b!
"b!
1b!
8b!
9b!
:b!
4b!
5b!
6b!
7b!
;b!
<b!
=b!
>b!
?b!
@b!
2b!
3b!
Ab!
Hb!
Ib!
Jb!
Db!
Eb!
Fb!
Gb!
Kb!
Lb!
Mb!
Nb!
Ob!
Pb!
Bb!
Cb!
Qb!
Xb!
Yb!
Zb!
Tb!
Ub!
Vb!
Wb!
[b!
\b!
]b!
^b!
_b!
`b!
Rb!
Sb!
ab!
hb!
ib!
jb!
db!
eb!
fb!
gb!
kb!
lb!
mb!
nb!
ob!
pb!
bb!
cb!
qb!
xb!
yb!
zb!
tb!
ub!
vb!
wb!
{b!
|b!
}b!
!c!
"c!
#c!
rb!
sb!
$c!
+c!
,c!
-c!
'c!
(c!
)c!
*c!
.c!
/c!
0c!
1c!
2c!
3c!
%c!
&c!
4c!
;c!
<c!
=c!
7c!
8c!
9c!
:c!
>c!
?c!
@c!
Ac!
Bc!
Cc!
5c!
6c!
Dc!
Kc!
Lc!
Mc!
Gc!
Hc!
Ic!
Jc!
Nc!
Oc!
Pc!
Qc!
Rc!
Sc!
Ec!
Fc!
Tc!
[c!
\c!
]c!
Wc!
Xc!
Yc!
Zc!
^c!
_c!
`c!
ac!
bc!
cc!
Uc!
Vc!
dc!
kc!
lc!
mc!
gc!
hc!
ic!
jc!
nc!
oc!
pc!
qc!
rc!
sc!
ec!
fc!
tc!
{c!
|c!
}c!
wc!
xc!
yc!
zc!
!d!
"d!
#d!
$d!
%d!
&d!
uc!
vc!
'd!
.d!
/d!
0d!
*d!
+d!
,d!
-d!
1d!
2d!
3d!
4d!
5d!
6d!
(d!
)d!
7d!
>d!
?d!
@d!
;d!
<d!
Ad!
Bd!
Cd!
Dd!
Ed!
=d!
Fd!
8d!
9d!
:d!
Gd!
Nd!
Od!
Pd!
Jd!
Kd!
Ld!
Md!
Qd!
Rd!
Sd!
Td!
Ud!
Vd!
Hd!
Id!
Wd!
^d!
_d!
`d!
Zd!
[d!
\d!
]d!
ad!
bd!
cd!
dd!
ed!
fd!
Xd!
Yd!
gd!
nd!
od!
pd!
jd!
kd!
ld!
md!
qd!
rd!
sd!
td!
ud!
vd!
hd!
id!
wd!
!e!
"e!
#e!
zd!
{d!
|d!
}d!
$e!
%e!
&e!
'e!
(e!
)e!
xd!
yd!
*e!
1e!
2e!
3e!
-e!
.e!
/e!
0e!
4e!
5e!
6e!
7e!
8e!
9e!
+e!
,e!
:e!
Ae!
;e!
<e!
=e!
>e!
?e!
@e!
Be!
Ce!
De!
Ee!
Fe!
Ge!
He!
Ie!
Je!
Qe!
Re!
Se!
Me!
Ne!
Oe!
Pe!
Te!
Ue!
Ve!
We!
Xe!
Ye!
Ke!
Le!
Ze!
ae!
be!
ce!
]e!
^e!
_e!
`e!
de!
ee!
fe!
ge!
he!
ie!
[e!
\e!
je!
qe!
re!
se!
me!
ne!
oe!
pe!
te!
ue!
ve!
we!
xe!
ye!
ke!
le!
ze!
$f!
%f!
&f!
}e!
!f!
"f!
#f!
'f!
(f!
)f!
*f!
+f!
,f!
{e!
|e!
-f!
4f!
5f!
6f!
0f!
1f!
2f!
3f!
7f!
8f!
9f!
:f!
;f!
<f!
.f!
/f!
=f!
Df!
Ef!
Ff!
>f!
Cf!
?f!
@f!
Af!
Bf!
Gf!
Hf!
If!
Jf!
Kf!
Lf!
Mf!
Tf!
Uf!
Vf!
Pf!
Qf!
Rf!
Sf!
Wf!
Xf!
Yf!
Zf!
[f!
\f!
Nf!
Of!
]f!
df!
ef!
ff!
`f!
af!
bf!
cf!
gf!
hf!
if!
jf!
kf!
lf!
^f!
_f!
mf!
tf!
uf!
vf!
pf!
qf!
rf!
sf!
wf!
xf!
yf!
zf!
{f!
|f!
nf!
of!
}f!
'g!
(g!
)g!
#g!
$g!
%g!
&g!
*g!
+g!
,g!
-g!
.g!
/g!
!g!
"g!
0g!
7g!
8g!
9g!
3g!
4g!
5g!
6g!
:g!
;g!
<g!
=g!
>g!
?g!
1g!
2g!
@g!
Gg!
Hg!
Ig!
Cg!
Dg!
Eg!
Fg!
Jg!
Kg!
Lg!
Mg!
Ng!
Og!
Ag!
Bg!
Pg!
Wg!
Xg!
Yg!
Sg!
Tg!
Ug!
Vg!
Zg!
[g!
\g!
]g!
^g!
_g!
Qg!
Rg!
`g!
gg!
hg!
ig!
cg!
dg!
eg!
fg!
jg!
kg!
lg!
mg!
ng!
og!
ag!
bg!
pg!
wg!
xg!
yg!
sg!
tg!
ug!
vg!
zg!
{g!
|g!
}g!
!h!
"h!
qg!
rg!
#h!
*h!
+h!
,h!
&h!
'h!
(h!
)h!
-h!
.h!
/h!
0h!
1h!
2h!
$h!
%h!
3h!
:h!
;h!
<h!
6h!
7h!
8h!
9h!
=h!
>h!
?h!
@h!
Ah!
Bh!
4h!
5h!
Ch!
Jh!
Kh!
Lh!
Fh!
Ih!
Gh!
Hh!
Mh!
Nh!
Oh!
Ph!
Qh!
Rh!
Dh!
Eh!
Sh!
Zh!
[h!
\h!
Vh!
Wh!
Xh!
Yh!
]h!
^h!
_h!
`h!
ah!
bh!
Th!
Uh!
ch!
jh!
kh!
lh!
fh!
gh!
hh!
ih!
mh!
nh!
oh!
ph!
qh!
rh!
dh!
eh!
sh!
zh!
{h!
|h!
vh!
wh!
xh!
yh!
}h!
!i!
"i!
#i!
$i!
%i!
th!
uh!
&i!
-i!
.i!
/i!
)i!
*i!
+i!
,i!
0i!
1i!
2i!
3i!
4i!
5i!
'i!
(i!
6i!
=i!
>i!
?i!
9i!
:i!
;i!
<i!
@i!
Ai!
Bi!
Ci!
Di!
Ei!
7i!
8i!
Fi!
Mi!
Ni!
Oi!
Gi!
Hi!
Ii!
Ji!
Ki!
Li!
Pi!
Qi!
Ri!
Si!
Ti!
Ui!
Vi!
]i!
^i!
_i!
Yi!
Zi!
[i!
\i!
`i!
ai!
bi!
ci!
di!
ei!
Wi!
Xi!
fi!
mi!
ni!
oi!
ii!
ji!
ki!
li!
pi!
qi!
ri!
si!
ti!
ui!
gi!
hi!
vi!
}i!
!j!
"j!
yi!
zi!
{i!
|i!
#j!
$j!
%j!
&j!
'j!
(j!
wi!
xi!
)j!
0j!
1j!
2j!
,j!
-j!
.j!
/j!
3j!
4j!
5j!
6j!
7j!
8j!
*j!
+j!
9j!
@j!
Aj!
Bj!
<j!
=j!
>j!
?j!
Cj!
Dj!
Ej!
Fj!
Gj!
Hj!
:j!
;j!
Ij!
Pj!
Qj!
Rj!
Lj!
Mj!
Nj!
Oj!
Sj!
Tj!
Uj!
Vj!
Wj!
Xj!
Jj!
Kj!
Yj!
`j!
aj!
bj!
\j!
]j!
^j!
_j!
cj!
dj!
ej!
fj!
gj!
hj!
Zj!
[j!
ij!
pj!
qj!
rj!
lj!
mj!
nj!
oj!
sj!
tj!
uj!
vj!
wj!
xj!
jj!
kj!
yj!
#k!
$k!
%k!
|j!
}j!
!k!
"k!
&k!
'k!
(k!
)k!
*k!
+k!
zj!
{j!
,k!
3k!
4k!
5k!
/k!
0k!
1k!
2k!
6k!
7k!
8k!
9k!
:k!
;k!
-k!
.k!
<k!
Ck!
Dk!
Ek!
?k!
@k!
Ak!
Bk!
Fk!
Gk!
Hk!
Ik!
Jk!
Kk!
=k!
>k!
Lk!
Sk!
Tk!
Uk!
Ok!
Pk!
Qk!
Rk!
Vk!
Wk!
Xk!
Yk!
Zk!
[k!
Mk!
Nk!
\k!
ck!
dk!
ek!
_k!
`k!
ak!
bk!
fk!
gk!
hk!
ik!
jk!
kk!
]k!
^k!
lk!
sk!
tk!
uk!
ok!
pk!
qk!
rk!
vk!
wk!
xk!
yk!
zk!
{k!
mk!
nk!
|k!
&l!
'l!
(l!
"l!
#l!
$l!
%l!
)l!
*l!
+l!
,l!
-l!
.l!
}k!
!l!
/l!
6l!
7l!
8l!
2l!
3l!
4l!
5l!
9l!
:l!
;l!
<l!
=l!
>l!
0l!
1l!
?l!
Fl!
Gl!
Hl!
Bl!
Cl!
Dl!
El!
Il!
Jl!
Kl!
Ll!
Ml!
Nl!
@l!
Al!
Ol!
Vl!
Wl!
Xl!
Rl!
Sl!
Tl!
Ul!
Yl!
Zl!
[l!
\l!
]l!
^l!
Pl!
Ql!
_l!
el!
cl!
dl!
fl!
gl!
hl!
il!
jl!
kl!
ll!
ml!
nl!
`l!
al!
bl!
ol!
vl!
wl!
xl!
rl!
sl!
tl!
ul!
yl!
zl!
{l!
|l!
}l!
!m!
pl!
ql!
"m!
)m!
*m!
+m!
%m!
&m!
'm!
(m!
,m!
-m!
.m!
/m!
0m!
1m!
#m!
$m!
2m!
9m!
:m!
;m!
5m!
6m!
7m!
8m!
<m!
=m!
>m!
?m!
@m!
Am!
3m!
4m!
Bm!
Im!
Jm!
Km!
Em!
Fm!
Gm!
Hm!
Lm!
Mm!
Nm!
Om!
Pm!
Qm!
Cm!
Dm!
Rm!
Ym!
Zm!
[m!
Um!
Vm!
Wm!
Xm!
\m!
]m!
^m!
_m!
`m!
am!
Sm!
Tm!
bm!
im!
jm!
km!
em!
fm!
gm!
hm!
lm!
mm!
nm!
om!
pm!
qm!
cm!
dm!
rm!
ym!
zm!
{m!
sm!
tm!
um!
vm!
wm!
xm!
|m!
}m!
!n!
"n!
#n!
$n!
%n!
,n!
-n!
.n!
(n!
)n!
*n!
+n!
/n!
0n!
1n!
2n!
3n!
4n!
&n!
'n!
5n!
<n!
=n!
>n!
8n!
9n!
:n!
;n!
?n!
@n!
An!
Bn!
Cn!
Dn!
6n!
7n!
En!
Ln!
Mn!
Nn!
Hn!
In!
Jn!
Kn!
On!
Pn!
Qn!
Rn!
Sn!
Tn!
Fn!
Gn!
Un!
\n!
]n!
^n!
Xn!
Yn!
Zn!
[n!
_n!
`n!
an!
bn!
cn!
dn!
Vn!
Wn!
en!
ln!
mn!
nn!
hn!
in!
jn!
kn!
on!
pn!
qn!
rn!
sn!
tn!
fn!
gn!
un!
|n!
wn!
xn!
yn!
zn!
}n!
{n!
!o!
"o!
#o!
$o!
%o!
&o!
'o!
vn!
(o!
/o!
0o!
1o!
+o!
,o!
-o!
.o!
2o!
3o!
4o!
5o!
6o!
7o!
)o!
*o!
8o!
?o!
@o!
Ao!
;o!
<o!
=o!
>o!
Bo!
Co!
Do!
Eo!
Fo!
Go!
9o!
:o!
Ho!
Oo!
Po!
Qo!
Ko!
Lo!
Mo!
No!
Ro!
So!
To!
Uo!
Vo!
Wo!
Io!
Jo!
Xo!
^o!
\o!
]o!
_o!
`o!
ao!
bo!
co!
do!
eo!
fo!
go!
Yo!
Zo!
[o!
ho!
oo!
po!
qo!
ko!
lo!
mo!
no!
ro!
so!
to!
uo!
vo!
wo!
io!
jo!
xo!
"p!
#p!
$p!
{o!
|o!
}o!
!p!
%p!
&p!
'p!
(p!
)p!
*p!
yo!
zo!
+p!
2p!
3p!
4p!
.p!
/p!
0p!
1p!
5p!
6p!
7p!
8p!
9p!
:p!
,p!
-p!
;p!
Bp!
Cp!
Dp!
>p!
?p!
@p!
Ap!
Ep!
Fp!
Gp!
Hp!
Ip!
Jp!
<p!
=p!
Kp!
Rp!
Sp!
Tp!
Np!
Op!
Pp!
Qp!
Up!
Vp!
Wp!
Xp!
Yp!
Zp!
Lp!
Mp!
[p!
bp!
cp!
dp!
^p!
_p!
`p!
ap!
ep!
fp!
gp!
hp!
ip!
jp!
\p!
]p!
kp!
rp!
sp!
tp!
lp!
mp!
np!
op!
pp!
qp!
up!
vp!
wp!
xp!
yp!
zp!
{p!
%q!
&q!
'q!
!q!
"q!
#q!
$q!
(q!
)q!
*q!
+q!
,q!
-q!
|p!
}p!
.q!
5q!
6q!
7q!
1q!
2q!
3q!
4q!
8q!
9q!
:q!
;q!
<q!
=q!
/q!
0q!
>q!
Eq!
Fq!
Gq!
Aq!
Bq!
Cq!
Dq!
Hq!
Iq!
Jq!
Kq!
Lq!
Mq!
?q!
@q!
Nq!
Uq!
Vq!
Wq!
Qq!
Rq!
Sq!
Tq!
Xq!
Yq!
Zq!
[q!
\q!
]q!
Oq!
Pq!
^q!
eq!
fq!
gq!
bq!
cq!
hq!
iq!
jq!
kq!
lq!
dq!
mq!
_q!
`q!
aq!
nq!
uq!
vq!
wq!
qq!
rq!
sq!
tq!
xq!
yq!
zq!
{q!
|q!
}q!
oq!
pq!
!r!
(r!
#r!
$r!
%r!
&r!
)r!
'r!
*r!
+r!
,r!
-r!
.r!
/r!
0r!
"r!
1r!
8r!
9r!
:r!
4r!
5r!
6r!
7r!
;r!
<r!
=r!
>r!
?r!
@r!
2r!
3r!
Ar!
Hr!
Ir!
Jr!
Dr!
Er!
Fr!
Gr!
Kr!
Lr!
Mr!
Nr!
Or!
Pr!
Br!
Cr!
Qr!
Xr!
Yr!
Zr!
Tr!
Ur!
Vr!
Wr!
[r!
\r!
]r!
^r!
_r!
`r!
Rr!
Sr!
ar!
hr!
ir!
jr!
dr!
er!
fr!
gr!
kr!
lr!
mr!
nr!
or!
pr!
br!
cr!
qr!
xr!
yr!
zr!
tr!
ur!
vr!
wr!
{r!
|r!
}r!
!s!
"s!
#s!
rr!
sr!
$s!
+s!
,s!
-s!
's!
(s!
)s!
*s!
.s!
/s!
0s!
1s!
2s!
3s!
%s!
&s!
4s!
;s!
<s!
=s!
7s!
8s!
9s!
:s!
>s!
?s!
@s!
As!
Bs!
Cs!
5s!
6s!
Ds!
Ks!
Ls!
Ms!
Gs!
Hs!
Is!
Js!
Ns!
Os!
Ps!
Qs!
Rs!
Ss!
Es!
Fs!
Ts!
[s!
\s!
]s!
Ws!
Xs!
Ys!
Zs!
^s!
_s!
`s!
as!
bs!
cs!
Us!
Vs!
ds!
ks!
ls!
ms!
gs!
hs!
is!
js!
ns!
os!
ps!
qs!
rs!
ss!
es!
fs!
ts!
{s!
|s!
}s!
ws!
xs!
ys!
zs!
!t!
"t!
#t!
$t!
%t!
&t!
us!
vs!
't!
.t!
/t!
0t!
+t!
,t!
1t!
-t!
2t!
3t!
4t!
5t!
6t!
(t!
)t!
*t!
7t!
>t!
?t!
@t!
:t!
;t!
<t!
=t!
At!
Bt!
Ct!
Dt!
Et!
Ft!
8t!
9t!
Gt!
Nt!
Ot!
Pt!
Jt!
Kt!
Lt!
Mt!
Qt!
Rt!
St!
Tt!
Ut!
Vt!
Ht!
It!
Wt!
^t!
_t!
`t!
Zt!
[t!
\t!
]t!
at!
bt!
ct!
dt!
et!
ft!
Xt!
Yt!
gt!
nt!
ot!
pt!
jt!
kt!
lt!
mt!
qt!
rt!
st!
tt!
ut!
vt!
ht!
it!
wt!
!u!
"u!
#u!
zt!
{t!
|t!
}t!
$u!
%u!
&u!
'u!
(u!
)u!
xt!
yt!
*u!
1u!
2u!
3u!
-u!
.u!
/u!
0u!
4u!
5u!
6u!
7u!
8u!
9u!
+u!
,u!
:u!
Au!
Bu!
Cu!
=u!
>u!
?u!
@u!
Du!
Eu!
Fu!
Gu!
Hu!
Iu!
;u!
<u!
Ju!
Qu!
Ru!
Su!
Mu!
Nu!
Ou!
Pu!
Tu!
Uu!
Vu!
Wu!
Xu!
Yu!
Ku!
Lu!
Zu!
au!
bu!
cu!
]u!
^u!
_u!
`u!
du!
eu!
fu!
gu!
hu!
iu!
[u!
\u!
ju!
qu!
ru!
su!
mu!
nu!
ou!
pu!
tu!
uu!
vu!
wu!
xu!
yu!
ku!
lu!
zu!
$v!
%v!
&v!
}u!
!v!
"v!
#v!
'v!
(v!
)v!
*v!
+v!
,v!
{u!
|u!
-v!
4v!
5v!
6v!
/v!
0v!
1v!
2v!
7v!
8v!
9v!
3v!
:v!
;v!
<v!
.v!
=v!
Dv!
Ev!
Fv!
@v!
Av!
Bv!
Cv!
Gv!
Hv!
Iv!
Jv!
Kv!
Lv!
>v!
?v!
Mv!
Tv!
Uv!
Vv!
Pv!
Qv!
Rv!
Sv!
Wv!
Xv!
Yv!
Zv!
[v!
\v!
Nv!
Ov!
]v!
dv!
ev!
fv!
`v!
av!
bv!
cv!
gv!
hv!
iv!
jv!
kv!
lv!
^v!
_v!
mv!
tv!
uv!
vv!
pv!
qv!
rv!
sv!
wv!
xv!
yv!
zv!
{v!
|v!
nv!
ov!
}v!
'w!
(w!
)w!
#w!
$w!
%w!
&w!
*w!
+w!
,w!
-w!
.w!
/w!
!w!
"w!
0w!
7w!
8w!
9w!
3w!
4w!
5w!
6w!
:w!
;w!
<w!
=w!
>w!
?w!
1w!
2w!
@w!
Gw!
Hw!
Iw!
Cw!
Dw!
Ew!
Fw!
Jw!
Kw!
Lw!
Mw!
Nw!
Ow!
Aw!
Bw!
Pw!
Ww!
Xw!
Yw!
Sw!
Tw!
Uw!
Vw!
Zw!
[w!
\w!
]w!
^w!
_w!
Qw!
Rw!
`w!
gw!
hw!
iw!
cw!
dw!
ew!
fw!
jw!
kw!
lw!
mw!
nw!
ow!
aw!
bw!
pw!
ww!
xw!
yw!
sw!
tw!
uw!
vw!
zw!
{w!
|w!
}w!
!x!
"x!
qw!
rw!
#x!
*x!
+x!
,x!
&x!
'x!
(x!
)x!
-x!
.x!
/x!
0x!
1x!
2x!
$x!
%x!
3x!
:x!
;x!
<x!
7x!
8x!
=x!
>x!
?x!
@x!
Ax!
9x!
Bx!
4x!
5x!
6x!
Cx!
Jx!
Kx!
Lx!
Fx!
Gx!
Hx!
Ix!
Mx!
Nx!
Ox!
Px!
Qx!
Rx!
Dx!
Ex!
Sx!
Zx!
[x!
\x!
Vx!
Wx!
Xx!
Yx!
]x!
^x!
_x!
`x!
ax!
bx!
Tx!
Ux!
cx!
jx!
kx!
lx!
fx!
gx!
hx!
ix!
mx!
nx!
ox!
px!
qx!
rx!
dx!
ex!
sx!
zx!
{x!
|x!
vx!
wx!
xx!
yx!
}x!
!y!
"y!
#y!
$y!
%y!
tx!
ux!
&y!
-y!
.y!
/y!
)y!
*y!
+y!
,y!
0y!
1y!
2y!
3y!
4y!
5y!
'y!
(y!
6y!
=y!
>y!
?y!
9y!
:y!
;y!
<y!
@y!
Ay!
By!
Cy!
Dy!
Ey!
7y!
8y!
Fy!
Gy!
Hy!
Iy!
Jy!
Ky!
Ly!
My!
Ny!
Oy!
Py!
Qy!
Ry!
Sy!
Ty!
Uy!
Vy!
Wy!
Xy!
Yy!
Zy!
[y!
\y!
]y!
^y!
_y!
`y!
ay!
by!
cy!
dy!
ey!
fy!
gy!
hy!
iy!
jy!
ky!
ly!
my!
ny!
oy!
py!
qy!
ry!
sy!
ty!
uy!
}y!
Gz!
Lz!
dz!
yz!
%{!
P{!
Y{!
=|!
>|!
A|!
B|!
C|!
G|!
H|!
Z|!
]|!
^|!
n|!
[|!
\|!
m|!
o|!
b|!
c|!
d|!
e|!
g|!
_|!
`|!
a|!
h|!
}}!
j|!
k|!
l|!
)}!
p|!
W|!
X|!
Y|!
q|!
r|!
s|!
t|!
x|!
y|!
{|!
u|!
v|!
w|!
||!
}|!
!}!
"}!
#}!
$}!
%}!
&}!
(}!
'}!
-}!
.}!
/}!
2}!
3}!
4}!
7}!
8}!
5}!
6}!
+}!
,}!
9}!
0}!
*}!
1}!
:}!
;}!
=}!
D}!
E}!
F}!
>}!
?}!
A}!
C}!
G}!
J}!
K}!
L}!
H}!
I}!
@}!
B}!
M}!
T}!
U}!
V}!
Q}!
R}!
X}!
Z}!
[}!
W}!
Y}!
S}!
\}!
N}!
O}!
P}!
a}!
b}!
]}!
d}!
e}!
l}!
^}!
`}!
f}!
g}!
h}!
i}!
j}!
k}!
_}!
c}!
s}!
m}!
t}!
{}!
u}!
v}!
w}!
x}!
y}!
z}!
p}!
q}!
|}!
n}!
o}!
r}!
!!"
(!"
)!"
*!"
"!"
$!"
%!"
&!"
'!"
+!"
.!"
#!"
,!"
-!"
/!"
0!"
2!"
3!"
4!"
5!"
6!"
7!"
1!"
:!"
8!"
9!"
=!"
>!"
;!"
<!"
?!"
@!"
C!"
I!"
J!"
K!"
F!"
G!"
H!"
B!"
L!"
M!"
N!"
Q!"
O!"
P!"
D!"
E!"
R!"
S!"
f|!
i|!
z|!
<}!
A!"
T!"
]!"
c!"
t!"
>""
C""
[""
p""
y""
G#"
P#"
4$"
5$"
8$"
9$"
p!"
q!"
r!"
s!"
u!"
m!"
n!"
o!"
z!"
w!"
{!"
y!"
"""
$""
%""
<""
&""
,""
)""
*""
+""
9""
:""
;""
-""
#""
.""
!""
0""
}!"
'""
(""
6""
1""
2""
3""
7""
8""
=""
4""
/""
5""
?""
B""
A""
@""
E""
F""
H""
]""
G""
D""
I""
|!"
*$"
R#"
P""
S""
V""
J""
Q""
T""
W""
X""
R""
U""
K""
L""
Y""
M""
N""
O""
\""
Z""
^""
e""
f""
g""
a""
b""
c""
d""
h""
i""
j""
k""
l""
m""
_""
`""
n""
o""
w""
x""
z""
(#"
3#"
6#"
}""
!#"
"#"
##"
$#"
%#"
&#"
'#"
)#"
*#"
+#"
,#"
-#"
.#"
/#"
0#"
1#"
2#"
4#"
5#"
7#"
8#"
9#"
:#"
;#"
<#"
{""
|""
=#"
v""
t""
s""
?#"
@#"
A#"
B#"
C#"
>#"
D#"
f#"
H#"
I#"
J#"
K#"
L#"
M#"
N#"
O#"
S#"
x!"
u""
v!"
T#"
Q#"
q""
F#"
U#"
\#"
]#"
^#"
X#"
Y#"
Z#"
[#"
_#"
`#"
a#"
b#"
c#"
d#"
V#"
W#"
e#"
r""
+$"
E#"
g#"
n#"
i#"
j#"
k#"
l#"
o#"
m#"
p#"
q#"
r#"
s#"
t#"
u#"
v#"
h#"
w#"
!$"
"$"
#$"
z#"
{#"
|#"
}#"
$$"
%$"
&$"
'$"
($"
)$"
x#"
y#"
,$"
-$"
.$"
/$"
0$"
1$"
2$"
3$"
6$"
7$"
<$"
=$"
@$"
;$"
I$"
A$"
B$"
C$"
D$"
E$"
F$"
H$"
G$"
L$"
J$"
K$"
M$"
L&"
M&"
O&"
S&"
N&"
P&"
Q&"
R&"
V&"
W&"
U&"
X&"
Y&"
[&"
\&"
]&"
^&"
_&"
`&"
a&"
b&"
c&"
:$"
>$"
?$"
N$"
O$"
T$"
P$"
Q$"
R$"
S$"
U$"
Y$"
Z$"
[$"
\$"
^$"
V$"
W$"
X$"
_$"
t%"
d$"
e$"
f$"
g$"
h$"
k$"
i$"
j$"
l$"
m$"
n$"
o$"
p$"
q$"
s$"
t$"
u$"
v$"
w$"
x$"
y$"
z$"
|$"
{$"
}$"
8&"
a$"
b$"
#%"
$%"
%%"
*%"
&%"
'%"
!%"
(%"
)%"
+%"
,%"
-%"
.%"
/%"
0%"
"%"
1%"
2%"
4%"
;%"
<%"
=%"
>%"
@%"
A%"
B%"
?%"
7%"
8%"
:%"
C%"
5%"
6%"
9%"
H%"
I%"
Q%"
G%"
L%"
M%"
N%"
O%"
D%"
K%"
P%"
J%"
R%"
S%"
E%"
F%"
T%"
[%"
\%"
]%"
V%"
X%"
Y%"
Z%"
W%"
^%"
_%"
`%"
a%"
b%"
c%"
U%"
d%"
k%"
l%"
m%"
g%"
h%"
i%"
j%"
n%"
q%"
s%"
f%"
o%"
p%"
r%"
e%"
u%"
|%"
}%"
$&"
!&"
"&"
#&"
%&"
&&"
w%"
x%"
{%"
'&"
v%"
y%"
z%"
(&"
/&"
2&"
3&"
)&"
*&"
,&"
-&"
+&"
.&"
0&"
1&"
4&"
5&"
6&"
7&"
<&"
>&"
?&"
9&"
=&"
@&"
A&"
B&"
C&"
G&"
H&"
;&"
D&"
E&"
F&"
:&"
J&"
K&"
]$"
`$"
c$"
r$"
3%"
I&"
T&"
Z&"
k&"
5'"
:'"
R'"
g'"
p'"
4("
>("
+)"
,)"
/)"
0)"
1)"
5)"
T)"
h)"
**"
/+"
B+"
K+"
Q+"
b+"
,,"
1,"
I,"
^,"
g,"
5-"
>-"
"."
#."
&."
'."
(."
,."
K."
_."
!/"
&0"
90"
B0"
H0"
r0"
s0"
t0"
u0"
v0"
w0"
x0"
y0"
z0"
{0"
|0"
}0"
!1"
"1"
#1"
$1"
%1"
&1"
'1"
(1"
)1"
*1"
+1"
,1"
-1"
.1"
/1"
01"
11"
21"
31"
41"
51"
61"
71"
81"
91"
:1"
;1"
<1"
=1"
>1"
?1"
@1"
A1"
B1"
C1"
D1"
E1"
k7"






























